
RAxML-NG v. 1.1.0 released on 29.11.2021 by The Exelixis Lab.
Developed by: Alexey M. Kozlov and Alexandros Stamatakis.
Contributors: Diego Darriba, Tomas Flouri, Benoit Morel, Sarah Lutteropp, Ben Bettisworth.
Latest version: https://github.com/amkozlov/raxml-ng
Questions/problems/suggestions? Please visit: https://groups.google.com/forum/#!forum/raxml

System: INTEL(R) XEON(R) PLATINUM 8592V, 128 cores, 2014 GB RAM

RAxML-NG was called at 22-Apr-2026 16:44:35 as follows:

/usr/local/bioinfo/raxml-ng-1.1.0/bin/raxml-ng --all --msa CifA_pair.fa --model JTT+G4 --prefix cifA --seed 5 --threads 24 --bs-trees 1000

Analysis options:
  run mode: ML tree search + bootstrapping (Felsenstein Bootstrap)
  start tree(s): random (10) + parsimony (10)
  bootstrap replicates: 1000
  random seed: 5
  tip-inner: OFF
  pattern compression: ON
  per-rate scalers: OFF
  site repeats: ON
  branch lengths: proportional (ML estimate, algorithm: NR-FAST)
  SIMD kernels: AVX2
  parallelization: coarse-grained (auto), PTHREADS (24 threads), thread pinning: OFF

[00:00:00] Reading alignment from file: CifA_pair.fa
[00:00:00] Loaded alignment with 17 taxa and 131 sites

WARNING: Sequences RNA-binding-like_Drosophila_ananassae_cHI_NW_025319039.1_cifB_NW_025319039.1_487595..490300 and RNA-binding-like_Drosophila_ananassae_cHI_NW_025319040.1_cifB_NW_025319040.1_368026..370731 are exactly identical!
WARNING: Sequences RNA-binding-like_Armadillidium_vulgare_WXf-1543_OJH31528.1_cifB_OJH31527.1 and RNA-binding-like_Armadillidium_vulgare_WXf-1543_OJH32250.1_cifB_OJH32251.1 are exactly identical!
WARNING: Sequences RNA-binding-like_Armadillidium_vulgare_WXf-1543_OJH31528.1_cifB_OJH31527.1 and RNA-binding-like_Armadillidium_vulgare_WXf-1543_OJH32953.1_cifB_OJH32952.1 are exactly identical!
WARNING: Duplicate sequences found: 3

NOTE: Reduced alignment (with duplicates and gap-only sites/taxa removed) 
NOTE: was saved to: /scratch/richon/Cif_pair/cifA.raxml.reduced.phy

Alignment comprises 1 partitions and 131 patterns

Partition 0: noname
Model: JTT+G4m
Alignment sites / patterns: 131 / 131
Gaps: 0.00 %
Invariant sites: 0.00 %


NOTE: Binary MSA file created: cifA.raxml.rba

Parallelization scheme autoconfig: 24 worker(s) x 1 thread(s)

Parallel reduction/worker buffer size: 1 KB  / 0 KB

[00:00:00] Generating 10 random starting tree(s) with 17 taxa
[00:00:00] Generating 10 parsimony starting tree(s) with 17 taxa
[00:00:00] Data distribution: max. partitions/sites/weight per thread: 1 / 131 / 10480
[00:00:00] Data distribution: max. searches per worker: 43

Starting ML tree search with 20 distinct starting trees

[00:00:01] [worker #17] ML tree search #18, logLikelihood: -3398.579185
[00:00:01] [worker #12] ML tree search #13, logLikelihood: -3398.579370
[00:00:01] [worker #14] ML tree search #15, logLikelihood: -3398.579323
[00:00:01] [worker #11] ML tree search #12, logLikelihood: -3398.579429
[00:00:01] [worker #15] ML tree search #16, logLikelihood: -3398.579367
[00:00:01] [worker #18] ML tree search #19, logLikelihood: -3398.579411
[00:00:01] [worker #13] ML tree search #14, logLikelihood: -3398.579436
[00:00:01] [worker #10] ML tree search #11, logLikelihood: -3398.579484
[00:00:01] [worker #19] ML tree search #20, logLikelihood: -3398.579736
[00:00:01] [worker #8] ML tree search #9, logLikelihood: -3398.579654
[00:00:01] [worker #9] ML tree search #10, logLikelihood: -3398.584294
[00:00:01] [worker #2] ML tree search #3, logLikelihood: -3398.580496
[00:00:01] [worker #6] ML tree search #7, logLikelihood: -3398.582545
[00:00:01] [worker #5] ML tree search #6, logLikelihood: -3398.585167
[00:00:01] [worker #7] ML tree search #8, logLikelihood: -3398.584065
[00:00:01] [worker #0] ML tree search #1, logLikelihood: -3398.580969
[00:00:01] [worker #16] ML tree search #17, logLikelihood: -3398.579286
[00:00:01] [worker #1] ML tree search #2, logLikelihood: -3398.580192
[00:00:01] [worker #4] ML tree search #5, logLikelihood: -3398.582260
[00:00:01] [worker #3] ML tree search #4, logLikelihood: -3398.580111

[00:00:01] ML tree search completed, best tree logLH: -3398.579185

[00:00:01] Starting bootstrapping analysis with 1000 replicates.

[00:00:02] [worker #17] Bootstrap tree #18, logLikelihood: -3338.778337
[00:00:02] [worker #21] Bootstrap tree #22, logLikelihood: -3424.121925
[00:00:02] [worker #23] Bootstrap tree #24, logLikelihood: -3233.199298
[00:00:02] [worker #4] Bootstrap tree #5, logLikelihood: -3438.002526
[00:00:02] [worker #6] Bootstrap tree #7, logLikelihood: -3337.976259
[00:00:02] [worker #0] Bootstrap tree #1, logLikelihood: -3440.355537
[00:00:02] [worker #3] Bootstrap tree #4, logLikelihood: -3340.555852
[00:00:02] [worker #9] Bootstrap tree #10, logLikelihood: -3344.852182
[00:00:02] [worker #1] Bootstrap tree #2, logLikelihood: -3395.230745
[00:00:02] [worker #18] Bootstrap tree #19, logLikelihood: -3381.648575
[00:00:02] [worker #5] Bootstrap tree #6, logLikelihood: -3388.637886
[00:00:02] [worker #2] Bootstrap tree #3, logLikelihood: -3383.053007
[00:00:02] [worker #8] Bootstrap tree #9, logLikelihood: -3518.688323
[00:00:02] [worker #22] Bootstrap tree #23, logLikelihood: -3457.098538
[00:00:02] [worker #13] Bootstrap tree #14, logLikelihood: -3407.089074
[00:00:02] [worker #7] Bootstrap tree #8, logLikelihood: -3413.300202
[00:00:02] [worker #14] Bootstrap tree #15, logLikelihood: -3390.085645
[00:00:02] [worker #10] Bootstrap tree #11, logLikelihood: -3300.289979
[00:00:03] [worker #19] Bootstrap tree #20, logLikelihood: -3275.658917
[00:00:03] [worker #12] Bootstrap tree #13, logLikelihood: -3384.249808
[00:00:03] [worker #16] Bootstrap tree #17, logLikelihood: -3337.671731
[00:00:03] [worker #11] Bootstrap tree #12, logLikelihood: -3306.009731
[00:00:03] [worker #20] Bootstrap tree #21, logLikelihood: -3279.515634
[00:00:03] [worker #15] Bootstrap tree #16, logLikelihood: -3314.876918
[00:00:03] [worker #6] Bootstrap tree #31, logLikelihood: -3429.497137
[00:00:03] [worker #23] Bootstrap tree #48, logLikelihood: -3356.969126
[00:00:03] [worker #4] Bootstrap tree #29, logLikelihood: -3312.109037
[00:00:03] [worker #9] Bootstrap tree #34, logLikelihood: -3245.748511
[00:00:03] [worker #22] Bootstrap tree #47, logLikelihood: -3328.878849
[00:00:03] [worker #0] Bootstrap tree #25, logLikelihood: -3327.807192
[00:00:03] [worker #3] Bootstrap tree #28, logLikelihood: -3371.372587
[00:00:03] [worker #21] Bootstrap tree #46, logLikelihood: -3225.828717
[00:00:03] [worker #7] Bootstrap tree #32, logLikelihood: -3441.363240
[00:00:03] [worker #1] Bootstrap tree #26, logLikelihood: -3465.429065
[00:00:03] [worker #10] Bootstrap tree #35, logLikelihood: -3388.546415
[00:00:04] [worker #14] Bootstrap tree #39, logLikelihood: -3318.870967
[00:00:04] [worker #8] Bootstrap tree #33, logLikelihood: -3499.448217
[00:00:04] [worker #5] Bootstrap tree #30, logLikelihood: -3341.848903
[00:00:04] [worker #17] Bootstrap tree #42, logLikelihood: -3462.305353
[00:00:04] [worker #19] Bootstrap tree #44, logLikelihood: -3450.795092
[00:00:04] [worker #13] Bootstrap tree #38, logLikelihood: -3365.552907
[00:00:04] [worker #12] Bootstrap tree #37, logLikelihood: -3360.935172
[00:00:04] [worker #2] Bootstrap tree #27, logLikelihood: -3261.976819
[00:00:04] [worker #20] Bootstrap tree #45, logLikelihood: -3363.260625
[00:00:04] [worker #11] Bootstrap tree #36, logLikelihood: -3482.016144
[00:00:04] [worker #16] Bootstrap tree #41, logLikelihood: -3257.849995
[00:00:04] [worker #15] Bootstrap tree #40, logLikelihood: -3344.491849
[00:00:04] [worker #18] Bootstrap tree #43, logLikelihood: -3311.525429
[00:00:04] [worker #1] Bootstrap tree #50, logLikelihood: -3357.754220
[00:00:05] [worker #0] Bootstrap tree #49, logLikelihood: -3388.521255
[00:00:06] [worker #3] Bootstrap tree #52, logLikelihood: -3375.040532
[00:00:06] [worker #10] Bootstrap tree #59, logLikelihood: -3312.913656
[00:00:06] [worker #9] Bootstrap tree #58, logLikelihood: -3382.848054
[00:00:06] [worker #15] Bootstrap tree #64, logLikelihood: -3357.491014
[00:00:06] [worker #12] Bootstrap tree #61, logLikelihood: -3281.179018
[00:00:06] [worker #18] Bootstrap tree #67, logLikelihood: -3351.441212
[00:00:06] [worker #8] Bootstrap tree #57, logLikelihood: -3380.576283
[00:00:06] [worker #0] Bootstrap tree #73, logLikelihood: -3443.772846
[00:00:06] [worker #4] Bootstrap tree #53, logLikelihood: -3475.635988
[00:00:06] [worker #21] Bootstrap tree #70, logLikelihood: -3339.939503
[00:00:06] [worker #17] Bootstrap tree #66, logLikelihood: -3404.405133
[00:00:06] [worker #14] Bootstrap tree #63, logLikelihood: -3389.514600
[00:00:06] [worker #5] Bootstrap tree #54, logLikelihood: -3353.213437
[00:00:06] [worker #11] Bootstrap tree #60, logLikelihood: -3364.279515
[00:00:06] [worker #22] Bootstrap tree #71, logLikelihood: -3431.251954
[00:00:06] [worker #1] Bootstrap tree #74, logLikelihood: -3442.681305
[00:00:06] [worker #23] Bootstrap tree #72, logLikelihood: -3293.528006
[00:00:06] [worker #7] Bootstrap tree #56, logLikelihood: -3400.145889
[00:00:06] [worker #19] Bootstrap tree #68, logLikelihood: -3318.424125
[00:00:06] [worker #2] Bootstrap tree #51, logLikelihood: -3338.945894
[00:00:06] [worker #6] Bootstrap tree #55, logLikelihood: -3418.189798
[00:00:06] [worker #13] Bootstrap tree #62, logLikelihood: -3309.725286
[00:00:06] [worker #20] Bootstrap tree #69, logLikelihood: -3367.198421
[00:00:06] [worker #16] Bootstrap tree #65, logLikelihood: -3448.958111
[00:00:07] [worker #15] Bootstrap tree #88, logLikelihood: -3374.367619
[00:00:07] [worker #9] Bootstrap tree #82, logLikelihood: -3365.479166
[00:00:07] [worker #3] Bootstrap tree #76, logLikelihood: -3301.778220
[00:00:07] [worker #18] Bootstrap tree #91, logLikelihood: -3482.040180
[00:00:07] [worker #10] Bootstrap tree #83, logLikelihood: -3304.201786
[00:00:07] [worker #4] Bootstrap tree #77, logLikelihood: -3416.443563
[00:00:07] [worker #17] Bootstrap tree #90, logLikelihood: -3286.342273
[00:00:07] [worker #21] Bootstrap tree #94, logLikelihood: -3264.362553
[00:00:07] [worker #8] Bootstrap tree #81, logLikelihood: -3296.620133
[00:00:07] [worker #22] Bootstrap tree #95, logLikelihood: -3253.289824
[00:00:07] [worker #5] Bootstrap tree #78, logLikelihood: -3391.110042
[00:00:07] [worker #14] Bootstrap tree #87, logLikelihood: -3411.220169
[00:00:07] [worker #23] Bootstrap tree #96, logLikelihood: -3458.047280
[00:00:07] [worker #0] Bootstrap tree #97, logLikelihood: -3450.718867
[00:00:07] [worker #7] Bootstrap tree #80, logLikelihood: -3274.519119
[00:00:07] [worker #1] Bootstrap tree #98, logLikelihood: -3472.344613
[00:00:07] [worker #12] Bootstrap tree #85, logLikelihood: -3350.943392
[00:00:07] [worker #6] Bootstrap tree #79, logLikelihood: -3394.949734
[00:00:07] [worker #2] Bootstrap tree #75, logLikelihood: -3433.739581
[00:00:07] [worker #13] Bootstrap tree #86, logLikelihood: -3437.860703
[00:00:07] [worker #11] Bootstrap tree #84, logLikelihood: -3345.512794
[00:00:07] [worker #16] Bootstrap tree #89, logLikelihood: -3320.819972
[00:00:08] [worker #3] Bootstrap tree #100, logLikelihood: -3406.119348
[00:00:08] [worker #19] Bootstrap tree #92, logLikelihood: -3325.750280
[00:00:08] [worker #20] Bootstrap tree #93, logLikelihood: -3391.994931
[00:00:08] [worker #2] Bootstrap tree #99, logLikelihood: -3301.252599
[00:00:09] [worker #19] Bootstrap tree #116, logLikelihood: -3307.072668
[00:00:09] [worker #21] Bootstrap tree #118, logLikelihood: -3398.371189
[00:00:09] [worker #1] Bootstrap tree #122, logLikelihood: -3366.032690
[00:00:09] [worker #18] Bootstrap tree #115, logLikelihood: -3373.844782
[00:00:09] [worker #23] Bootstrap tree #120, logLikelihood: -3455.614442
[00:00:09] [worker #22] Bootstrap tree #119, logLikelihood: -3414.109712
[00:00:09] [worker #17] Bootstrap tree #114, logLikelihood: -3362.279056
[00:00:09] [worker #10] Bootstrap tree #107, logLikelihood: -3423.468994
[00:00:09] [worker #13] Bootstrap tree #110, logLikelihood: -3292.374872
[00:00:09] [worker #11] Bootstrap tree #108, logLikelihood: -3369.344621
[00:00:09] [worker #20] Bootstrap tree #117, logLikelihood: -3398.839436
[00:00:09] [worker #12] Bootstrap tree #109, logLikelihood: -3519.039852
[00:00:09] [worker #6] Bootstrap tree #103, logLikelihood: -3436.374480
[00:00:10] [worker #3] Bootstrap tree #124, logLikelihood: -3420.947463
[00:00:10] [worker #16] Bootstrap tree #113, logLikelihood: -3502.717973
[00:00:10] [worker #9] Bootstrap tree #106, logLikelihood: -3415.002399
[00:00:10] [worker #2] Bootstrap tree #123, logLikelihood: -3466.268421
[00:00:10] [worker #5] Bootstrap tree #102, logLikelihood: -3382.155721
[00:00:10] [worker #4] Bootstrap tree #101, logLikelihood: -3248.691872
[00:00:10] [worker #8] Bootstrap tree #105, logLikelihood: -3415.944490
[00:00:10] [worker #14] Bootstrap tree #111, logLikelihood: -3350.665758
[00:00:10] [worker #0] Bootstrap tree #121, logLikelihood: -3367.190768
[00:00:10] [worker #7] Bootstrap tree #104, logLikelihood: -3357.500812
[00:00:10] [worker #15] Bootstrap tree #112, logLikelihood: -3341.241678
[00:00:10] [worker #19] Bootstrap tree #140, logLikelihood: -3403.614885
[00:00:10] [worker #21] Bootstrap tree #142, logLikelihood: -3424.009897
[00:00:10] [worker #18] Bootstrap tree #139, logLikelihood: -3360.667380
[00:00:10] [worker #1] Bootstrap tree #146, logLikelihood: -3496.069442
[00:00:10] [worker #23] Bootstrap tree #144, logLikelihood: -3260.179971
[00:00:10] [worker #20] Bootstrap tree #141, logLikelihood: -3385.076569
[00:00:10] [worker #17] Bootstrap tree #138, logLikelihood: -3456.591056
[00:00:10] [worker #10] Bootstrap tree #131, logLikelihood: -3440.451776
[00:00:10] [worker #16] Bootstrap tree #137, logLikelihood: -3276.474363
[00:00:11] [worker #11] Bootstrap tree #132, logLikelihood: -3382.498309
[00:00:11] [worker #22] Bootstrap tree #143, logLikelihood: -3325.828394
[00:00:11] [worker #9] Bootstrap tree #130, logLikelihood: -3201.371719
[00:00:11] [worker #8] Bootstrap tree #129, logLikelihood: -3399.647227
[00:00:11] [worker #3] Bootstrap tree #148, logLikelihood: -3366.279752
[00:00:11] [worker #6] Bootstrap tree #127, logLikelihood: -3376.393945
[00:00:11] [worker #5] Bootstrap tree #126, logLikelihood: -3412.342139
[00:00:11] [worker #0] Bootstrap tree #145, logLikelihood: -3373.517516
[00:00:11] [worker #2] Bootstrap tree #147, logLikelihood: -3415.475790
[00:00:11] [worker #12] Bootstrap tree #133, logLikelihood: -3374.580003
[00:00:11] [worker #14] Bootstrap tree #135, logLikelihood: -3513.832195
[00:00:11] [worker #4] Bootstrap tree #125, logLikelihood: -3480.103730
[00:00:11] [worker #13] Bootstrap tree #134, logLikelihood: -3294.835917
[00:00:11] [worker #7] Bootstrap tree #128, logLikelihood: -3398.923763
[00:00:12] [worker #5] Bootstrap tree #150, logLikelihood: -3424.692847
[00:00:12] [worker #15] Bootstrap tree #136, logLikelihood: -3295.918488
[00:00:12] [worker #4] Bootstrap tree #149, logLikelihood: -3288.642405
[00:00:13] [worker #12] Bootstrap tree #157, logLikelihood: -3352.950560
[00:00:13] [worker #20] Bootstrap tree #165, logLikelihood: -3464.906430
[00:00:13] [worker #9] Bootstrap tree #154, logLikelihood: -3388.976851
[00:00:13] [worker #4] Bootstrap tree #173, logLikelihood: -3395.910688
[00:00:13] [worker #7] Bootstrap tree #152, logLikelihood: -3433.406402
[00:00:13] [worker #10] Bootstrap tree #155, logLikelihood: -3370.127588
[00:00:13] [worker #15] Bootstrap tree #160, logLikelihood: -3265.382567
[00:00:13] [worker #19] Bootstrap tree #164, logLikelihood: -3352.881398
[00:00:13] [worker #13] Bootstrap tree #158, logLikelihood: -3402.421180
[00:00:13] [worker #6] Bootstrap tree #151, logLikelihood: -3563.537623
[00:00:13] [worker #1] Bootstrap tree #170, logLikelihood: -3356.259496
[00:00:13] [worker #11] Bootstrap tree #156, logLikelihood: -3490.186012
[00:00:13] [worker #0] Bootstrap tree #169, logLikelihood: -3453.602197
[00:00:13] [worker #22] Bootstrap tree #167, logLikelihood: -3359.747964
[00:00:13] [worker #5] Bootstrap tree #174, logLikelihood: -3400.568784
[00:00:13] [worker #21] Bootstrap tree #166, logLikelihood: -3427.165641
[00:00:13] [worker #17] Bootstrap tree #162, logLikelihood: -3308.479426
[00:00:13] [worker #23] Bootstrap tree #168, logLikelihood: -3366.909128
[00:00:13] [worker #2] Bootstrap tree #171, logLikelihood: -3518.625688
[00:00:14] [worker #16] Bootstrap tree #161, logLikelihood: -3233.622146
[00:00:14] [worker #8] Bootstrap tree #153, logLikelihood: -3381.542031
[00:00:14] [worker #14] Bootstrap tree #159, logLikelihood: -3424.015418
[00:00:14] [worker #3] Bootstrap tree #172, logLikelihood: -3485.313750
[00:00:14] [worker #18] Bootstrap tree #163, logLikelihood: -3514.501575
[00:00:14] [worker #7] Bootstrap tree #176, logLikelihood: -3298.809041
[00:00:14] [worker #20] Bootstrap tree #189, logLikelihood: -3405.235309
[00:00:14] [worker #10] Bootstrap tree #179, logLikelihood: -3288.542381
[00:00:14] [worker #6] Bootstrap tree #175, logLikelihood: -3446.535719
[00:00:14] [worker #4] Bootstrap tree #197, logLikelihood: -3358.421834
[00:00:14] [worker #12] Bootstrap tree #181, logLikelihood: -3393.522991
[00:00:14] [worker #17] Bootstrap tree #186, logLikelihood: -3395.310121
[00:00:14] [worker #21] Bootstrap tree #190, logLikelihood: -3375.836413
[00:00:14] [worker #15] Bootstrap tree #184, logLikelihood: -3327.854867
[00:00:14] [worker #9] Bootstrap tree #178, logLikelihood: -3475.012501
[00:00:14] [worker #0] Bootstrap tree #193, logLikelihood: -3381.684577
[00:00:14] [worker #11] Bootstrap tree #180, logLikelihood: -3348.461275
[00:00:14] [worker #16] Bootstrap tree #185, logLikelihood: -3463.515922
[00:00:14] [worker #2] Bootstrap tree #195, logLikelihood: -3470.196012
[00:00:14] [worker #1] Bootstrap tree #194, logLikelihood: -3290.279529
[00:00:15] [worker #14] Bootstrap tree #183, logLikelihood: -3324.396285
[00:00:15] [worker #19] Bootstrap tree #188, logLikelihood: -3246.942946
[00:00:15] [worker #13] Bootstrap tree #182, logLikelihood: -3276.477037
[00:00:15] [worker #22] Bootstrap tree #191, logLikelihood: -3477.486378
[00:00:15] [worker #8] Bootstrap tree #177, logLikelihood: -3412.935409
[00:00:15] [worker #23] Bootstrap tree #192, logLikelihood: -3358.477480
[00:00:15] [worker #3] Bootstrap tree #196, logLikelihood: -3383.894165
[00:00:15] [worker #5] Bootstrap tree #198, logLikelihood: -3381.952762
[00:00:15] [worker #7] Bootstrap tree #200, logLikelihood: -3536.497474
[00:00:15] [worker #6] Bootstrap tree #199, logLikelihood: -3442.097438
[00:00:15] [worker #18] Bootstrap tree #187, logLikelihood: -3509.351788
[00:00:16] [worker #2] Bootstrap tree #219, logLikelihood: -3472.212574
[00:00:16] [worker #18] Bootstrap tree #211, logLikelihood: -3411.500264
[00:00:16] [worker #0] Bootstrap tree #217, logLikelihood: -3438.389180
[00:00:16] [worker #19] Bootstrap tree #212, logLikelihood: -3309.969711
[00:00:16] [worker #8] Bootstrap tree #201, logLikelihood: -3272.915722
[00:00:16] [worker #3] Bootstrap tree #220, logLikelihood: -3367.800706
[00:00:16] [worker #7] Bootstrap tree #224, logLikelihood: -3360.239532
[00:00:16] [worker #5] Bootstrap tree #222, logLikelihood: -3367.221317
[00:00:16] [worker #1] Bootstrap tree #218, logLikelihood: -3253.979577
[00:00:16] [worker #22] Bootstrap tree #215, logLikelihood: -3209.777837
[00:00:16] [worker #10] Bootstrap tree #203, logLikelihood: -3356.415708
[00:00:16] [worker #13] Bootstrap tree #206, logLikelihood: -3390.403365
[00:00:17] [worker #11] Bootstrap tree #204, logLikelihood: -3490.245954
[00:00:17] [worker #17] Bootstrap tree #210, logLikelihood: -3378.912242
[00:00:17] [worker #4] Bootstrap tree #221, logLikelihood: -3379.976871
[00:00:17] [worker #23] Bootstrap tree #216, logLikelihood: -3382.823869
[00:00:17] [worker #16] Bootstrap tree #209, logLikelihood: -3316.269571
[00:00:17] [worker #14] Bootstrap tree #207, logLikelihood: -3311.804969
[00:00:17] [worker #15] Bootstrap tree #208, logLikelihood: -3264.123483
[00:00:17] [worker #12] Bootstrap tree #205, logLikelihood: -3371.741997
[00:00:17] [worker #6] Bootstrap tree #223, logLikelihood: -3477.424028
[00:00:17] [worker #21] Bootstrap tree #214, logLikelihood: -3496.012129
[00:00:17] [worker #20] Bootstrap tree #213, logLikelihood: -3496.963363
[00:00:17] [worker #9] Bootstrap tree #202, logLikelihood: -3412.738912
[00:00:17] [worker #13] Bootstrap tree #230, logLikelihood: -3553.609546
[00:00:17] [worker #22] Bootstrap tree #239, logLikelihood: -3231.253564
[00:00:17] [worker #5] Bootstrap tree #246, logLikelihood: -3254.085977
[00:00:17] [worker #7] Bootstrap tree #248, logLikelihood: -3184.964151
[00:00:17] [worker #0] Bootstrap tree #241, logLikelihood: -3435.851600
[00:00:17] [worker #15] Bootstrap tree #232, logLikelihood: -3372.981055
[00:00:18] [worker #19] Bootstrap tree #236, logLikelihood: -3386.011142
[00:00:18] [worker #11] Bootstrap tree #228, logLikelihood: -3244.310923
[00:00:18] [worker #3] Bootstrap tree #244, logLikelihood: -3346.602507
[00:00:18] [worker #12] Bootstrap tree #229, logLikelihood: -3421.783249
[00:00:18] [worker #18] Bootstrap tree #235, logLikelihood: -3374.690635
[00:00:18] [worker #21] Bootstrap tree #238, logLikelihood: -3317.874825
[00:00:18] [worker #23] Bootstrap tree #240, logLikelihood: -3361.840502
[00:00:18] [worker #1] Bootstrap tree #242, logLikelihood: -3388.677459
[00:00:18] [worker #4] Bootstrap tree #245, logLikelihood: -3434.828133
[00:00:18] [worker #17] Bootstrap tree #234, logLikelihood: -3192.336015
[00:00:18] [worker #2] Bootstrap tree #243, logLikelihood: -3360.225030
[00:00:18] [worker #14] Bootstrap tree #231, logLikelihood: -3498.458709
[00:00:18] [worker #8] Bootstrap tree #225, logLikelihood: -3343.257260
[00:00:18] [worker #6] Bootstrap tree #247, logLikelihood: -3401.334244
[00:00:18] [worker #10] Bootstrap tree #227, logLikelihood: -3238.839548
[00:00:18] [worker #16] Bootstrap tree #233, logLikelihood: -3498.836906
[00:00:18] [worker #9] Bootstrap tree #226, logLikelihood: -3323.704401
[00:00:18] [worker #20] Bootstrap tree #237, logLikelihood: -3402.536228
[00:00:19] [worker #8] Bootstrap tree #249, logLikelihood: -3277.947214
[00:00:19] [worker #9] Bootstrap tree #250, logLikelihood: -3329.662591
[00:00:20] [worker #17] Bootstrap tree #258, logLikelihood: -3365.272903
[00:00:20] [worker #16] Bootstrap tree #257, logLikelihood: -3377.112466
[00:00:20] [worker #7] Bootstrap tree #272, logLikelihood: -3340.559103
[00:00:20] [worker #18] Bootstrap tree #259, logLikelihood: -3450.512529
[00:00:20] [worker #8] Bootstrap tree #273, logLikelihood: -3381.072877
[00:00:20] [worker #10] Bootstrap tree #251, logLikelihood: -3238.984434
[00:00:20] [worker #6] Bootstrap tree #271, logLikelihood: -3422.439212
[00:00:20] [worker #21] Bootstrap tree #262, logLikelihood: -3272.019872
[00:00:20] [worker #1] Bootstrap tree #266, logLikelihood: -3331.210521
[00:00:20] [worker #5] Bootstrap tree #270, logLikelihood: -3310.419301
[00:00:20] [worker #23] Bootstrap tree #264, logLikelihood: -3392.989704
[00:00:20] [worker #15] Bootstrap tree #256, logLikelihood: -3301.400470
[00:00:20] [worker #20] Bootstrap tree #261, logLikelihood: -3351.272181
[00:00:20] [worker #2] Bootstrap tree #267, logLikelihood: -3417.328483
[00:00:20] [worker #9] Bootstrap tree #274, logLikelihood: -3377.152367
[00:00:20] [worker #11] Bootstrap tree #252, logLikelihood: -3410.174673
[00:00:21] [worker #19] Bootstrap tree #260, logLikelihood: -3363.066393
[00:00:21] [worker #13] Bootstrap tree #254, logLikelihood: -3325.637832
[00:00:21] [worker #0] Bootstrap tree #265, logLikelihood: -3421.834000
[00:00:21] [worker #14] Bootstrap tree #255, logLikelihood: -3395.356155
[00:00:21] [worker #4] Bootstrap tree #269, logLikelihood: -3385.373566
[00:00:21] [worker #12] Bootstrap tree #253, logLikelihood: -3393.279387
[00:00:21] [worker #22] Bootstrap tree #263, logLikelihood: -3305.429083
[00:00:21] [worker #3] Bootstrap tree #268, logLikelihood: -3414.908620
[00:00:21] [worker #17] Bootstrap tree #282, logLikelihood: -3451.572932
[00:00:21] [worker #7] Bootstrap tree #296, logLikelihood: -3355.701951
[00:00:21] [worker #18] Bootstrap tree #283, logLikelihood: -3532.785478
[00:00:21] [worker #5] Bootstrap tree #294, logLikelihood: -3383.798751
[00:00:21] [worker #2] Bootstrap tree #291, logLikelihood: -3214.194896
[00:00:21] [worker #6] Bootstrap tree #295, logLikelihood: -3435.019780
[00:00:22] [worker #1] Bootstrap tree #290, logLikelihood: -3566.480256
[00:00:22] [worker #10] Bootstrap tree #275, logLikelihood: -3302.152815
[00:00:22] [worker #11] Bootstrap tree #276, logLikelihood: -3460.012562
[00:00:22] [worker #20] Bootstrap tree #285, logLikelihood: -3408.663096
[00:00:22] [worker #21] Bootstrap tree #286, logLikelihood: -3418.488766
[00:00:22] [worker #19] Bootstrap tree #284, logLikelihood: -3395.792401
[00:00:22] [worker #13] Bootstrap tree #278, logLikelihood: -3377.585579
[00:00:22] [worker #15] Bootstrap tree #280, logLikelihood: -3266.490686
[00:00:22] [worker #4] Bootstrap tree #293, logLikelihood: -3382.561547
[00:00:22] [worker #23] Bootstrap tree #288, logLikelihood: -3346.354076
[00:00:22] [worker #14] Bootstrap tree #279, logLikelihood: -3402.670427
[00:00:22] [worker #9] Bootstrap tree #298, logLikelihood: -3517.625944
[00:00:22] [worker #8] Bootstrap tree #297, logLikelihood: -3354.895312
[00:00:22] [worker #0] Bootstrap tree #289, logLikelihood: -3305.475375
[00:00:22] [worker #16] Bootstrap tree #281, logLikelihood: -3313.873714
[00:00:22] [worker #12] Bootstrap tree #277, logLikelihood: -3465.741265
[00:00:22] [worker #3] Bootstrap tree #292, logLikelihood: -3424.264916
[00:00:22] [worker #22] Bootstrap tree #287, logLikelihood: -3434.287362
[00:00:22] [worker #10] Bootstrap tree #299, logLikelihood: -3462.964540
[00:00:23] [worker #11] Bootstrap tree #300, logLikelihood: -3324.301503
[00:00:24] [worker #21] Bootstrap tree #310, logLikelihood: -3303.906773
[00:00:24] [worker #19] Bootstrap tree #308, logLikelihood: -3431.557990
[00:00:24] [worker #18] Bootstrap tree #307, logLikelihood: -3293.740012
[00:00:24] [worker #22] Bootstrap tree #311, logLikelihood: -3318.879364
[00:00:24] [worker #16] Bootstrap tree #305, logLikelihood: -3379.202765
[00:00:24] [worker #23] Bootstrap tree #312, logLikelihood: -3453.228998
[00:00:24] [worker #15] Bootstrap tree #304, logLikelihood: -3255.782472
[00:00:24] [worker #10] Bootstrap tree #323, logLikelihood: -3463.128253
[00:00:24] [worker #11] Bootstrap tree #324, logLikelihood: -3357.361842
[00:00:24] [worker #17] Bootstrap tree #306, logLikelihood: -3385.736816
[00:00:24] [worker #5] Bootstrap tree #318, logLikelihood: -3396.180984
[00:00:24] [worker #8] Bootstrap tree #321, logLikelihood: -3531.922088
[00:00:24] [worker #4] Bootstrap tree #317, logLikelihood: -3393.684317
[00:00:24] [worker #2] Bootstrap tree #315, logLikelihood: -3306.060413
[00:00:24] [worker #0] Bootstrap tree #313, logLikelihood: -3428.387579
[00:00:24] [worker #9] Bootstrap tree #322, logLikelihood: -3369.588728
[00:00:24] [worker #6] Bootstrap tree #319, logLikelihood: -3487.314331
[00:00:24] [worker #7] Bootstrap tree #320, logLikelihood: -3408.164277
[00:00:24] [worker #13] Bootstrap tree #302, logLikelihood: -3447.214360
[00:00:24] [worker #12] Bootstrap tree #301, logLikelihood: -3304.501407
[00:00:24] [worker #1] Bootstrap tree #314, logLikelihood: -3424.384599
[00:00:24] [worker #20] Bootstrap tree #309, logLikelihood: -3296.042006
[00:00:24] [worker #3] Bootstrap tree #316, logLikelihood: -3415.472396
[00:00:25] [worker #14] Bootstrap tree #303, logLikelihood: -3425.522452
[00:00:25] [worker #15] Bootstrap tree #328, logLikelihood: -3499.793150
[00:00:25] [worker #22] Bootstrap tree #335, logLikelihood: -3374.188421
[00:00:25] [worker #18] Bootstrap tree #331, logLikelihood: -3401.065051
[00:00:25] [worker #23] Bootstrap tree #336, logLikelihood: -3328.194921
[00:00:25] [worker #5] Bootstrap tree #342, logLikelihood: -3313.992966
[00:00:25] [worker #19] Bootstrap tree #332, logLikelihood: -3352.324510
[00:00:25] [worker #11] Bootstrap tree #348, logLikelihood: -3374.097683
[00:00:25] [worker #17] Bootstrap tree #330, logLikelihood: -3455.481691
[00:00:25] [worker #6] Bootstrap tree #343, logLikelihood: -3477.189852
[00:00:25] [worker #1] Bootstrap tree #338, logLikelihood: -3406.378031
[00:00:25] [worker #7] Bootstrap tree #344, logLikelihood: -3479.837534
[00:00:25] [worker #13] Bootstrap tree #326, logLikelihood: -3557.558955
[00:00:25] [worker #20] Bootstrap tree #333, logLikelihood: -3452.680810
[00:00:25] [worker #4] Bootstrap tree #341, logLikelihood: -3434.411770
[00:00:25] [worker #21] Bootstrap tree #334, logLikelihood: -3382.177749
[00:00:25] [worker #10] Bootstrap tree #347, logLikelihood: -3359.974724
[00:00:25] [worker #2] Bootstrap tree #339, logLikelihood: -3335.428430
[00:00:25] [worker #0] Bootstrap tree #337, logLikelihood: -3384.905733
[00:00:25] [worker #9] Bootstrap tree #346, logLikelihood: -3316.246911
[00:00:25] [worker #3] Bootstrap tree #340, logLikelihood: -3422.847897
[00:00:25] [worker #16] Bootstrap tree #329, logLikelihood: -3386.340396
[00:00:25] [worker #12] Bootstrap tree #325, logLikelihood: -3387.447307
[00:00:26] [worker #8] Bootstrap tree #345, logLikelihood: -3309.891078
[00:00:26] [worker #14] Bootstrap tree #327, logLikelihood: -3411.002171
[00:00:26] [worker #12] Bootstrap tree #349, logLikelihood: -3434.641493
[00:00:26] [worker #13] Bootstrap tree #350, logLikelihood: -3491.385815
[00:00:27] [worker #7] Bootstrap tree #368, logLikelihood: -3371.048563
[00:00:27] [worker #21] Bootstrap tree #358, logLikelihood: -3230.607864
[00:00:28] [worker #5] Bootstrap tree #366, logLikelihood: -3313.526606
[00:00:28] [worker #16] Bootstrap tree #353, logLikelihood: -3317.912471
[00:00:28] [worker #1] Bootstrap tree #362, logLikelihood: -3369.093342
[00:00:28] [worker #4] Bootstrap tree #365, logLikelihood: -3468.588021
[00:00:28] [worker #0] Bootstrap tree #361, logLikelihood: -3369.938787
[00:00:28] [worker #13] Bootstrap tree #374, logLikelihood: -3354.821204
[00:00:28] [worker #22] Bootstrap tree #359, logLikelihood: -3262.093904
[00:00:28] [worker #23] Bootstrap tree #360, logLikelihood: -3400.135716
[00:00:28] [worker #3] Bootstrap tree #364, logLikelihood: -3292.791580
[00:00:28] [worker #20] Bootstrap tree #357, logLikelihood: -3401.050698
[00:00:28] [worker #18] Bootstrap tree #355, logLikelihood: -3399.732122
[00:00:28] [worker #9] Bootstrap tree #370, logLikelihood: -3386.318353
[00:00:28] [worker #10] Bootstrap tree #371, logLikelihood: -3372.444386
[00:00:28] [worker #2] Bootstrap tree #363, logLikelihood: -3420.845050
[00:00:28] [worker #15] Bootstrap tree #352, logLikelihood: -3500.264145
[00:00:28] [worker #17] Bootstrap tree #354, logLikelihood: -3437.617540
[00:00:28] [worker #8] Bootstrap tree #369, logLikelihood: -3374.050824
[00:00:28] [worker #19] Bootstrap tree #356, logLikelihood: -3410.724849
[00:00:28] [worker #11] Bootstrap tree #372, logLikelihood: -3431.276451
[00:00:28] [worker #12] Bootstrap tree #373, logLikelihood: -3456.260532
[00:00:28] [worker #14] Bootstrap tree #351, logLikelihood: -3486.885864
[00:00:28] [worker #6] Bootstrap tree #367, logLikelihood: -3449.775397
[00:00:28] [worker #21] Bootstrap tree #382, logLikelihood: -3391.828567
[00:00:28] [worker #5] Bootstrap tree #390, logLikelihood: -3391.153082
[00:00:29] [worker #13] Bootstrap tree #398, logLikelihood: -3379.986046
[00:00:29] [worker #1] Bootstrap tree #386, logLikelihood: -3400.065886
[00:00:29] [worker #2] Bootstrap tree #387, logLikelihood: -3242.572292
[00:00:29] [worker #22] Bootstrap tree #383, logLikelihood: -3397.474952
[00:00:29] [worker #0] Bootstrap tree #385, logLikelihood: -3206.670130
[00:00:29] [worker #9] Bootstrap tree #394, logLikelihood: -3440.964123
[00:00:29] [worker #7] Bootstrap tree #392, logLikelihood: -3403.541356
[00:00:29] [worker #23] Bootstrap tree #384, logLikelihood: -3335.554859
[00:00:29] [worker #15] Bootstrap tree #376, logLikelihood: -3373.277845
[00:00:29] [worker #3] Bootstrap tree #388, logLikelihood: -3284.696026
[00:00:29] [worker #18] Bootstrap tree #379, logLikelihood: -3433.537165
[00:00:29] [worker #17] Bootstrap tree #378, logLikelihood: -3501.300196
[00:00:29] [worker #12] Bootstrap tree #397, logLikelihood: -3339.850525
[00:00:29] [worker #4] Bootstrap tree #389, logLikelihood: -3469.461778
[00:00:29] [worker #16] Bootstrap tree #377, logLikelihood: -3279.287698
[00:00:29] [worker #20] Bootstrap tree #381, logLikelihood: -3524.979871
[00:00:29] [worker #8] Bootstrap tree #393, logLikelihood: -3552.659746
[00:00:29] [worker #11] Bootstrap tree #396, logLikelihood: -3458.393147
[00:00:29] [worker #19] Bootstrap tree #380, logLikelihood: -3432.458486
[00:00:29] [worker #10] Bootstrap tree #395, logLikelihood: -3388.621372
[00:00:29] [worker #6] Bootstrap tree #391, logLikelihood: -3268.587772
[00:00:29] [worker #14] Bootstrap tree #375, logLikelihood: -3418.618058
[00:00:30] [worker #15] Bootstrap tree #400, logLikelihood: -3447.580756
[00:00:31] [worker #14] Bootstrap tree #399, logLikelihood: -3348.466304
[00:00:31] [worker #20] Bootstrap tree #405, logLikelihood: -3364.620081
[00:00:31] [worker #21] Bootstrap tree #406, logLikelihood: -3395.879584
[00:00:31] [worker #3] Bootstrap tree #412, logLikelihood: -3438.120159
[00:00:32] [worker #22] Bootstrap tree #407, logLikelihood: -3388.327181
[00:00:32] [worker #2] Bootstrap tree #411, logLikelihood: -3457.403564
[00:00:32] [worker #5] Bootstrap tree #414, logLikelihood: -3392.214990
[00:00:32] [worker #23] Bootstrap tree #408, logLikelihood: -3347.219596
[00:00:32] [worker #15] Bootstrap tree #424, logLikelihood: -3408.609107
[00:00:32] [worker #11] Bootstrap tree #420, logLikelihood: -3386.864640
[00:00:32] [worker #0] Bootstrap tree #409, logLikelihood: -3363.375063
[00:00:32] [worker #4] Bootstrap tree #413, logLikelihood: -3519.238390
[00:00:32] [worker #1] Bootstrap tree #410, logLikelihood: -3331.018665
[00:00:32] [worker #18] Bootstrap tree #403, logLikelihood: -3306.413356
[00:00:32] [worker #17] Bootstrap tree #402, logLikelihood: -3407.641605
[00:00:32] [worker #12] Bootstrap tree #421, logLikelihood: -3315.277072
[00:00:32] [worker #7] Bootstrap tree #416, logLikelihood: -3315.145567
[00:00:32] [worker #14] Bootstrap tree #423, logLikelihood: -3569.738419
[00:00:32] [worker #9] Bootstrap tree #418, logLikelihood: -3561.497429
[00:00:32] [worker #13] Bootstrap tree #422, logLikelihood: -3396.812788
[00:00:32] [worker #10] Bootstrap tree #419, logLikelihood: -3346.007309
[00:00:32] [worker #8] Bootstrap tree #417, logLikelihood: -3442.449434
[00:00:32] [worker #19] Bootstrap tree #404, logLikelihood: -3442.984791
[00:00:32] [worker #6] Bootstrap tree #415, logLikelihood: -3426.272410
[00:00:32] [worker #16] Bootstrap tree #401, logLikelihood: -3353.765231
[00:00:32] [worker #21] Bootstrap tree #430, logLikelihood: -3352.255635
[00:00:32] [worker #5] Bootstrap tree #438, logLikelihood: -3309.071789
[00:00:33] [worker #15] Bootstrap tree #448, logLikelihood: -3263.297013
[00:00:33] [worker #11] Bootstrap tree #444, logLikelihood: -3302.488171
[00:00:33] [worker #0] Bootstrap tree #433, logLikelihood: -3439.805377
[00:00:33] [worker #20] Bootstrap tree #429, logLikelihood: -3417.129489
[00:00:33] [worker #22] Bootstrap tree #431, logLikelihood: -3559.179261
[00:00:33] [worker #14] Bootstrap tree #447, logLikelihood: -3410.875890
[00:00:33] [worker #23] Bootstrap tree #432, logLikelihood: -3461.807360
[00:00:33] [worker #17] Bootstrap tree #426, logLikelihood: -3283.025399
[00:00:33] [worker #12] Bootstrap tree #445, logLikelihood: -3389.072187
[00:00:33] [worker #2] Bootstrap tree #435, logLikelihood: -3310.251195
[00:00:33] [worker #18] Bootstrap tree #427, logLikelihood: -3457.675027
[00:00:33] [worker #7] Bootstrap tree #440, logLikelihood: -3553.747538
[00:00:33] [worker #3] Bootstrap tree #436, logLikelihood: -3386.703129
[00:00:33] [worker #13] Bootstrap tree #446, logLikelihood: -3299.472874
[00:00:33] [worker #9] Bootstrap tree #442, logLikelihood: -3481.243001
[00:00:33] [worker #8] Bootstrap tree #441, logLikelihood: -3392.995214
[00:00:33] [worker #4] Bootstrap tree #437, logLikelihood: -3488.789503
[00:00:33] [worker #1] Bootstrap tree #434, logLikelihood: -3423.144488
[00:00:33] [worker #19] Bootstrap tree #428, logLikelihood: -3412.195154
[00:00:33] [worker #6] Bootstrap tree #439, logLikelihood: -3411.394454
[00:00:34] [worker #16] Bootstrap tree #425, logLikelihood: -3428.234525
[00:00:34] [worker #17] Bootstrap tree #450, logLikelihood: -3369.953134
[00:00:34] [worker #10] Bootstrap tree #443, logLikelihood: -3357.306234
[00:00:35] [worker #16] Bootstrap tree #449, logLikelihood: -3355.920270
[00:00:36] [worker #23] Bootstrap tree #456, logLikelihood: -3471.104427
[00:00:36] [worker #20] Bootstrap tree #453, logLikelihood: -3434.576626
[00:00:36] [worker #11] Bootstrap tree #468, logLikelihood: -3325.319978
[00:00:36] [worker #21] Bootstrap tree #454, logLikelihood: -3381.059040
[00:00:36] [worker #9] Bootstrap tree #466, logLikelihood: -3464.800606
[00:00:36] [worker #3] Bootstrap tree #460, logLikelihood: -3347.378737
[00:00:36] [worker #13] Bootstrap tree #470, logLikelihood: -3402.709227
[00:00:36] [worker #12] Bootstrap tree #469, logLikelihood: -3385.122312
[00:00:36] [worker #7] Bootstrap tree #464, logLikelihood: -3408.542226
[00:00:36] [worker #2] Bootstrap tree #459, logLikelihood: -3436.993641
[00:00:36] [worker #15] Bootstrap tree #472, logLikelihood: -3377.040501
[00:00:36] [worker #22] Bootstrap tree #455, logLikelihood: -3306.502987
[00:00:36] [worker #4] Bootstrap tree #461, logLikelihood: -3379.905213
[00:00:36] [worker #17] Bootstrap tree #474, logLikelihood: -3359.997243
[00:00:36] [worker #16] Bootstrap tree #473, logLikelihood: -3395.833281
[00:00:36] [worker #1] Bootstrap tree #458, logLikelihood: -3411.815748
[00:00:36] [worker #10] Bootstrap tree #467, logLikelihood: -3321.821031
[00:00:36] [worker #5] Bootstrap tree #462, logLikelihood: -3451.151392
[00:00:36] [worker #18] Bootstrap tree #451, logLikelihood: -3462.368383
[00:00:36] [worker #8] Bootstrap tree #465, logLikelihood: -3457.536411
[00:00:36] [worker #0] Bootstrap tree #457, logLikelihood: -3399.204504
[00:00:36] [worker #14] Bootstrap tree #471, logLikelihood: -3344.041303
[00:00:37] [worker #6] Bootstrap tree #463, logLikelihood: -3327.509737
[00:00:37] [worker #19] Bootstrap tree #452, logLikelihood: -3397.926131
[00:00:37] [worker #3] Bootstrap tree #484, logLikelihood: -3284.042259
[00:00:37] [worker #21] Bootstrap tree #478, logLikelihood: -3432.305819
[00:00:37] [worker #20] Bootstrap tree #477, logLikelihood: -3343.224204
[00:00:37] [worker #2] Bootstrap tree #483, logLikelihood: -3366.551599
[00:00:37] [worker #15] Bootstrap tree #496, logLikelihood: -3404.598555
[00:00:37] [worker #4] Bootstrap tree #485, logLikelihood: -3362.646786
[00:00:37] [worker #9] Bootstrap tree #490, logLikelihood: -3329.941520
[00:00:37] [worker #1] Bootstrap tree #482, logLikelihood: -3318.045852
[00:00:37] [worker #8] Bootstrap tree #489, logLikelihood: -3451.317161
[00:00:37] [worker #17] Bootstrap tree #498, logLikelihood: -3353.272627
[00:00:37] [worker #18] Bootstrap tree #475, logLikelihood: -3382.684338
[00:00:37] [worker #0] Bootstrap tree #481, logLikelihood: -3439.397536
[00:00:37] [worker #11] Bootstrap tree #492, logLikelihood: -3276.783611
[00:00:37] [worker #12] Bootstrap tree #493, logLikelihood: -3379.462101
[00:00:38] [worker #16] Bootstrap tree #497, logLikelihood: -3327.914859
[00:00:38] [worker #13] Bootstrap tree #494, logLikelihood: -3406.850176
[00:00:38] [worker #23] Bootstrap tree #480, logLikelihood: -3536.186898
[00:00:38] [worker #5] Bootstrap tree #486, logLikelihood: -3312.117440
[00:00:38] [worker #7] Bootstrap tree #488, logLikelihood: -3376.276876
[00:00:38] [worker #14] Bootstrap tree #495, logLikelihood: -3390.683096
[00:00:38] [worker #22] Bootstrap tree #479, logLikelihood: -3205.164167
[00:00:38] [worker #10] Bootstrap tree #491, logLikelihood: -3408.088640
[00:00:38] [worker #19] Bootstrap tree #476, logLikelihood: -3389.142969
[00:00:38] [worker #6] Bootstrap tree #487, logLikelihood: -3464.139318
[00:00:39] [worker #18] Bootstrap tree #499, logLikelihood: -3273.125220
[00:00:39] [worker #19] Bootstrap tree #500, logLikelihood: -3355.027961
[00:00:40] [worker #15] Bootstrap tree #520, logLikelihood: -3402.609629
[00:00:40] [worker #16] Bootstrap tree #521, logLikelihood: -3346.805148
[00:00:40] [worker #4] Bootstrap tree #509, logLikelihood: -3366.092193
[00:00:40] [worker #18] Bootstrap tree #523, logLikelihood: -3313.339098
[00:00:40] [worker #3] Bootstrap tree #508, logLikelihood: -3391.089748
[00:00:40] [worker #2] Bootstrap tree #507, logLikelihood: -3270.285403
[00:00:40] [worker #22] Bootstrap tree #503, logLikelihood: -3346.612818
[00:00:40] [worker #8] Bootstrap tree #513, logLikelihood: -3463.176340
[00:00:40] [worker #19] Bootstrap tree #524, logLikelihood: -3355.039397
[00:00:40] [worker #17] Bootstrap tree #522, logLikelihood: -3400.032374
[00:00:40] [worker #14] Bootstrap tree #519, logLikelihood: -3423.776701
[00:00:40] [worker #13] Bootstrap tree #518, logLikelihood: -3313.647930
[00:00:40] [worker #0] Bootstrap tree #505, logLikelihood: -3523.110430
[00:00:40] [worker #9] Bootstrap tree #514, logLikelihood: -3314.004958
[00:00:40] [worker #21] Bootstrap tree #502, logLikelihood: -3388.457134
[00:00:40] [worker #20] Bootstrap tree #501, logLikelihood: -3456.267966
[00:00:40] [worker #10] Bootstrap tree #515, logLikelihood: -3332.582169
[00:00:40] [worker #12] Bootstrap tree #517, logLikelihood: -3342.175153
[00:00:40] [worker #5] Bootstrap tree #510, logLikelihood: -3403.162757
[00:00:40] [worker #7] Bootstrap tree #512, logLikelihood: -3309.196204
[00:00:41] [worker #1] Bootstrap tree #506, logLikelihood: -3495.290013
[00:00:41] [worker #6] Bootstrap tree #511, logLikelihood: -3252.545033
[00:00:41] [worker #11] Bootstrap tree #516, logLikelihood: -3315.072520
[00:00:41] [worker #23] Bootstrap tree #504, logLikelihood: -3398.824467
[00:00:41] [worker #18] Bootstrap tree #547, logLikelihood: -3493.472729
[00:00:41] [worker #15] Bootstrap tree #544, logLikelihood: -3378.196322
[00:00:41] [worker #17] Bootstrap tree #546, logLikelihood: -3309.230173
[00:00:41] [worker #22] Bootstrap tree #527, logLikelihood: -3246.922236
[00:00:41] [worker #3] Bootstrap tree #532, logLikelihood: -3425.102049
[00:00:41] [worker #21] Bootstrap tree #526, logLikelihood: -3252.291944
[00:00:41] [worker #13] Bootstrap tree #542, logLikelihood: -3255.589272
[00:00:41] [worker #14] Bootstrap tree #543, logLikelihood: -3297.259684
[00:00:41] [worker #16] Bootstrap tree #545, logLikelihood: -3360.361001
[00:00:41] [worker #19] Bootstrap tree #548, logLikelihood: -3510.167156
[00:00:42] [worker #4] Bootstrap tree #533, logLikelihood: -3454.646506
[00:00:42] [worker #10] Bootstrap tree #539, logLikelihood: -3321.967654
[00:00:42] [worker #12] Bootstrap tree #541, logLikelihood: -3322.815566
[00:00:42] [worker #9] Bootstrap tree #538, logLikelihood: -3384.114120

[00:00:42] [worker #8] Bootstrap tree #537, logLikelihood: -3444.850802
[00:00:42] [worker #2] Bootstrap tree #531, logLikelihood: -3418.532620
[00:00:42] [worker #5] Bootstrap tree #534, logLikelihood: -3357.029886
[00:00:42] [worker #20] Bootstrap tree #525, logLikelihood: -3490.801895
[00:00:42] [worker #6] Bootstrap tree #535, logLikelihood: -3458.629876
[00:00:42] [worker #0] Bootstrap tree #529, logLikelihood: -3317.806421
[00:00:42] [worker #11] Bootstrap tree #540, logLikelihood: -3314.143031
[00:00:42] [worker #1] Bootstrap tree #530, logLikelihood: -3402.583506
[00:00:43] [worker #7] Bootstrap tree #536, logLikelihood: -3490.818183
[00:00:43] [worker #21] Bootstrap tree #550, logLikelihood: -3419.835383
[00:00:43] [worker #20] Bootstrap tree #549, logLikelihood: -3464.870936
[00:00:44] [worker #22] Bootstrap tree #551, logLikelihood: -3329.277566
[00:00:44] [worker #21] Bootstrap tree #574, logLikelihood: -3436.848220
[00:00:44] [worker #14] Bootstrap tree #567, logLikelihood: -3311.299648
[00:00:44] [worker #1] Bootstrap tree #554, logLikelihood: -3275.048980
[00:00:44] [worker #18] Bootstrap tree #571, logLikelihood: -3230.079211
[00:00:44] [worker #16] Bootstrap tree #569, logLikelihood: -3383.202386
[00:00:44] [worker #8] Bootstrap tree #561, logLikelihood: -3403.435476
[00:00:44] [worker #4] Bootstrap tree #557, logLikelihood: -3405.080119
[00:00:44] [worker #12] Bootstrap tree #565, logLikelihood: -3175.412967
[00:00:44] [worker #0] Bootstrap tree #553, logLikelihood: -3474.366682
[00:00:44] [worker #5] Bootstrap tree #558, logLikelihood: -3402.233461
[00:00:44] [worker #23] Bootstrap tree #552, logLikelihood: -3387.910160
[00:00:44] [worker #13] Bootstrap tree #566, logLikelihood: -3384.116171
[00:00:44] [worker #20] Bootstrap tree #573, logLikelihood: -3262.695963
[00:00:44] [worker #15] Bootstrap tree #568, logLikelihood: -3324.471062
[00:00:44] [worker #10] Bootstrap tree #563, logLikelihood: -3361.506195
[00:00:44] [worker #19] Bootstrap tree #572, logLikelihood: -3354.906386
[00:00:44] [worker #11] Bootstrap tree #564, logLikelihood: -3311.767690
[00:00:44] [worker #7] Bootstrap tree #560, logLikelihood: -3463.473246
[00:00:44] [worker #9] Bootstrap tree #562, logLikelihood: -3319.421875
[00:00:44] [worker #6] Bootstrap tree #559, logLikelihood: -3298.457059
[00:00:44] [worker #3] Bootstrap tree #556, logLikelihood: -3443.134641
[00:00:45] [worker #17] Bootstrap tree #570, logLikelihood: -3423.057303
[00:00:45] [worker #2] Bootstrap tree #555, logLikelihood: -3414.744767
[00:00:45] [worker #22] Bootstrap tree #575, logLikelihood: -3314.653302
[00:00:45] [worker #8] Bootstrap tree #585, logLikelihood: -3360.252537
[00:00:45] [worker #14] Bootstrap tree #591, logLikelihood: -3380.615399
[00:00:45] [worker #16] Bootstrap tree #593, logLikelihood: -3390.358652
[00:00:45] [worker #21] Bootstrap tree #598, logLikelihood: -3427.043675
[00:00:45] [worker #0] Bootstrap tree #577, logLikelihood: -3206.005879
[00:00:45] [worker #4] Bootstrap tree #581, logLikelihood: -3356.704495
[00:00:45] [worker #13] Bootstrap tree #590, logLikelihood: -3274.474950
[00:00:45] [worker #12] Bootstrap tree #589, logLikelihood: -3414.346358
[00:00:45] [worker #19] Bootstrap tree #596, logLikelihood: -3417.449333
[00:00:45] [worker #23] Bootstrap tree #576, logLikelihood: -3486.989749
[00:00:45] [worker #3] Bootstrap tree #580, logLikelihood: -3369.777326
[00:00:45] [worker #1] Bootstrap tree #578, logLikelihood: -3516.535417
[00:00:45] [worker #10] Bootstrap tree #587, logLikelihood: -3217.896707
[00:00:45] [worker #11] Bootstrap tree #588, logLikelihood: -3245.571172
[00:00:45] [worker #9] Bootstrap tree #586, logLikelihood: -3457.880442
[00:00:46] [worker #15] Bootstrap tree #592, logLikelihood: -3366.192094
[00:00:46] [worker #18] Bootstrap tree #595, logLikelihood: -3344.080754
[00:00:46] [worker #20] Bootstrap tree #597, logLikelihood: -3353.804515
[00:00:46] [worker #7] Bootstrap tree #584, logLikelihood: -3252.452986
[00:00:46] [worker #22] Bootstrap tree #599, logLikelihood: -3448.317625
[00:00:46] [worker #2] Bootstrap tree #579, logLikelihood: -3434.777333
[00:00:46] [worker #23] Bootstrap tree #600, logLikelihood: -3444.541893
[00:00:46] [worker #6] Bootstrap tree #583, logLikelihood: -3404.329537
[00:00:46] [worker #5] Bootstrap tree #582, logLikelihood: -3292.022133
[00:00:47] [worker #17] Bootstrap tree #594, logLikelihood: -3302.757275
[00:00:48] [worker #14] Bootstrap tree #615, logLikelihood: -3352.366530
[00:00:48] [worker #9] Bootstrap tree #610, logLikelihood: -3327.350275
[00:00:48] [worker #21] Bootstrap tree #622, logLikelihood: -3398.521925
[00:00:48] [worker #5] Bootstrap tree #606, logLikelihood: -3397.228013
[00:00:48] [worker #4] Bootstrap tree #605, logLikelihood: -3503.582299
[00:00:48] [worker #7] Bootstrap tree #608, logLikelihood: -3160.608096
[00:00:48] [worker #11] Bootstrap tree #612, logLikelihood: -3391.343715
[00:00:48] [worker #18] Bootstrap tree #619, logLikelihood: -3363.047826
[00:00:48] [worker #16] Bootstrap tree #617, logLikelihood: -3333.129154
[00:00:48] [worker #12] Bootstrap tree #613, logLikelihood: -3185.010919
[00:00:48] [worker #20] Bootstrap tree #621, logLikelihood: -3409.208256
[00:00:48] [worker #0] Bootstrap tree #601, logLikelihood: -3394.531184
[00:00:48] [worker #15] Bootstrap tree #616, logLikelihood: -3484.741650
[00:00:48] [worker #6] Bootstrap tree #607, logLikelihood: -3358.362691
[00:00:48] [worker #1] Bootstrap tree #602, logLikelihood: -3396.148708
[00:00:48] [worker #17] Bootstrap tree #618, logLikelihood: -3418.346170
[00:00:48] [worker #10] Bootstrap tree #611, logLikelihood: -3459.392275
[00:00:48] [worker #13] Bootstrap tree #614, logLikelihood: -3307.416120
[00:00:48] [worker #8] Bootstrap tree #609, logLikelihood: -3462.159477
[00:00:48] [worker #19] Bootstrap tree #620, logLikelihood: -3272.676973
[00:00:48] [worker #3] Bootstrap tree #604, logLikelihood: -3364.078523
[00:00:48] [worker #22] Bootstrap tree #623, logLikelihood: -3346.374040
[00:00:48] [worker #2] Bootstrap tree #603, logLikelihood: -3391.486373
[00:00:49] [worker #23] Bootstrap tree #624, logLikelihood: -3351.986866
[00:00:49] [worker #9] Bootstrap tree #634, logLikelihood: -3369.819522
[00:00:49] [worker #5] Bootstrap tree #630, logLikelihood: -3274.904276
[00:00:49] [worker #4] Bootstrap tree #629, logLikelihood: -3260.890031
[00:00:49] [worker #14] Bootstrap tree #639, logLikelihood: -3445.740534
[00:00:49] [worker #7] Bootstrap tree #632, logLikelihood: -3402.535354
[00:00:49] [worker #21] Bootstrap tree #646, logLikelihood: -3350.124391
[00:00:49] [worker #20] Bootstrap tree #645, logLikelihood: -3413.509338
[00:00:49] [worker #16] Bootstrap tree #641, logLikelihood: -3399.640190
[00:00:49] [worker #15] Bootstrap tree #640, logLikelihood: -3314.255384
[00:00:49] [worker #11] Bootstrap tree #636, logLikelihood: -3461.299902
[00:00:49] [worker #10] Bootstrap tree #635, logLikelihood: -3469.752718
[00:00:49] [worker #18] Bootstrap tree #643, logLikelihood: -3345.959583
[00:00:49] [worker #6] Bootstrap tree #631, logLikelihood: -3446.427353
[00:00:49] [worker #13] Bootstrap tree #638, logLikelihood: -3366.776812
[00:00:49] [worker #0] Bootstrap tree #625, logLikelihood: -3306.554130
[00:00:49] [worker #8] Bootstrap tree #633, logLikelihood: -3432.523897
[00:00:49] [worker #19] Bootstrap tree #644, logLikelihood: -3246.345179
[00:00:50] [worker #1] Bootstrap tree #626, logLikelihood: -3390.865656
[00:00:50] [worker #17] Bootstrap tree #642, logLikelihood: -3448.028799
[00:00:50] [worker #3] Bootstrap tree #628, logLikelihood: -3396.234756
[00:00:50] [worker #12] Bootstrap tree #637, logLikelihood: -3416.913165
[00:00:50] [worker #2] Bootstrap tree #627, logLikelihood: -3435.970633
[00:00:50] [worker #22] Bootstrap tree #647, logLikelihood: -3552.904081
[00:00:50] [worker #23] Bootstrap tree #648, logLikelihood: -3441.112045
[00:00:51] [worker #0] Bootstrap tree #649, logLikelihood: -3362.764946
[00:00:51] [worker #1] Bootstrap tree #650, logLikelihood: -3358.311252
[00:00:51] [worker #23] Bootstrap tree #672, logLikelihood: -3401.472318
[00:00:51] [worker #1] Bootstrap tree #674, logLikelihood: -3440.441559
[00:00:52] [worker #2] Bootstrap tree #651, logLikelihood: -3368.946680
[00:00:52] [worker #12] Bootstrap tree #661, logLikelihood: -3403.185012
[00:00:52] [worker #13] Bootstrap tree #662, logLikelihood: -3278.996889
[00:00:52] [worker #9] Bootstrap tree #658, logLikelihood: -3371.710722
[00:00:52] [worker #5] Bootstrap tree #654, logLikelihood: -3441.742283
[00:00:52] [worker #14] Bootstrap tree #663, logLikelihood: -3476.458603
[00:00:52] [worker #6] Bootstrap tree #655, logLikelihood: -3458.501761
[00:00:52] [worker #19] Bootstrap tree #668, logLikelihood: -3385.273831
[00:00:52] [worker #15] Bootstrap tree #664, logLikelihood: -3358.991661
[00:00:52] [worker #18] Bootstrap tree #667, logLikelihood: -3364.413103
[00:00:52] [worker #0] Bootstrap tree #673, logLikelihood: -3479.588207
[00:00:52] [worker #22] Bootstrap tree #671, logLikelihood: -3426.164610
[00:00:52] [worker #10] Bootstrap tree #659, logLikelihood: -3282.587708
[00:00:52] [worker #20] Bootstrap tree #669, logLikelihood: -3321.801648
[00:00:52] [worker #8] Bootstrap tree #657, logLikelihood: -3426.670103
[00:00:52] [worker #3] Bootstrap tree #652, logLikelihood: -3460.239181
[00:00:52] [worker #11] Bootstrap tree #660, logLikelihood: -3247.120483
[00:00:52] [worker #21] Bootstrap tree #670, logLikelihood: -3254.111540
[00:00:52] [worker #16] Bootstrap tree #665, logLikelihood: -3398.064355
[00:00:52] [worker #17] Bootstrap tree #666, logLikelihood: -3219.965400
[00:00:52] [worker #4] Bootstrap tree #653, logLikelihood: -3414.878150
[00:00:52] [worker #7] Bootstrap tree #656, logLikelihood: -3198.646662
[00:00:52] [worker #2] Bootstrap tree #675, logLikelihood: -3309.037702
[00:00:53] [worker #23] Bootstrap tree #696, logLikelihood: -3310.909774
[00:00:53] [worker #1] Bootstrap tree #698, logLikelihood: -3440.849056
[00:00:53] [worker #6] Bootstrap tree #679, logLikelihood: -3385.235882
[00:00:53] [worker #19] Bootstrap tree #692, logLikelihood: -3571.877308
[00:00:53] [worker #0] Bootstrap tree #697, logLikelihood: -3406.960473
[00:00:53] [worker #14] Bootstrap tree #687, logLikelihood: -3395.109451
[00:00:53] [worker #10] Bootstrap tree #683, logLikelihood: -3293.507513
[00:00:53] [worker #18] Bootstrap tree #691, logLikelihood: -3278.860499
[00:00:53] [worker #22] Bootstrap tree #695, logLikelihood: -3437.764472
[00:00:53] [worker #15] Bootstrap tree #688, logLikelihood: -3426.181355
[00:00:53] [worker #9] Bootstrap tree #682, logLikelihood: -3378.200461
[00:00:53] [worker #21] Bootstrap tree #694, logLikelihood: -3541.027250
[00:00:53] [worker #8] Bootstrap tree #681, logLikelihood: -3409.463621
[00:00:53] [worker #5] Bootstrap tree #678, logLikelihood: -3348.652694
[00:00:53] [worker #13] Bootstrap tree #686, logLikelihood: -3300.092074
[00:00:53] [worker #17] Bootstrap tree #690, logLikelihood: -3355.406337
[00:00:53] [worker #11] Bootstrap tree #684, logLikelihood: -3432.650947
[00:00:53] [worker #16] Bootstrap tree #689, logLikelihood: -3259.497037
[00:00:53] [worker #20] Bootstrap tree #693, logLikelihood: -3445.783727
[00:00:53] [worker #3] Bootstrap tree #676, logLikelihood: -3431.606632
[00:00:53] [worker #4] Bootstrap tree #677, logLikelihood: -3354.211774
[00:00:53] [worker #7] Bootstrap tree #680, logLikelihood: -3365.316006
[00:00:53] [worker #12] Bootstrap tree #685, logLikelihood: -3295.489082
[00:00:54] [worker #2] Bootstrap tree #699, logLikelihood: -3400.178488
[00:00:54] [worker #3] Bootstrap tree #700, logLikelihood: -3443.587728
[00:00:55] [worker #4] Bootstrap tree #701, logLikelihood: -3369.931560
[00:00:55] [worker #15] Bootstrap tree #712, logLikelihood: -3397.377275
[00:00:55] [worker #22] Bootstrap tree #719, logLikelihood: -3367.933683
[00:00:55] [worker #6] Bootstrap tree #703, logLikelihood: -3468.617946
[00:00:55] [worker #16] Bootstrap tree #713, logLikelihood: -3375.251361
[00:00:55] [worker #21] Bootstrap tree #718, logLikelihood: -3344.045122
[00:00:55] [worker #5] Bootstrap tree #702, logLikelihood: -3430.080044
[00:00:55] [worker #1] Bootstrap tree #722, logLikelihood: -3483.547269
[00:00:55] [worker #14] Bootstrap tree #711, logLikelihood: -3211.529904
[00:00:55] [worker #8] Bootstrap tree #705, logLikelihood: -3352.459063
[00:00:55] [worker #19] Bootstrap tree #716, logLikelihood: -3387.395602
[00:00:55] [worker #9] Bootstrap tree #706, logLikelihood: -3337.837678
[00:00:55] [worker #10] Bootstrap tree #707, logLikelihood: -3350.777052
[00:00:55] [worker #12] Bootstrap tree #709, logLikelihood: -3402.555773
[00:00:55] [worker #18] Bootstrap tree #715, logLikelihood: -3389.470884
[00:00:55] [worker #17] Bootstrap tree #714, logLikelihood: -3420.786995
[00:00:55] [worker #7] Bootstrap tree #704, logLikelihood: -3245.252877
[00:00:55] [worker #11] Bootstrap tree #708, logLikelihood: -3346.566629
[00:00:55] [worker #13] Bootstrap tree #710, logLikelihood: -3533.819438
[00:00:55] [worker #0] Bootstrap tree #721, logLikelihood: -3374.121110
[00:00:55] [worker #2] Bootstrap tree #723, logLikelihood: -3288.110173
[00:00:55] [worker #23] Bootstrap tree #720, logLikelihood: -3417.830831
[00:00:56] [worker #3] Bootstrap tree #724, logLikelihood: -3337.967027
[00:00:56] [worker #20] Bootstrap tree #717, logLikelihood: -3320.847449
[00:00:56] [worker #21] Bootstrap tree #742, logLikelihood: -3217.956790
[00:00:56] [worker #15] Bootstrap tree #736, logLikelihood: -3344.114514
[00:00:56] [worker #6] Bootstrap tree #727, logLikelihood: -3337.166215
[00:00:56] [worker #19] Bootstrap tree #740, logLikelihood: -3543.466792
[00:00:56] [worker #13] Bootstrap tree #734, logLikelihood: -3378.448081
[00:00:56] [worker #12] Bootstrap tree #733, logLikelihood: -3330.290267
[00:00:56] [worker #18] Bootstrap tree #739, logLikelihood: -3232.721281
[00:00:56] [worker #1] Bootstrap tree #746, logLikelihood: -3304.008126
[00:00:56] [worker #22] Bootstrap tree #743, logLikelihood: -3474.001547
[00:00:56] [worker #4] Bootstrap tree #725, logLikelihood: -3354.956904
[00:00:56] [worker #5] Bootstrap tree #726, logLikelihood: -3372.911956
[00:00:56] [worker #8] Bootstrap tree #729, logLikelihood: -3316.390049
[00:00:56] [worker #0] Bootstrap tree #745, logLikelihood: -3397.137630
[00:00:56] [worker #14] Bootstrap tree #735, logLikelihood: -3221.900866
[00:00:56] [worker #17] Bootstrap tree #738, logLikelihood: -3543.870075
[00:00:57] [worker #10] Bootstrap tree #731, logLikelihood: -3415.024925
[00:00:57] [worker #11] Bootstrap tree #732, logLikelihood: -3348.171263
[00:00:57] [worker #2] Bootstrap tree #747, logLikelihood: -3421.445555
[00:00:57] [worker #9] Bootstrap tree #730, logLikelihood: -3349.818442
[00:00:57] [worker #16] Bootstrap tree #737, logLikelihood: -3414.122669
[00:00:57] [worker #7] Bootstrap tree #728, logLikelihood: -3354.539113
[00:00:57] [worker #3] Bootstrap tree #748, logLikelihood: -3507.141581
[00:00:57] [worker #20] Bootstrap tree #741, logLikelihood: -3312.198233
[00:00:57] [worker #23] Bootstrap tree #744, logLikelihood: -3463.025486
[00:00:57] [worker #5] Bootstrap tree #750, logLikelihood: -3246.345149
[00:00:58] [worker #4] Bootstrap tree #749, logLikelihood: -3338.509259
[00:00:59] [worker #17] Bootstrap tree #762, logLikelihood: -3319.861725
[00:00:59] [worker #12] Bootstrap tree #757, logLikelihood: -3347.080468
[00:00:59] [worker #8] Bootstrap tree #753, logLikelihood: -3357.299047
[00:00:59] [worker #7] Bootstrap tree #752, logLikelihood: -3369.747077
[00:00:59] [worker #18] Bootstrap tree #763, logLikelihood: -3389.463181
[00:00:59] [worker #15] Bootstrap tree #760, logLikelihood: -3435.411091
[00:00:59] [worker #9] Bootstrap tree #754, logLikelihood: -3282.662151
[00:00:59] [worker #11] Bootstrap tree #756, logLikelihood: -3576.830226
[00:00:59] [worker #3] Bootstrap tree #772, logLikelihood: -3302.610212
[00:00:59] [worker #20] Bootstrap tree #765, logLikelihood: -3422.248188
[00:00:59] [worker #6] Bootstrap tree #751, logLikelihood: -3398.398438
[00:00:59] [worker #21] Bootstrap tree #766, logLikelihood: -3301.213263
[00:00:59] [worker #5] Bootstrap tree #774, logLikelihood: -3291.247251
[00:00:59] [worker #16] Bootstrap tree #761, logLikelihood: -3425.798004
[00:00:59] [worker #10] Bootstrap tree #755, logLikelihood: -3457.750759
[00:00:59] [worker #14] Bootstrap tree #759, logLikelihood: -3384.137515
[00:00:59] [worker #19] Bootstrap tree #764, logLikelihood: -3293.289699
[00:00:59] [worker #2] Bootstrap tree #771, logLikelihood: -3336.271065
[00:00:59] [worker #4] Bootstrap tree #773, logLikelihood: -3498.815949
[00:00:59] [worker #13] Bootstrap tree #758, logLikelihood: -3325.887531
[00:01:00] [worker #22] Bootstrap tree #767, logLikelihood: -3529.624787
[00:01:00] [worker #0] Bootstrap tree #769, logLikelihood: -3517.449518
[00:01:00] [worker #23] Bootstrap tree #768, logLikelihood: -3443.593181
[00:01:00] [worker #1] Bootstrap tree #770, logLikelihood: -3489.420819
[00:01:00] [worker #20] Bootstrap tree #789, logLikelihood: -3429.189076
[00:01:00] [worker #17] Bootstrap tree #786, logLikelihood: -3442.107572
[00:01:00] [worker #9] Bootstrap tree #778, logLikelihood: -3359.930934
[00:01:00] [worker #12] Bootstrap tree #781, logLikelihood: -3442.098065
[00:01:00] [worker #5] Bootstrap tree #798, logLikelihood: -3352.377658
[00:01:00] [worker #18] Bootstrap tree #787, logLikelihood: -3358.575610
[00:01:00] [worker #2] Bootstrap tree #795, logLikelihood: -3360.126110
[00:01:00] [worker #6] Bootstrap tree #775, logLikelihood: -3437.980320
[00:01:00] [worker #21] Bootstrap tree #790, logLikelihood: -3484.114718
[00:01:00] [worker #15] Bootstrap tree #784, logLikelihood: -3403.209061
[00:01:00] [worker #7] Bootstrap tree #776, logLikelihood: -3378.364316
[00:01:00] [worker #3] Bootstrap tree #796, logLikelihood: -3495.573599
[00:01:00] [worker #10] Bootstrap tree #779, logLikelihood: -3402.570285
[00:01:00] [worker #14] Bootstrap tree #783, logLikelihood: -3387.144686
[00:01:00] [worker #16] Bootstrap tree #785, logLikelihood: -3408.346485
[00:01:00] [worker #8] Bootstrap tree #777, logLikelihood: -3412.588201
[00:01:00] [worker #19] Bootstrap tree #788, logLikelihood: -3447.919893
[00:01:00] [worker #4] Bootstrap tree #797, logLikelihood: -3340.533323
[00:01:00] [worker #13] Bootstrap tree #782, logLikelihood: -3403.595349
[00:01:01] [worker #11] Bootstrap tree #780, logLikelihood: -3295.515664
[00:01:01] [worker #23] Bootstrap tree #792, logLikelihood: -3415.852215
[00:01:01] [worker #0] Bootstrap tree #793, logLikelihood: -3351.598811
[00:01:01] [worker #22] Bootstrap tree #791, logLikelihood: -3455.607000
[00:01:01] [worker #1] Bootstrap tree #794, logLikelihood: -3435.871268
[00:01:01] [worker #7] Bootstrap tree #800, logLikelihood: -3311.552316
[00:01:01] [worker #6] Bootstrap tree #799, logLikelihood: -3426.092027
[00:01:02] [worker #16] Bootstrap tree #809, logLikelihood: -3411.755546
[00:01:02] [worker #20] Bootstrap tree #813, logLikelihood: -3375.344452
[00:01:02] [worker #1] Bootstrap tree #818, logLikelihood: -3376.546211
[00:01:02] [worker #19] Bootstrap tree #812, logLikelihood: -3406.368938
[00:01:02] [worker #4] Bootstrap tree #821, logLikelihood: -3354.654957
[00:01:02] [worker #22] Bootstrap tree #815, logLikelihood: -3489.622939
[00:01:02] [worker #5] Bootstrap tree #822, logLikelihood: -3366.011523
[00:01:02] [worker #18] Bootstrap tree #811, logLikelihood: -3420.568036
[00:01:03] [worker #13] Bootstrap tree #806, logLikelihood: -3363.015170
[00:01:03] [worker #14] Bootstrap tree #807, logLikelihood: -3399.897998
[00:01:03] [worker #15] Bootstrap tree #808, logLikelihood: -3329.185786
[00:01:03] [worker #7] Bootstrap tree #824, logLikelihood: -3328.377079
[00:01:03] [worker #23] Bootstrap tree #816, logLikelihood: -3430.181035
[00:01:03] [worker #11] Bootstrap tree #804, logLikelihood: -3419.732853
[00:01:03] [worker #10] Bootstrap tree #803, logLikelihood: -3257.688720
[00:01:03] [worker #8] Bootstrap tree #801, logLikelihood: -3333.513474
[00:01:03] [worker #9] Bootstrap tree #802, logLikelihood: -3401.127459
[00:01:03] [worker #17] Bootstrap tree #810, logLikelihood: -3368.299273
[00:01:03] [worker #0] Bootstrap tree #817, logLikelihood: -3442.020640
[00:01:03] [worker #6] Bootstrap tree #823, logLikelihood: -3407.405919
[00:01:03] [worker #3] Bootstrap tree #820, logLikelihood: -3408.031812
[00:01:03] [worker #21] Bootstrap tree #814, logLikelihood: -3372.622269
[00:01:03] [worker #2] Bootstrap tree #819, logLikelihood: -3139.086434
[00:01:03] [worker #12] Bootstrap tree #805, logLikelihood: -3389.613792
[00:01:03] [worker #22] Bootstrap tree #839, logLikelihood: -3375.025291
[00:01:03] [worker #18] Bootstrap tree #835, logLikelihood: -3403.871408
[00:01:04] [worker #1] Bootstrap tree #842, logLikelihood: -3375.480770
[00:01:04] [worker #13] Bootstrap tree #830, logLikelihood: -3354.845251
[00:01:04] [worker #7] Bootstrap tree #848, logLikelihood: -3410.541805
[00:01:04] [worker #14] Bootstrap tree #831, logLikelihood: -3269.434706
[00:01:04] [worker #20] Bootstrap tree #837, logLikelihood: -3454.617897
[00:01:04] [worker #4] Bootstrap tree #845, logLikelihood: -3343.183602
[00:01:04] [worker #11] Bootstrap tree #828, logLikelihood: -3499.166397
[00:01:04] [worker #15] Bootstrap tree #832, logLikelihood: -3364.723834
[00:01:04] [worker #5] Bootstrap tree #846, logLikelihood: -3410.452331
[00:01:04] [worker #19] Bootstrap tree #836, logLikelihood: -3324.753387
[00:01:04] [worker #10] Bootstrap tree #827, logLikelihood: -3396.060191
[00:01:04] [worker #23] Bootstrap tree #840, logLikelihood: -3487.872423
[00:01:04] [worker #0] Bootstrap tree #841, logLikelihood: -3422.531309
[00:01:04] [worker #8] Bootstrap tree #825, logLikelihood: -3364.762348
[00:01:04] [worker #9] Bootstrap tree #826, logLikelihood: -3444.976380
[00:01:04] [worker #17] Bootstrap tree #834, logLikelihood: -3391.652886
[00:01:04] [worker #3] Bootstrap tree #844, logLikelihood: -3245.631247
[00:01:04] [worker #2] Bootstrap tree #843, logLikelihood: -3363.818692
[00:01:04] [worker #6] Bootstrap tree #847, logLikelihood: -3509.206956
[00:01:04] [worker #16] Bootstrap tree #833, logLikelihood: -3357.648606
[00:01:04] [worker #12] Bootstrap tree #829, logLikelihood: -3370.942231
[00:01:04] [worker #21] Bootstrap tree #838, logLikelihood: -3535.180443
[00:01:05] [worker #9] Bootstrap tree #850, logLikelihood: -3411.102400
[00:01:05] [worker #8] Bootstrap tree #849, logLikelihood: -3343.581940
[00:01:06] [worker #23] Bootstrap tree #864, logLikelihood: -3220.486112
[00:01:06] [worker #9] Bootstrap tree #874, logLikelihood: -3542.696792
[00:01:06] [worker #16] Bootstrap tree #857, logLikelihood: -3298.051580
[00:01:06] [worker #1] Bootstrap tree #866, logLikelihood: -3252.194785
[00:01:06] [worker #22] Bootstrap tree #863, logLikelihood: -3526.869738
[00:01:06] [worker #3] Bootstrap tree #868, logLikelihood: -3318.662933
[00:01:06] [worker #5] Bootstrap tree #870, logLikelihood: -3433.604038
[00:01:06] [worker #10] Bootstrap tree #851, logLikelihood: -3470.247422
[00:01:06] [worker #12] Bootstrap tree #853, logLikelihood: -3335.314217
[00:01:06] [worker #19] Bootstrap tree #860, logLikelihood: -3492.574789
[00:01:06] [worker #7] Bootstrap tree #872, logLikelihood: -3298.378888
[00:01:06] [worker #20] Bootstrap tree #861, logLikelihood: -3374.428855
[00:01:06] [worker #2] Bootstrap tree #867, logLikelihood: -3447.439139
[00:01:07] [worker #13] Bootstrap tree #854, logLikelihood: -3412.166372
[00:01:07] [worker #6] Bootstrap tree #871, logLikelihood: -3402.706424
[00:01:07] [worker #0] Bootstrap tree #865, logLikelihood: -3372.466876
[00:01:07] [worker #4] Bootstrap tree #869, logLikelihood: -3569.356370
[00:01:07] [worker #11] Bootstrap tree #852, logLikelihood: -3456.404126
[00:01:07] [worker #15] Bootstrap tree #856, logLikelihood: -3368.490193
[00:01:07] [worker #18] Bootstrap tree #859, logLikelihood: -3381.881393
[00:01:07] [worker #14] Bootstrap tree #855, logLikelihood: -3393.563998
[00:01:07] [worker #17] Bootstrap tree #858, logLikelihood: -3402.584371
[00:01:07] [worker #21] Bootstrap tree #862, logLikelihood: -3296.074252
[00:01:07] [worker #19] Bootstrap tree #884, logLikelihood: -3282.486071
[00:01:07] [worker #8] Bootstrap tree #873, logLikelihood: -3352.924817
[00:01:07] [worker #9] Bootstrap tree #898, logLikelihood: -3352.233308
[00:01:07] [worker #1] Bootstrap tree #890, logLikelihood: -3399.129359
[00:01:07] [worker #12] Bootstrap tree #877, logLikelihood: -3413.405044
[00:01:08] [worker #23] Bootstrap tree #888, logLikelihood: -3422.115064
[00:01:08] [worker #16] Bootstrap tree #881, logLikelihood: -3467.170430
[00:01:08] [worker #4] Bootstrap tree #893, logLikelihood: -3334.213500
[00:01:08] [worker #5] Bootstrap tree #894, logLikelihood: -3413.870118
[00:01:08] [worker #0] Bootstrap tree #889, logLikelihood: -3420.764311
[00:01:08] [worker #20] Bootstrap tree #885, logLikelihood: -3436.113723
[00:01:08] [worker #17] Bootstrap tree #882, logLikelihood: -3338.117980
[00:01:08] [worker #13] Bootstrap tree #878, logLikelihood: -3424.615703
[00:01:08] [worker #18] Bootstrap tree #883, logLikelihood: -3380.012020
[00:01:08] [worker #6] Bootstrap tree #895, logLikelihood: -3349.019754
[00:01:08] [worker #22] Bootstrap tree #887, logLikelihood: -3346.746852
[00:01:08] [worker #11] Bootstrap tree #876, logLikelihood: -3317.061914
[00:01:08] [worker #3] Bootstrap tree #892, logLikelihood: -3320.033712
[00:01:08] [worker #15] Bootstrap tree #880, logLikelihood: -3378.424650
[00:01:08] [worker #2] Bootstrap tree #891, logLikelihood: -3412.512340
[00:01:08] [worker #14] Bootstrap tree #879, logLikelihood: -3364.606542
[00:01:08] [worker #10] Bootstrap tree #875, logLikelihood: -3374.052286
[00:01:08] [worker #21] Bootstrap tree #886, logLikelihood: -3442.468083
[00:01:08] [worker #7] Bootstrap tree #896, logLikelihood: -3391.874779
[00:01:09] [worker #8] Bootstrap tree #897, logLikelihood: -3415.099332
[00:01:09] [worker #10] Bootstrap tree #899, logLikelihood: -3304.144467
[00:01:09] [worker #11] Bootstrap tree #900, logLikelihood: -3392.126930
[00:01:10] [worker #12] Bootstrap tree #901, logLikelihood: -3425.774511
[00:01:10] [worker #6] Bootstrap tree #919, logLikelihood: -3438.410429
[00:01:10] [worker #9] Bootstrap tree #922, logLikelihood: -3327.212403
[00:01:10] [worker #11] Bootstrap tree #924, logLikelihood: -3354.631012
[00:01:10] [worker #19] Bootstrap tree #908, logLikelihood: -3383.564164
[00:01:10] [worker #4] Bootstrap tree #917, logLikelihood: -3323.189399
[00:01:10] [worker #1] Bootstrap tree #914, logLikelihood: -3392.102459
[00:01:10] [worker #5] Bootstrap tree #918, logLikelihood: -3262.458508
[00:01:10] [worker #23] Bootstrap tree #912, logLikelihood: -3219.542994
[00:01:10] [worker #14] Bootstrap tree #903, logLikelihood: -3372.361503
[00:01:10] [worker #3] Bootstrap tree #916, logLikelihood: -3287.967307
[00:01:10] [worker #15] Bootstrap tree #904, logLikelihood: -3328.540694
[00:01:10] [worker #16] Bootstrap tree #905, logLikelihood: -3327.983436
[00:01:11] [worker #22] Bootstrap tree #911, logLikelihood: -3404.651094
[00:01:11] [worker #2] Bootstrap tree #915, logLikelihood: -3336.728684
[00:01:11] [worker #13] Bootstrap tree #902, logLikelihood: -3541.273355
[00:01:11] [worker #10] Bootstrap tree #923, logLikelihood: -3479.053274
[00:01:11] [worker #8] Bootstrap tree #921, logLikelihood: -3396.024956
[00:01:11] [worker #7] Bootstrap tree #920, logLikelihood: -3258.453150
[00:01:11] [worker #17] Bootstrap tree #906, logLikelihood: -3380.494945
[00:01:11] [worker #20] Bootstrap tree #909, logLikelihood: -3425.553033
[00:01:11] [worker #0] Bootstrap tree #913, logLikelihood: -3327.946859
[00:01:11] [worker #18] Bootstrap tree #907, logLikelihood: -3381.510954
[00:01:11] [worker #21] Bootstrap tree #910, logLikelihood: -3343.172236
[00:01:11] [worker #12] Bootstrap tree #925, logLikelihood: -3260.997247
[00:01:11] [worker #23] Bootstrap tree #936, logLikelihood: -3343.830454
[00:01:11] [worker #4] Bootstrap tree #941, logLikelihood: -3394.000364
[00:01:11] [worker #6] Bootstrap tree #943, logLikelihood: -3304.113045
[00:01:11] [worker #11] Bootstrap tree #948, logLikelihood: -3418.564413
[00:01:11] [worker #1] Bootstrap tree #938, logLikelihood: -3399.275498
[00:01:11] [worker #2] Bootstrap tree #939, logLikelihood: -3445.492513
[00:01:12] [worker #20] Bootstrap tree #933, logLikelihood: -3428.100337
[00:01:12] [worker #10] Bootstrap tree #947, logLikelihood: -3427.124353
[00:01:12] [worker #16] Bootstrap tree #929, logLikelihood: -3374.024421
[00:01:12] [worker #19] Bootstrap tree #932, logLikelihood: -3487.888781
[00:01:12] [worker #15] Bootstrap tree #928, logLikelihood: -3419.635820
[00:01:12] [worker #17] Bootstrap tree #930, logLikelihood: -3422.041531
[00:01:12] [worker #14] Bootstrap tree #927, logLikelihood: -3471.886790
[00:01:12] [worker #3] Bootstrap tree #940, logLikelihood: -3392.832554
[00:01:12] [worker #22] Bootstrap tree #935, logLikelihood: -3310.092444
[00:01:12] [worker #13] Bootstrap tree #926, logLikelihood: -3372.168676
[00:01:12] [worker #8] Bootstrap tree #945, logLikelihood: -3285.781681
[00:01:12] [worker #5] Bootstrap tree #942, logLikelihood: -3333.045254
[00:01:12] [worker #9] Bootstrap tree #946, logLikelihood: -3431.818861
[00:01:12] [worker #7] Bootstrap tree #944, logLikelihood: -3405.502011
[00:01:12] [worker #18] Bootstrap tree #931, logLikelihood: -3410.922537
[00:01:12] [worker #0] Bootstrap tree #937, logLikelihood: -3399.748946
[00:01:12] [worker #21] Bootstrap tree #934, logLikelihood: -3252.048019
[00:01:12] [worker #12] Bootstrap tree #949, logLikelihood: -3361.367465
[00:01:13] [worker #13] Bootstrap tree #950, logLikelihood: -3417.645450
[00:01:14] [worker #23] Bootstrap tree #960, logLikelihood: -3324.309344
[00:01:14] [worker #10] Bootstrap tree #971, logLikelihood: -3402.635358
[00:01:14] [worker #15] Bootstrap tree #952, logLikelihood: -3351.137604
[00:01:14] [worker #1] Bootstrap tree #962, logLikelihood: -3171.519570
[00:01:14] [worker #3] Bootstrap tree #964, logLikelihood: -3305.149596
[00:01:14] [worker #4] Bootstrap tree #965, logLikelihood: -3445.156448
[00:01:14] [worker #14] Bootstrap tree #951, logLikelihood: -3469.893392
[00:01:14] [worker #5] Bootstrap tree #966, logLikelihood: -3463.670911
[00:01:14] [worker #19] Bootstrap tree #956, logLikelihood: -3361.689632
[00:01:14] [worker #22] Bootstrap tree #959, logLikelihood: -3456.257730
[00:01:14] [worker #11] Bootstrap tree #972, logLikelihood: -3372.834070
[00:01:14] [worker #6] Bootstrap tree #967, logLikelihood: -3327.699209
[00:01:14] [worker #21] Bootstrap tree #958, logLikelihood: -3199.615997
[00:01:14] [worker #13] Bootstrap tree #974, logLikelihood: -3344.880418
[00:01:14] [worker #17] Bootstrap tree #954, logLikelihood: -3404.586019
[00:01:14] [worker #20] Bootstrap tree #957, logLikelihood: -3341.532220
[00:01:14] [worker #7] Bootstrap tree #968, logLikelihood: -3470.832314
[00:01:14] [worker #8] Bootstrap tree #969, logLikelihood: -3389.864019
[00:01:14] [worker #18] Bootstrap tree #955, logLikelihood: -3310.721029
[00:01:14] [worker #9] Bootstrap tree #970, logLikelihood: -3353.965841
[00:01:14] [worker #12] Bootstrap tree #973, logLikelihood: -3331.077981
[00:01:14] [worker #16] Bootstrap tree #953, logLikelihood: -3403.623586
[00:01:14] [worker #0] Bootstrap tree #961, logLikelihood: -3492.406614
[00:01:14] [worker #2] Bootstrap tree #963, logLikelihood: -3381.146037
[00:01:15] [worker #10] Bootstrap tree #995, logLikelihood: -3432.491203
[00:01:15] [worker #15] Bootstrap tree #976, logLikelihood: -3419.785537
[00:01:15] [worker #23] Bootstrap tree #984, logLikelihood: -3425.859485
[00:01:15] [worker #4] Bootstrap tree #989, logLikelihood: -3381.916830
[00:01:15] [worker #1] Bootstrap tree #986, logLikelihood: -3476.701595
[00:01:15] [worker #14] Bootstrap tree #975, logLikelihood: -3374.333905
[00:01:15] [worker #5] Bootstrap tree #990, logLikelihood: -3463.776493
[00:01:15] [worker #11] Bootstrap tree #996, logLikelihood: -3474.850433
[00:01:15] [worker #18] Bootstrap tree #979, logLikelihood: -3371.061555
[00:01:15] [worker #21] Bootstrap tree #982, logLikelihood: -3387.998864
[00:01:15] [worker #19] Bootstrap tree #980, logLikelihood: -3447.324811
[00:01:15] [worker #8] Bootstrap tree #993, logLikelihood: -3363.075444
[00:01:15] [worker #17] Bootstrap tree #978, logLikelihood: -3355.764900
[00:01:15] [worker #22] Bootstrap tree #983, logLikelihood: -3404.746536
[00:01:15] [worker #13] Bootstrap tree #998, logLikelihood: -3453.917829
[00:01:15] [worker #20] Bootstrap tree #981, logLikelihood: -3481.045713
[00:01:15] [worker #0] Bootstrap tree #985, logLikelihood: -3253.489167
[00:01:15] [worker #7] Bootstrap tree #992, logLikelihood: -3348.126790
[00:01:15] [worker #3] Bootstrap tree #988, logLikelihood: -3409.689944
[00:01:16] [worker #16] Bootstrap tree #977, logLikelihood: -3359.025928
[00:01:16] [worker #6] Bootstrap tree #991, logLikelihood: -3445.244144
[00:01:16] [worker #12] Bootstrap tree #997, logLikelihood: -3329.648603
[00:01:16] [worker #9] Bootstrap tree #994, logLikelihood: -3335.129949
[00:01:16] [worker #14] Bootstrap tree #999, logLikelihood: -3468.622448
[00:01:16] [worker #15] Bootstrap tree #1000, logLikelihood: -3428.472773
[00:01:17] [worker #2] Bootstrap tree #987, logLikelihood: -3410.654412

Optimized model parameters:

   Partition 0: noname
   Rate heterogeneity: GAMMA (4 cats, mean),  alpha: 6.114605 (ML),  weights&rates: (0.250000,0.542678) (0.250000,0.826565) (0.250000,1.081000) (0.250000,1.549757) 
   Base frequencies (model): 0.076748 0.051691 0.042645 0.051544 0.019803 0.040752 0.061830 0.073152 0.022944 0.053761 0.091904 0.058676 0.023826 0.040126 0.050901 0.068765 0.058565 0.014261 0.032102 0.066005 
   Substitution rates (model): 58.000000 54.000000 81.000000 56.000000 57.000000 105.000000 179.000000 27.000000 36.000000 30.000000 35.000000 54.000000 15.000000 194.000000 378.000000 475.000000 9.000000 11.000000 298.000000 45.000000 16.000000 113.000000 310.000000 29.000000 137.000000 328.000000 22.000000 38.000000 646.000000 44.000000 5.000000 74.000000 101.000000 64.000000 126.000000 20.000000 17.000000 528.000000 34.000000 86.000000 58.000000 81.000000 391.000000 47.000000 12.000000 263.000000 30.000000 10.000000 15.000000 503.000000 232.000000 8.000000 70.000000 16.000000 10.000000 49.000000 767.000000 130.000000 112.000000 11.000000 7.000000 26.000000 15.000000 4.000000 15.000000 59.000000 38.000000 4.000000 46.000000 31.000000 9.000000 5.000000 59.000000 69.000000 17.000000 23.000000 7.000000 31.000000 78.000000 14.000000 223.000000 42.000000 115.000000 209.000000 62.000000 323.000000 26.000000 597.000000 9.000000 72.000000 292.000000 43.000000 4.000000 164.000000 53.000000 51.000000 18.000000 24.000000 20.000000 119.000000 26.000000 12.000000 9.000000 181.000000 18.000000 5.000000 18.000000 30.000000 32.000000 10.000000 7.000000 45.000000 23.000000 6.000000 6.000000 27.000000 14.000000 5.000000 24.000000 201.000000 33.000000 55.000000 8.000000 47.000000 16.000000 56.000000 45.000000 33.000000 40.000000 115.000000 73.000000 46.000000 8.000000 573.000000 11.000000 229.000000 21.000000 479.000000 89.000000 10.000000 40.000000 245.000000 9.000000 32.000000 961.000000 14.000000 388.000000 248.000000 102.000000 59.000000 25.000000 52.000000 24.000000 180.000000 65.000000 4.000000 21.000000 47.000000 103.000000 10.000000 8.000000 14.000000 43.000000 16.000000 29.000000 226.000000 24.000000 18.000000 323.000000 17.000000 92.000000 12.000000 53.000000 536.000000 62.000000 285.000000 118.000000 6.000000 10.000000 23.000000 477.000000 35.000000 63.000000 38.000000 12.000000 21.000000 112.000000 71.000000 25.000000 16.000000 


Final LogLikelihood: -3398.579185

AIC score: 6861.158370 / AICc score: 6882.709391 / BIC score: 6953.164685
Free parameters (model + branch lengths): 32

WARNING: Best ML tree contains 1 near-zero branches!

Best ML tree with collapsed near-zero branches saved to: /scratch/richon/Cif_pair/cifA.raxml.bestTreeCollapsed
Best ML tree saved to: /scratch/richon/Cif_pair/cifA.raxml.bestTree
All ML trees saved to: /scratch/richon/Cif_pair/cifA.raxml.mlTrees
Best ML tree with Felsenstein bootstrap (FBP) support values saved to: /scratch/richon/Cif_pair/cifA.raxml.support
Optimized model saved to: /scratch/richon/Cif_pair/cifA.raxml.bestModel
Bootstrap trees saved to: /scratch/richon/Cif_pair/cifA.raxml.bootstraps

Execution log saved to: /scratch/richon/Cif_pair/cifA.raxml.log

Analysis started: 22-Apr-2026 16:44:35 / finished: 22-Apr-2026 16:45:52

Elapsed time: 77.426 seconds

