
RAxML-NG v. 1.2.2 released on 11.04.2024 by The Exelixis Lab.
Developed by: Alexey M. Kozlov and Alexandros Stamatakis.
Contributors: Diego Darriba, Tomas Flouri, Benoit Morel, Sarah Lutteropp, Ben Bettisworth, Julia Haag, Anastasis Togkousidis.
Latest version: https://github.com/amkozlov/raxml-ng
Questions/problems/suggestions? Please visit: https://groups.google.com/forum/#!forum/raxml

System: Intel(R) Xeon(R) CPU E5-2650 v4 @ 2.20GHz, 24 cores, 141 GB RAM

RAxML-NG was called at 30-Mar-2026 11:31:28 as follows:

raxml-ng --all --msa Cif_B_11_03_26_corect.fa --model CPREV+G4 --prefix Your_Tree-raxmlng --seed 5 --threads 24 --bs-trees 1000

Analysis options:
  run mode: ML tree search + bootstrapping (Felsenstein Bootstrap)
  start tree(s): random (10) + parsimony (10)
  bootstrap replicates: parsimony (1000)
  random seed: 5
  tip-inner: OFF
  pattern compression: ON
  per-rate scalers: OFF
  site repeats: ON
  logLH epsilon: general: 10.000000, brlen-triplet: 1000.000000
  fast spr radius: AUTO
  spr subtree cutoff: 1.000000
  fast CLV updates: ON
  branch lengths: proportional (ML estimate, algorithm: NR-FAST)
  SIMD kernels: AVX2
  parallelization: coarse-grained (auto), PTHREADS (24 threads), thread pinning: OFF

[00:00:00] Reading alignment from file: Cif_B_11_03_26_corect.fa
[00:00:00] Loaded alignment with 112 taxa and 192 sites

WARNING: Sequences NW_025319040.1_Drosophila_ananassae and NW_025319039.1_Drosophila_ananassae are exactly identical!
WARNING: Sequences NW_025319040.1_Drosophila_ananassae and wRi_00593_594 are exactly identical!
WARNING: Sequences NW_025319040.1_Drosophila_ananassae and wRi_01119_1120 are exactly identical!
WARNING: Sequences NW_025319046.1_Drosophila_ananassae and NW_025319042.1_Drosophila_ananassae are exactly identical!
WARNING: Sequences NW_025319046.1_Drosophila_ananassae and wRi_00741 are exactly identical!
WARNING: Sequences OJH31527.1_Armadillidium_vulgare and OJH32251.1_Armadillidium_vulgare are exactly identical!
WARNING: Sequences OJH31527.1_Armadillidium_vulgare and OJH32952.1_Armadillidium_vulgare are exactly identical!
WARNING: Sequences KAH1011015.1_Dendroctonus_ponderosae and XP_019765667.1_Dendroctonus_ponderosae are exactly identical!
WARNING: Sequences XM_019910107.2_Dendroctonus_ponderosae and XM_048665546.1_Dendroctonus_ponderosae are exactly identical!
WARNING: Sequences MesenetGL2_00341 and MesenetL5_00647 are exactly identical!
WARNING: Sequences MesenetL5_00422 and MesenetGL2_00289 are exactly identical!
WARNING: Sequences REDioLin_01112 and REDioRuf02_00993 are exactly identical!
WARNING: Sequences REPolTer_01684 and REPolTer_01729 are exactly identical!
WARNING: Sequences RambAc37_01158 and RambAn13_00006 are exactly identical!
WARNING: Sequences RambAc37_01158 and RambDW_01274_01275 are exactly identical!
WARNING: Sequences RambAc37_01158 and RambGAT_01151 are exactly identical!
WARNING: Sequences RambAc37_01158 and RambAcpa_01372_1374 are exactly identical!
WARNING: Sequences RambAc37_01158 and RambMeda_AcajP2_012443_01238 are exactly identical!
WARNING: Sequences RheiTIGMIC_01169 and RhooCS_00745_746 are exactly identical!
WARNING: Sequences wAdent_01078 and wAlbB_00481 are exactly identical!
WARNING: Sequences wAdent_01078 and wVitA_00397 are exactly identical!
WARNING: Sequences SpiroDCM94_0002 and SpiroDCF100_0002 are exactly identical!
WARNING: Duplicate sequences found: 22

NOTE: Reduced alignment (with duplicates and gap-only sites/taxa removed) 
NOTE: was saved to: /scratch/richon/Your_Tree-raxmlng.raxml.reduced.phy

Alignment comprises 1 partitions and 192 patterns

Partition 0: noname
Model: CPREV+G4m
Alignment sites / patterns: 192 / 192
Gaps: 0.45 %
Invariant sites: 0.00 %


NOTE: Binary MSA file created: Your_Tree-raxmlng.raxml.rba

Parallelization scheme autoconfig: 24 worker(s) x 1 thread(s)

[00:00:00] Generating 10 random starting tree(s) with 112 taxa
[00:00:00] Generating 10 parsimony starting tree(s) with 112 taxa
Parallel parsimony with 24 threads
Parallel reduction/worker buffer size: 1 KB  / 0 KB

[00:00:00] Data distribution: max. partitions/sites/weight per thread: 1 / 192 / 15360
[00:00:00] Data distribution: max. searches per worker: 43

Starting ML tree search with 20 distinct starting trees

[00:00:45] [worker #13] ML tree search #14, logLikelihood: -15600.913306
[00:00:46] [worker #18] ML tree search #19, logLikelihood: -15599.936680
[00:00:47] [worker #17] ML tree search #18, logLikelihood: -15601.920442
[00:00:47] [worker #12] ML tree search #13, logLikelihood: -15600.532103
[00:00:48] [worker #15] ML tree search #16, logLikelihood: -15600.824910
[00:00:48] [worker #16] ML tree search #17, logLikelihood: -15600.539439
[00:00:50] [worker #19] ML tree search #20, logLikelihood: -15600.926530
[00:00:50] [worker #11] ML tree search #12, logLikelihood: -15601.159652
[00:00:51] [worker #10] ML tree search #11, logLikelihood: -15600.916549
[00:00:54] [worker #2] ML tree search #3, logLikelihood: -15604.396825
[00:00:54] [worker #8] ML tree search #9, logLikelihood: -15599.896816
[00:00:55] [worker #9] ML tree search #10, logLikelihood: -15600.377314
[00:00:55] [worker #1] ML tree search #2, logLikelihood: -15601.715245
[00:00:56] [worker #6] ML tree search #7, logLikelihood: -15599.768310
[00:00:56] [worker #7] ML tree search #8, logLikelihood: -15602.464703
[00:00:57] [worker #3] ML tree search #4, logLikelihood: -15599.818925
[00:00:58] [worker #4] ML tree search #5, logLikelihood: -15600.498618
[00:00:58] [worker #5] ML tree search #6, logLikelihood: -15601.044273
[00:01:02] [worker #0] ML tree search #1, logLikelihood: -15602.025415
[00:01:15] [worker #14] ML tree search #15, logLikelihood: -15599.865172

[00:01:15] ML tree search completed, best tree logLH: -15599.768310

[00:01:15] Starting bootstrapping analysis with 1000 replicates.

[00:01:43] [worker #10] Bootstrap tree #11, logLikelihood: -16410.282602
[00:01:45] [worker #6] Bootstrap tree #7, logLikelihood: -15235.151480
[00:01:46] [worker #17] Bootstrap tree #18, logLikelihood: -15802.889130
[00:01:46] [worker #20] Bootstrap tree #21, logLikelihood: -15503.242419
[00:01:46] [worker #22] Bootstrap tree #23, logLikelihood: -16789.448395
[00:01:47] [worker #21] Bootstrap tree #22, logLikelihood: -16033.277488
[00:01:47] [worker #5] Bootstrap tree #6, logLikelihood: -15660.696267
[00:01:47] [worker #18] Bootstrap tree #19, logLikelihood: -14970.094637
[00:01:47] [worker #9] Bootstrap tree #10, logLikelihood: -15955.693990
[00:01:47] [worker #16] Bootstrap tree #17, logLikelihood: -15076.264682
[00:01:48] [worker #4] Bootstrap tree #5, logLikelihood: -15307.389605
[00:01:48] [worker #13] Bootstrap tree #14, logLikelihood: -15006.714615
[00:01:49] [worker #19] Bootstrap tree #20, logLikelihood: -15783.914133
[00:01:49] [worker #7] Bootstrap tree #8, logLikelihood: -15494.559148
[00:01:50] [worker #11] Bootstrap tree #12, logLikelihood: -15261.259308
[00:01:50] [worker #12] Bootstrap tree #13, logLikelihood: -15810.473206
[00:01:50] [worker #15] Bootstrap tree #16, logLikelihood: -14533.901025
[00:01:50] [worker #1] Bootstrap tree #2, logLikelihood: -14717.507138
[00:01:50] [worker #2] Bootstrap tree #3, logLikelihood: -15171.298003
[00:01:51] [worker #8] Bootstrap tree #9, logLikelihood: -15253.570603
[00:01:52] [worker #0] Bootstrap tree #1, logLikelihood: -15254.006573
[00:01:53] [worker #3] Bootstrap tree #4, logLikelihood: -14721.812434
[00:02:15] [worker #17] Bootstrap tree #42, logLikelihood: -15451.321876
[00:02:16] [worker #10] Bootstrap tree #35, logLikelihood: -15556.171763
[00:02:17] [worker #9] Bootstrap tree #34, logLikelihood: -15262.003239
[00:02:17] [worker #6] Bootstrap tree #31, logLikelihood: -15272.798260
[00:02:18] [worker #18] Bootstrap tree #43, logLikelihood: -16158.640747
[00:02:18] [worker #21] Bootstrap tree #46, logLikelihood: -15630.504634
[00:02:19] [worker #5] Bootstrap tree #30, logLikelihood: -15523.731770
[00:02:20] [worker #4] Bootstrap tree #29, logLikelihood: -15155.869632
[00:02:20] [worker #7] Bootstrap tree #32, logLikelihood: -15486.651015
[00:02:21] [worker #20] Bootstrap tree #45, logLikelihood: -14919.579996
[00:02:21] [worker #22] Bootstrap tree #47, logLikelihood: -15932.113343
[00:02:21] [worker #0] Bootstrap tree #25, logLikelihood: -15625.404444
[00:02:22] [worker #11] Bootstrap tree #36, logLikelihood: -14943.070271
[00:02:22] [worker #13] Bootstrap tree #38, logLikelihood: -16017.752812
[00:02:22] [worker #16] Bootstrap tree #41, logLikelihood: -15411.295822
[00:02:22] [worker #12] Bootstrap tree #37, logLikelihood: -15449.775861
[00:02:23] [worker #15] Bootstrap tree #40, logLikelihood: -14296.908810
[00:02:23] [worker #1] Bootstrap tree #26, logLikelihood: -16013.380311
[00:02:23] [worker #8] Bootstrap tree #33, logLikelihood: -14391.993978
[00:02:23] [worker #19] Bootstrap tree #44, logLikelihood: -15402.171100
[00:02:23] [worker #14] Bootstrap tree #15, logLikelihood: -15488.102151
[00:02:23] [worker #2] Bootstrap tree #27, logLikelihood: -15305.144985
[00:02:24] [worker #23] Bootstrap tree #24, logLikelihood: -15724.259731
[00:02:26] [worker #3] Bootstrap tree #28, logLikelihood: -15846.576923
[00:02:51] [worker #0] Bootstrap tree #49, logLikelihood: -15202.993958
[00:02:57] [worker #1] Bootstrap tree #50, logLikelihood: -15713.699282
[00:03:32] [worker #14] Bootstrap tree #39, logLikelihood: -15510.138388
[00:03:36] [worker #23] Bootstrap tree #48, logLikelihood: -15213.700264
[00:04:05] [worker #6] Bootstrap tree #55, logLikelihood: -15012.091817
[00:04:05] [worker #7] Bootstrap tree #56, logLikelihood: -15912.705910
[00:04:05] [worker #15] Bootstrap tree #64, logLikelihood: -14878.598858
[00:04:06] [worker #3] Bootstrap tree #52, logLikelihood: -15069.211616
[00:04:06] [worker #11] Bootstrap tree #60, logLikelihood: -15627.837655
[00:04:06] [worker #18] Bootstrap tree #67, logLikelihood: -14942.300082
[00:04:07] [worker #23] Bootstrap tree #72, logLikelihood: -15047.632500
[00:04:07] [worker #5] Bootstrap tree #54, logLikelihood: -15684.488791
[00:04:07] [worker #4] Bootstrap tree #53, logLikelihood: -15563.346714
[00:04:07] [worker #20] Bootstrap tree #69, logLikelihood: -15797.502575
[00:04:07] [worker #9] Bootstrap tree #58, logLikelihood: -14878.744090
[00:04:07] [worker #14] Bootstrap tree #63, logLikelihood: -15186.533134
[00:04:08] [worker #16] Bootstrap tree #65, logLikelihood: -15888.982531
[00:04:08] [worker #0] Bootstrap tree #73, logLikelihood: -16263.595647
[00:04:09] [worker #19] Bootstrap tree #68, logLikelihood: -15882.587341
[00:04:09] [worker #17] Bootstrap tree #66, logLikelihood: -15612.833234
[00:04:10] [worker #8] Bootstrap tree #57, logLikelihood: -15643.914746
[00:04:10] [worker #1] Bootstrap tree #74, logLikelihood: -15743.376757
[00:04:10] [worker #10] Bootstrap tree #59, logLikelihood: -15559.963994
[00:04:10] [worker #21] Bootstrap tree #70, logLikelihood: -15470.682601
[00:04:11] [worker #12] Bootstrap tree #61, logLikelihood: -15809.132762
[00:04:11] [worker #2] Bootstrap tree #51, logLikelihood: -15254.893709
[00:04:34] [worker #6] Bootstrap tree #79, logLikelihood: -15188.763537
[00:04:35] [worker #7] Bootstrap tree #80, logLikelihood: -15301.861825
[00:04:35] [worker #15] Bootstrap tree #88, logLikelihood: -15613.761430
[00:04:36] [worker #18] Bootstrap tree #91, logLikelihood: -15866.648466
[00:04:37] [worker #4] Bootstrap tree #77, logLikelihood: -15434.587616
[00:04:38] [worker #3] Bootstrap tree #76, logLikelihood: -15319.452710
[00:04:38] [worker #5] Bootstrap tree #78, logLikelihood: -15803.575115
[00:04:38] [worker #11] Bootstrap tree #84, logLikelihood: -15530.416259
[00:04:38] [worker #20] Bootstrap tree #93, logLikelihood: -15986.436668
[00:04:38] [worker #0] Bootstrap tree #97, logLikelihood: -15830.602956
[00:04:39] [worker #14] Bootstrap tree #87, logLikelihood: -15920.309512
[00:04:39] [worker #16] Bootstrap tree #89, logLikelihood: -15466.550919
[00:04:40] [worker #8] Bootstrap tree #81, logLikelihood: -15769.861359
[00:04:40] [worker #1] Bootstrap tree #98, logLikelihood: -15406.382554
[00:04:41] [worker #2] Bootstrap tree #75, logLikelihood: -16454.361693
[00:04:41] [worker #12] Bootstrap tree #85, logLikelihood: -15384.959642
[00:04:42] [worker #9] Bootstrap tree #82, logLikelihood: -15360.167153
[00:04:42] [worker #17] Bootstrap tree #90, logLikelihood: -14572.942218
[00:04:42] [worker #23] Bootstrap tree #96, logLikelihood: -15803.719863
[00:04:43] [worker #19] Bootstrap tree #92, logLikelihood: -16249.997150
[00:04:43] [worker #21] Bootstrap tree #94, logLikelihood: -15310.778619
[00:04:44] [worker #10] Bootstrap tree #83, logLikelihood: -15524.112424
[00:04:45] [worker #22] Bootstrap tree #71, logLikelihood: -15431.694601
[00:04:45] [worker #13] Bootstrap tree #62, logLikelihood: -15410.741277
[00:05:09] [worker #3] Bootstrap tree #100, logLikelihood: -15094.536021
[00:05:12] [worker #2] Bootstrap tree #99, logLikelihood: -15168.696656
[00:05:49] [worker #22] Bootstrap tree #95, logLikelihood: -15720.985724
[00:05:53] [worker #13] Bootstrap tree #86, logLikelihood: -15947.523449
[00:06:17] [worker #6] Bootstrap tree #103, logLikelihood: -15437.964204
[00:06:23] [worker #4] Bootstrap tree #101, logLikelihood: -15855.025078
[00:06:23] [worker #19] Bootstrap tree #116, logLikelihood: -15063.766469
[00:06:23] [worker #1] Bootstrap tree #122, logLikelihood: -14481.483804
[00:06:24] [worker #15] Bootstrap tree #112, logLikelihood: -15406.971436
[00:06:25] [worker #10] Bootstrap tree #107, logLikelihood: -15619.062800
[00:06:25] [worker #14] Bootstrap tree #111, logLikelihood: -15030.821392
[00:06:25] [worker #18] Bootstrap tree #115, logLikelihood: -14630.691738
[00:06:25] [worker #20] Bootstrap tree #117, logLikelihood: -15581.453626
[00:06:25] [worker #8] Bootstrap tree #105, logLikelihood: -15744.219927
[00:06:25] [worker #3] Bootstrap tree #124, logLikelihood: -14848.682492
[00:06:25] [worker #0] Bootstrap tree #121, logLikelihood: -15233.479571
[00:06:26] [worker #9] Bootstrap tree #106, logLikelihood: -15495.483743
[00:06:26] [worker #7] Bootstrap tree #104, logLikelihood: -15323.364067
[00:06:26] [worker #16] Bootstrap tree #113, logLikelihood: -15958.923951
[00:06:27] [worker #23] Bootstrap tree #120, logLikelihood: -14600.710931
[00:06:27] [worker #21] Bootstrap tree #118, logLikelihood: -15562.322268
[00:06:28] [worker #17] Bootstrap tree #114, logLikelihood: -15315.719924
[00:06:28] [worker #2] Bootstrap tree #123, logLikelihood: -15493.932295
[00:06:29] [worker #11] Bootstrap tree #108, logLikelihood: -15342.755607
[00:06:29] [worker #12] Bootstrap tree #109, logLikelihood: -15577.815223
[00:06:31] [worker #5] Bootstrap tree #102, logLikelihood: -15420.656442
[00:06:49] [worker #6] Bootstrap tree #127, logLikelihood: -14844.596719
[00:06:53] [worker #15] Bootstrap tree #136, logLikelihood: -14982.853516
[00:06:55] [worker #14] Bootstrap tree #135, logLikelihood: -15645.370130
[00:06:55] [worker #19] Bootstrap tree #140, logLikelihood: -15052.269240
[00:06:56] [worker #1] Bootstrap tree #146, logLikelihood: -15748.240532
[00:06:56] [worker #9] Bootstrap tree #130, logLikelihood: -15844.867402
[00:06:57] [worker #4] Bootstrap tree #125, logLikelihood: -14930.188525
[00:06:57] [worker #18] Bootstrap tree #139, logLikelihood: -15401.510295
[00:06:57] [worker #10] Bootstrap tree #131, logLikelihood: -15763.923214
[00:06:57] [worker #0] Bootstrap tree #145, logLikelihood: -15877.586364
[00:06:58] [worker #8] Bootstrap tree #129, logLikelihood: -15337.603109
[00:06:58] [worker #7] Bootstrap tree #128, logLikelihood: -15093.651905
[00:06:59] [worker #23] Bootstrap tree #144, logLikelihood: -15178.754839
[00:06:59] [worker #20] Bootstrap tree #141, logLikelihood: -14666.162863
[00:06:59] [worker #17] Bootstrap tree #138, logLikelihood: -15490.939597
[00:07:00] [worker #16] Bootstrap tree #137, logLikelihood: -15417.850749
[00:07:00] [worker #3] Bootstrap tree #148, logLikelihood: -15747.575668
[00:07:00] [worker #11] Bootstrap tree #132, logLikelihood: -14648.189261
[00:07:01] [worker #21] Bootstrap tree #142, logLikelihood: -15284.750590
[00:07:01] [worker #2] Bootstrap tree #147, logLikelihood: -14793.713126
[00:07:03] [worker #5] Bootstrap tree #126, logLikelihood: -15812.047052
[00:07:05] [worker #13] Bootstrap tree #110, logLikelihood: -15677.787522
[00:07:06] [worker #12] Bootstrap tree #133, logLikelihood: -15942.369116
[00:07:11] [worker #22] Bootstrap tree #119, logLikelihood: -15393.595632
[00:07:27] [worker #4] Bootstrap tree #149, logLikelihood: -15171.728455
[00:07:36] [worker #5] Bootstrap tree #150, logLikelihood: -15594.496350
[00:08:16] [worker #13] Bootstrap tree #134, logLikelihood: -15416.568764
[00:08:20] [worker #22] Bootstrap tree #143, logLikelihood: -15905.586789
[00:08:50] [worker #23] Bootstrap tree #168, logLikelihood: -15380.820356
[00:08:51] [worker #11] Bootstrap tree #156, logLikelihood: -15232.731448
[00:08:51] [worker #18] Bootstrap tree #163, logLikelihood: -15264.642731
[00:08:51] [worker #7] Bootstrap tree #152, logLikelihood: -14984.453066
[00:08:51] [worker #4] Bootstrap tree #173, logLikelihood: -14725.797878
[00:08:51] [worker #1] Bootstrap tree #170, logLikelihood: -14612.172443
[00:08:51] [worker #14] Bootstrap tree #159, logLikelihood: -15315.762203
[00:08:51] [worker #19] Bootstrap tree #164, logLikelihood: -15834.020208
[00:08:52] [worker #16] Bootstrap tree #161, logLikelihood: -15072.799462
[00:08:52] [worker #21] Bootstrap tree #166, logLikelihood: -15326.423756
[00:08:52] [worker #8] Bootstrap tree #153, logLikelihood: -15407.522323
[00:08:52] [worker #12] Bootstrap tree #157, logLikelihood: -14595.276190
[00:08:52] [worker #5] Bootstrap tree #174, logLikelihood: -14886.909252
[00:08:53] [worker #20] Bootstrap tree #165, logLikelihood: -15405.817997
[00:08:53] [worker #0] Bootstrap tree #169, logLikelihood: -16084.698297
[00:08:53] [worker #10] Bootstrap tree #155, logLikelihood: -15650.673547
[00:08:53] [worker #9] Bootstrap tree #154, logLikelihood: -14601.341512
[00:08:55] [worker #3] Bootstrap tree #172, logLikelihood: -15537.877172
[00:08:55] [worker #15] Bootstrap tree #160, logLikelihood: -15448.561636
[00:08:56] [worker #6] Bootstrap tree #151, logLikelihood: -14959.326626
[00:08:56] [worker #2] Bootstrap tree #171, logLikelihood: -15531.844936
[00:08:57] [worker #17] Bootstrap tree #162, logLikelihood: -16037.598821
[00:09:20] [worker #11] Bootstrap tree #180, logLikelihood: -15353.461005
[00:09:20] [worker #4] Bootstrap tree #197, logLikelihood: -15126.870425
[00:09:21] [worker #23] Bootstrap tree #192, logLikelihood: -14532.640897
[00:09:22] [worker #16] Bootstrap tree #185, logLikelihood: -15631.402500
[00:09:22] [worker #14] Bootstrap tree #183, logLikelihood: -14674.146619
[00:09:23] [worker #8] Bootstrap tree #177, logLikelihood: -15465.407768
[00:09:23] [worker #1] Bootstrap tree #194, logLikelihood: -15794.531654
[00:09:24] [worker #7] Bootstrap tree #176, logLikelihood: -15224.600357
[00:09:25] [worker #5] Bootstrap tree #198, logLikelihood: -15601.086762
[00:09:25] [worker #20] Bootstrap tree #189, logLikelihood: -15923.058412
[00:09:26] [worker #0] Bootstrap tree #193, logLikelihood: -14929.406046
[00:09:26] [worker #12] Bootstrap tree #181, logLikelihood: -15470.787270
[00:09:26] [worker #19] Bootstrap tree #188, logLikelihood: -15323.348172
[00:09:26] [worker #21] Bootstrap tree #190, logLikelihood: -14997.921626
[00:09:26] [worker #18] Bootstrap tree #187, logLikelihood: -15798.225392
[00:09:27] [worker #15] Bootstrap tree #184, logLikelihood: -15229.622336
[00:09:28] [worker #10] Bootstrap tree #179, logLikelihood: -15929.635755
[00:09:28] [worker #3] Bootstrap tree #196, logLikelihood: -15559.233913
[00:09:28] [worker #9] Bootstrap tree #178, logLikelihood: -15991.407009
[00:09:28] [worker #2] Bootstrap tree #195, logLikelihood: -15364.594000
[00:09:29] [worker #22] Bootstrap tree #167, logLikelihood: -16031.325229
[00:09:30] [worker #17] Bootstrap tree #186, logLikelihood: -15389.476908
[00:09:31] [worker #6] Bootstrap tree #175, logLikelihood: -15136.605481
[00:09:33] [worker #13] Bootstrap tree #158, logLikelihood: -15909.357889
[00:09:57] [worker #7] Bootstrap tree #200, logLikelihood: -16221.567090
[00:09:58] [worker #6] Bootstrap tree #199, logLikelihood: -15958.671762
[00:10:43] [worker #22] Bootstrap tree #191, logLikelihood: -15015.180017
[00:10:47] [worker #13] Bootstrap tree #182, logLikelihood: -16039.464400
[00:11:13] [worker #18] Bootstrap tree #211, logLikelihood: -15409.300308
[00:11:15] [worker #21] Bootstrap tree #214, logLikelihood: -15506.117472
[00:11:18] [worker #6] Bootstrap tree #223, logLikelihood: -16191.860650
[00:11:18] [worker #10] Bootstrap tree #203, logLikelihood: -15386.694704
[00:11:18] [worker #14] Bootstrap tree #207, logLikelihood: -14979.727926
[00:11:19] [worker #7] Bootstrap tree #224, logLikelihood: -14728.259147
[00:11:19] [worker #4] Bootstrap tree #221, logLikelihood: -15210.270488
[00:11:19] [worker #19] Bootstrap tree #212, logLikelihood: -15556.145518
[00:11:20] [worker #0] Bootstrap tree #217, logLikelihood: -15206.805072
[00:11:20] [worker #3] Bootstrap tree #220, logLikelihood: -16310.837235
[00:11:20] [worker #8] Bootstrap tree #201, logLikelihood: -14730.264151
[00:11:20] [worker #17] Bootstrap tree #210, logLikelihood: -15544.164241
[00:11:20] [worker #12] Bootstrap tree #205, logLikelihood: -14817.671866
[00:11:20] [worker #2] Bootstrap tree #219, logLikelihood: -15252.286029
[00:11:20] [worker #16] Bootstrap tree #209, logLikelihood: -15306.119897
[00:11:20] [worker #9] Bootstrap tree #202, logLikelihood: -15438.709293
[00:11:21] [worker #15] Bootstrap tree #208, logLikelihood: -15676.765055
[00:11:21] [worker #5] Bootstrap tree #222, logLikelihood: -16101.030896
[00:11:21] [worker #20] Bootstrap tree #213, logLikelihood: -15709.488274
[00:11:21] [worker #11] Bootstrap tree #204, logLikelihood: -15275.403291
[00:11:22] [worker #1] Bootstrap tree #218, logLikelihood: -15821.105053
[00:11:23] [worker #23] Bootstrap tree #216, logLikelihood: -15417.431048
[00:11:45] [worker #18] Bootstrap tree #235, logLikelihood: -15596.477992
[00:11:46] [worker #21] Bootstrap tree #238, logLikelihood: -15084.628999
[00:11:47] [worker #6] Bootstrap tree #247, logLikelihood: -14889.461839
[00:11:49] [worker #17] Bootstrap tree #234, logLikelihood: -15809.999787
[00:11:49] [worker #8] Bootstrap tree #225, logLikelihood: -15912.699040
[00:11:50] [worker #2] Bootstrap tree #243, logLikelihood: -15379.312413
[00:11:50] [worker #19] Bootstrap tree #236, logLikelihood: -14871.998622
[00:11:50] [worker #4] Bootstrap tree #245, logLikelihood: -15324.762268
[00:11:50] [worker #14] Bootstrap tree #231, logLikelihood: -15095.115922
[00:11:51] [worker #10] Bootstrap tree #227, logLikelihood: -15279.547090
[00:11:51] [worker #7] Bootstrap tree #248, logLikelihood: -15263.263094
[00:11:51] [worker #0] Bootstrap tree #241, logLikelihood: -15443.904236
[00:11:52] [worker #12] Bootstrap tree #229, logLikelihood: -15536.625378
[00:11:52] [worker #1] Bootstrap tree #242, logLikelihood: -15797.006170
[00:11:53] [worker #11] Bootstrap tree #228, logLikelihood: -15342.911754
[00:11:53] [worker #15] Bootstrap tree #232, logLikelihood: -15235.746686
[00:11:53] [worker #9] Bootstrap tree #226, logLikelihood: -15870.165888
[00:11:54] [worker #3] Bootstrap tree #244, logLikelihood: -15528.896630
[00:11:54] [worker #16] Bootstrap tree #233, logLikelihood: -15264.522797
[00:11:54] [worker #20] Bootstrap tree #237, logLikelihood: -15408.253961
[00:11:54] [worker #23] Bootstrap tree #240, logLikelihood: -15120.119994
[00:11:56] [worker #5] Bootstrap tree #246, logLikelihood: -15948.863448
[00:11:58] [worker #13] Bootstrap tree #206, logLikelihood: -14278.079238
[00:11:59] [worker #22] Bootstrap tree #215, logLikelihood: -14938.587152
[00:12:20] [worker #8] Bootstrap tree #249, logLikelihood: -15314.851858
[00:12:26] [worker #9] Bootstrap tree #250, logLikelihood: -14679.754330
[00:13:08] [worker #13] Bootstrap tree #230, logLikelihood: -15134.317738
[00:13:15] [worker #22] Bootstrap tree #239, logLikelihood: -16049.659259
[00:13:42] [worker #7] Bootstrap tree #272, logLikelihood: -15413.255133
[00:13:43] [worker #8] Bootstrap tree #273, logLikelihood: -15679.610177
[00:13:45] [worker #6] Bootstrap tree #271, logLikelihood: -16150.661766
[00:13:45] [worker #0] Bootstrap tree #265, logLikelihood: -15089.502978
[00:13:45] [worker #16] Bootstrap tree #257, logLikelihood: -15980.752389
[00:13:46] [worker #2] Bootstrap tree #267, logLikelihood: -14984.578724
[00:13:46] [worker #9] Bootstrap tree #274, logLikelihood: -15725.218314
[00:13:46] [worker #5] Bootstrap tree #270, logLikelihood: -15871.864658
[00:13:46] [worker #14] Bootstrap tree #255, logLikelihood: -14972.233462
[00:13:47] [worker #21] Bootstrap tree #262, logLikelihood: -14951.335341
[00:13:47] [worker #10] Bootstrap tree #251, logLikelihood: -15660.185699
[00:13:47] [worker #23] Bootstrap tree #264, logLikelihood: -15701.489156
[00:13:47] [worker #4] Bootstrap tree #269, logLikelihood: -16203.090450
[00:13:47] [worker #12] Bootstrap tree #253, logLikelihood: -15685.213405
[00:13:47] [worker #3] Bootstrap tree #268, logLikelihood: -15480.340298
[00:13:47] [worker #19] Bootstrap tree #260, logLikelihood: -15956.718595
[00:13:48] [worker #11] Bootstrap tree #252, logLikelihood: -15944.014625
[00:13:48] [worker #17] Bootstrap tree #258, logLikelihood: -15321.233437
[00:13:48] [worker #15] Bootstrap tree #256, logLikelihood: -15068.494163
[00:13:49] [worker #1] Bootstrap tree #266, logLikelihood: -15860.659638
[00:13:51] [worker #20] Bootstrap tree #261, logLikelihood: -15837.067800
[00:13:52] [worker #18] Bootstrap tree #259, logLikelihood: -15130.373868
[00:14:14] [worker #8] Bootstrap tree #297, logLikelihood: -15256.526789
[00:14:15] [worker #7] Bootstrap tree #296, logLikelihood: -15083.975265
[00:14:16] [worker #9] Bootstrap tree #298, logLikelihood: -15629.397890
[00:14:16] [worker #14] Bootstrap tree #279, logLikelihood: -16140.774609
[00:14:16] [worker #16] Bootstrap tree #281, logLikelihood: -15038.206563
[00:14:17] [worker #23] Bootstrap tree #288, logLikelihood: -15948.019526
[00:14:17] [worker #6] Bootstrap tree #295, logLikelihood: -15377.385600
[00:14:18] [worker #4] Bootstrap tree #293, logLikelihood: -15241.464783
[00:14:18] [worker #2] Bootstrap tree #291, logLikelihood: -16389.769133
[00:14:18] [worker #3] Bootstrap tree #292, logLikelihood: -15945.544577
[00:14:18] [worker #0] Bootstrap tree #289, logLikelihood: -15503.893802
[00:14:18] [worker #10] Bootstrap tree #275, logLikelihood: -15559.909922
[00:14:19] [worker #5] Bootstrap tree #294, logLikelihood: -15772.999377
[00:14:19] [worker #11] Bootstrap tree #276, logLikelihood: -15351.793159
[00:14:19] [worker #21] Bootstrap tree #286, logLikelihood: -15719.166543
[00:14:19] [worker #19] Bootstrap tree #284, logLikelihood: -14560.382091
[00:14:20] [worker #1] Bootstrap tree #290, logLikelihood: -15168.238804
[00:14:22] [worker #12] Bootstrap tree #277, logLikelihood: -16169.912547
[00:14:22] [worker #20] Bootstrap tree #285, logLikelihood: -16204.608266
[00:14:22] [worker #15] Bootstrap tree #280, logLikelihood: -14971.349473
[00:14:22] [worker #17] Bootstrap tree #282, logLikelihood: -15281.492736
[00:14:24] [worker #18] Bootstrap tree #283, logLikelihood: -14945.222350
[00:14:27] [worker #22] Bootstrap tree #263, logLikelihood: -16176.027297
[00:14:31] [worker #13] Bootstrap tree #254, logLikelihood: -16201.050746
[00:14:49] [worker #10] Bootstrap tree #299, logLikelihood: -15748.206666
[00:14:50] [worker #11] Bootstrap tree #300, logLikelihood: -15356.370630
[00:15:37] [worker #22] Bootstrap tree #287, logLikelihood: -15801.282656
[00:15:44] [worker #13] Bootstrap tree #278, logLikelihood: -15865.546353
[00:16:15] [worker #17] Bootstrap tree #306, logLikelihood: -15177.158513
[00:16:15] [worker #1] Bootstrap tree #314, logLikelihood: -15307.649478
[00:16:16] [worker #4] Bootstrap tree #317, logLikelihood: -16022.144658
[00:16:16] [worker #6] Bootstrap tree #319, logLikelihood: -15716.612439
[00:16:16] [worker #10] Bootstrap tree #323, logLikelihood: -14989.160758
[00:16:16] [worker #5] Bootstrap tree #318, logLikelihood: -15402.499001
[00:16:16] [worker #3] Bootstrap tree #316, logLikelihood: -15472.752145
[00:16:16] [worker #7] Bootstrap tree #320, logLikelihood: -15994.151788
[00:16:16] [worker #23] Bootstrap tree #312, logLikelihood: -15078.894151
[00:16:16] [worker #18] Bootstrap tree #307, logLikelihood: -15498.827748
[00:16:17] [worker #12] Bootstrap tree #301, logLikelihood: -15342.776765
[00:16:17] [worker #20] Bootstrap tree #309, logLikelihood: -15577.772054
[00:16:17] [worker #9] Bootstrap tree #322, logLikelihood: -15545.909627
[00:16:17] [worker #16] Bootstrap tree #305, logLikelihood: -15596.473973
[00:16:17] [worker #0] Bootstrap tree #313, logLikelihood: -15607.487425
[00:16:18] [worker #21] Bootstrap tree #310, logLikelihood: -15946.624473
[00:16:18] [worker #11] Bootstrap tree #324, logLikelihood: -14995.031099
[00:16:18] [worker #19] Bootstrap tree #308, logLikelihood: -15312.992786
[00:16:18] [worker #14] Bootstrap tree #303, logLikelihood: -15300.643223
[00:16:19] [worker #2] Bootstrap tree #315, logLikelihood: -15204.613152
[00:16:19] [worker #8] Bootstrap tree #321, logLikelihood: -15612.063132
[00:16:21] [worker #15] Bootstrap tree #304, logLikelihood: -15440.700064
[00:16:44] [worker #1] Bootstrap tree #338, logLikelihood: -14810.445892
[00:16:46] [worker #6] Bootstrap tree #343, logLikelihood: -15161.470579
[00:16:47] [worker #23] Bootstrap tree #336, logLikelihood: -15257.659169
[00:16:47] [worker #12] Bootstrap tree #325, logLikelihood: -15659.683300
[00:16:47] [worker #10] Bootstrap tree #347, logLikelihood: -16291.224665
[00:16:47] [worker #0] Bootstrap tree #337, logLikelihood: -15093.498569
[00:16:47] [worker #3] Bootstrap tree #340, logLikelihood: -15737.411177
[00:16:47] [worker #14] Bootstrap tree #327, logLikelihood: -15520.185440
[00:16:48] [worker #20] Bootstrap tree #333, logLikelihood: -15939.502049
[00:16:48] [worker #11] Bootstrap tree #348, logLikelihood: -14578.210541
[00:16:49] [worker #7] Bootstrap tree #344, logLikelihood: -15246.524339
[00:16:49] [worker #4] Bootstrap tree #341, logLikelihood: -15222.475159
[00:16:49] [worker #5] Bootstrap tree #342, logLikelihood: -14615.198519
[00:16:49] [worker #8] Bootstrap tree #345, logLikelihood: -15505.309921
[00:16:49] [worker #17] Bootstrap tree #330, logLikelihood: -15679.904833
[00:16:50] [worker #18] Bootstrap tree #331, logLikelihood: -16063.325239
[00:16:50] [worker #21] Bootstrap tree #334, logLikelihood: -15398.206326
[00:16:50] [worker #9] Bootstrap tree #346, logLikelihood: -15226.806355
[00:16:51] [worker #15] Bootstrap tree #328, logLikelihood: -14915.718791
[00:16:52] [worker #16] Bootstrap tree #329, logLikelihood: -15476.801063
[00:16:52] [worker #19] Bootstrap tree #332, logLikelihood: -15403.749609
[00:16:53] [worker #2] Bootstrap tree #339, logLikelihood: -15584.803630
[00:16:54] [worker #22] Bootstrap tree #311, logLikelihood: -15331.823249
[00:16:55] [worker #13] Bootstrap tree #302, logLikelihood: -15762.977645
[00:17:21] [worker #12] Bootstrap tree #349, logLikelihood: -15906.467004
[00:18:02] [worker #22] Bootstrap tree #335, logLikelihood: -16222.633234
[00:18:04] [worker #13] Bootstrap tree #326, logLikelihood: -15741.759510
[00:18:55] [worker #13] Bootstrap tree #350, logLikelihood: -15092.414140
[00:19:24] [worker #19] Bootstrap tree #356, logLikelihood: -15384.608264
[00:19:24] [worker #8] Bootstrap tree #369, logLikelihood: -15488.156352
[00:19:25] [worker #18] Bootstrap tree #355, logLikelihood: -16097.328528
[00:19:25] [worker #5] Bootstrap tree #366, logLikelihood: -15798.742234
[00:19:26] [worker #21] Bootstrap tree #358, logLikelihood: -15727.652524
[00:19:26] [worker #7] Bootstrap tree #368, logLikelihood: -15661.299556
[00:19:26] [worker #4] Bootstrap tree #365, logLikelihood: -15187.165769
[00:19:27] [worker #12] Bootstrap tree #373, logLikelihood: -15011.065790
[00:19:27] [worker #15] Bootstrap tree #352, logLikelihood: -15187.997396
[00:19:27] [worker #6] Bootstrap tree #367, logLikelihood: -15857.436490
[00:19:27] [worker #20] Bootstrap tree #357, logLikelihood: -15297.733884
[00:19:27] [worker #0] Bootstrap tree #361, logLikelihood: -15201.803602
[00:19:27] [worker #23] Bootstrap tree #360, logLikelihood: -15445.444849
[00:19:27] [worker #11] Bootstrap tree #372, logLikelihood: -15678.524338
[00:19:28] [worker #17] Bootstrap tree #354, logLikelihood: -15278.446466
[00:19:28] [worker #1] Bootstrap tree #362, logLikelihood: -15869.236882
[00:19:29] [worker #16] Bootstrap tree #353, logLikelihood: -15507.549022
[00:19:29] [worker #14] Bootstrap tree #351, logLikelihood: -15112.299993
[00:19:29] [worker #2] Bootstrap tree #363, logLikelihood: -15963.483442
[00:19:29] [worker #10] Bootstrap tree #371, logLikelihood: -15653.455175
[00:19:29] [worker #9] Bootstrap tree #370, logLikelihood: -16325.187708
[00:19:29] [worker #3] Bootstrap tree #364, logLikelihood: -15661.112164
[00:19:55] [worker #18] Bootstrap tree #379, logLikelihood: -15611.652283
[00:19:56] [worker #19] Bootstrap tree #380, logLikelihood: -15153.894472
[00:19:57] [worker #3] Bootstrap tree #388, logLikelihood: -15355.015112
[00:19:57] [worker #5] Bootstrap tree #390, logLikelihood: -14741.184581
[00:19:57] [worker #6] Bootstrap tree #391, logLikelihood: -15037.656100
[00:19:58] [worker #4] Bootstrap tree #389, logLikelihood: -15153.980322
[00:19:58] [worker #17] Bootstrap tree #378, logLikelihood: -15239.060065
[00:19:58] [worker #14] Bootstrap tree #375, logLikelihood: -15247.005458
[00:19:58] [worker #21] Bootstrap tree #382, logLikelihood: -15221.614955
[00:19:59] [worker #8] Bootstrap tree #393, logLikelihood: -16477.668094
[00:20:00] [worker #15] Bootstrap tree #376, logLikelihood: -15331.478279
[00:20:00] [worker #10] Bootstrap tree #395, logLikelihood: -14866.250988
[00:20:00] [worker #23] Bootstrap tree #384, logLikelihood: -16577.879000
[00:20:00] [worker #16] Bootstrap tree #377, logLikelihood: -15222.933404
[00:20:00] [worker #11] Bootstrap tree #396, logLikelihood: -15384.186701
[00:20:00] [worker #1] Bootstrap tree #386, logLikelihood: -15012.849153
[00:20:00] [worker #20] Bootstrap tree #381, logLikelihood: -16130.861992
[00:20:01] [worker #12] Bootstrap tree #397, logLikelihood: -15615.779829
[00:20:01] [worker #7] Bootstrap tree #392, logLikelihood: -14451.114370
[00:20:02] [worker #9] Bootstrap tree #394, logLikelihood: -15390.471761
[00:20:03] [worker #2] Bootstrap tree #387, logLikelihood: -14697.776268
[00:20:04] [worker #0] Bootstrap tree #385, logLikelihood: -15769.487556
[00:20:08] [worker #22] Bootstrap tree #359, logLikelihood: -15454.799166
[00:20:10] [worker #13] Bootstrap tree #374, logLikelihood: -16336.911845
[00:20:31] [worker #15] Bootstrap tree #400, logLikelihood: -15313.569974
[00:20:32] [worker #14] Bootstrap tree #399, logLikelihood: -15951.181568
[00:21:14] [worker #22] Bootstrap tree #383, logLikelihood: -15670.888093
[00:21:17] [worker #13] Bootstrap tree #398, logLikelihood: -15783.636002
[00:21:44] [worker #1] Bootstrap tree #410, logLikelihood: -15329.536854
[00:21:46] [worker #3] Bootstrap tree #412, logLikelihood: -15456.115373
[00:21:46] [worker #12] Bootstrap tree #421, logLikelihood: -15510.401604
[00:21:47] [worker #6] Bootstrap tree #415, logLikelihood: -15083.109366
[00:21:47] [worker #19] Bootstrap tree #404, logLikelihood: -16006.061833
[00:21:48] [worker #0] Bootstrap tree #409, logLikelihood: -15857.149447
[00:21:48] [worker #16] Bootstrap tree #401, logLikelihood: -15200.941953
[00:21:48] [worker #7] Bootstrap tree #416, logLikelihood: -15161.321184
[00:21:49] [worker #21] Bootstrap tree #406, logLikelihood: -15488.250113
[00:21:49] [worker #15] Bootstrap tree #424, logLikelihood: -15731.623819
[00:21:49] [worker #9] Bootstrap tree #418, logLikelihood: -15559.044234
[00:21:49] [worker #8] Bootstrap tree #417, logLikelihood: -14675.457745
[00:21:50] [worker #2] Bootstrap tree #411, logLikelihood: -15477.343984
[00:21:50] [worker #10] Bootstrap tree #419, logLikelihood: -15843.771475
[00:21:50] [worker #18] Bootstrap tree #403, logLikelihood: -14663.544456
[00:21:50] [worker #5] Bootstrap tree #414, logLikelihood: -15890.340853
[00:21:50] [worker #4] Bootstrap tree #413, logLikelihood: -16310.679072
[00:21:51] [worker #23] Bootstrap tree #408, logLikelihood: -16171.544393
[00:21:51] [worker #11] Bootstrap tree #420, logLikelihood: -15792.496766
[00:21:53] [worker #20] Bootstrap tree #405, logLikelihood: -15265.097584
[00:21:53] [worker #17] Bootstrap tree #402, logLikelihood: -15399.152189
[00:21:54] [worker #14] Bootstrap tree #423, logLikelihood: -15524.092751
[00:22:14] [worker #21] Bootstrap tree #430, logLikelihood: -15215.463116
[00:22:15] [worker #1] Bootstrap tree #434, logLikelihood: -15929.820817
[00:22:16] [worker #12] Bootstrap tree #445, logLikelihood: -15187.397430
[00:22:17] [worker #3] Bootstrap tree #436, logLikelihood: -14519.399769
[00:22:18] [worker #2] Bootstrap tree #435, logLikelihood: -15532.716011
[00:22:19] [worker #4] Bootstrap tree #437, logLikelihood: -15497.508783
[00:22:19] [worker #5] Bootstrap tree #438, logLikelihood: -14532.309046
[00:22:20] [worker #6] Bootstrap tree #439, logLikelihood: -15923.480493
[00:22:21] [worker #0] Bootstrap tree #433, logLikelihood: -15636.331918
[00:22:21] [worker #9] Bootstrap tree #442, logLikelihood: -15328.888984
[00:22:21] [worker #19] Bootstrap tree #428, logLikelihood: -15742.316383
[00:22:22] [worker #10] Bootstrap tree #443, logLikelihood: -16059.277473
[00:22:22] [worker #18] Bootstrap tree #427, logLikelihood: -14452.165892
[00:22:22] [worker #11] Bootstrap tree #444, logLikelihood: -15377.953384
[00:22:22] [worker #17] Bootstrap tree #426, logLikelihood: -14448.401790
[00:22:22] [worker #23] Bootstrap tree #432, logLikelihood: -15659.200937
[00:22:24] [worker #7] Bootstrap tree #440, logLikelihood: -15631.827824
[00:22:25] [worker #8] Bootstrap tree #441, logLikelihood: -16043.660040
[00:22:25] [worker #16] Bootstrap tree #425, logLikelihood: -15333.351131
[00:22:25] [worker #15] Bootstrap tree #448, logLikelihood: -16293.662711
[00:22:26] [worker #20] Bootstrap tree #429, logLikelihood: -15516.156056
[00:22:27] [worker #14] Bootstrap tree #447, logLikelihood: -15041.428064
[00:22:30] [worker #13] Bootstrap tree #422, logLikelihood: -16016.484582
[00:22:36] [worker #22] Bootstrap tree #407, logLikelihood: -15533.084205
[00:22:54] [worker #17] Bootstrap tree #450, logLikelihood: -16091.337288
[00:22:57] [worker #16] Bootstrap tree #449, logLikelihood: -15045.314645
[00:23:41] [worker #13] Bootstrap tree #446, logLikelihood: -14772.523390
[00:23:44] [worker #22] Bootstrap tree #431, logLikelihood: -15345.656501
[00:24:13] [worker #8] Bootstrap tree #465, logLikelihood: -14878.864422
[00:24:14] [worker #5] Bootstrap tree #462, logLikelihood: -16045.914204
[00:24:14] [worker #1] Bootstrap tree #458, logLikelihood: -15988.082003
[00:24:15] [worker #7] Bootstrap tree #464, logLikelihood: -15173.341133
[00:24:15] [worker #19] Bootstrap tree #452, logLikelihood: -15994.297323
[00:24:15] [worker #16] Bootstrap tree #473, logLikelihood: -15250.156348
[00:24:16] [worker #10] Bootstrap tree #467, logLikelihood: -15318.764555
[00:24:16] [worker #6] Bootstrap tree #463, logLikelihood: -14662.470100
[00:24:16] [worker #4] Bootstrap tree #461, logLikelihood: -15272.245670
[00:24:17] [worker #3] Bootstrap tree #460, logLikelihood: -14491.650156
[00:24:17] [worker #14] Bootstrap tree #471, logLikelihood: -16020.372997
[00:24:17] [worker #20] Bootstrap tree #453, logLikelihood: -15138.110783
[00:24:17] [worker #23] Bootstrap tree #456, logLikelihood: -14498.708391
[00:24:17] [worker #9] Bootstrap tree #466, logLikelihood: -14956.597117
[00:24:18] [worker #18] Bootstrap tree #451, logLikelihood: -14955.496767
[00:24:18] [worker #11] Bootstrap tree #468, logLikelihood: -15467.120319
[00:24:18] [worker #2] Bootstrap tree #459, logLikelihood: -15865.387844
[00:24:18] [worker #12] Bootstrap tree #469, logLikelihood: -15095.275907
[00:24:19] [worker #21] Bootstrap tree #454, logLikelihood: -15909.890891
[00:24:19] [worker #17] Bootstrap tree #474, logLikelihood: -15987.797265
[00:24:20] [worker #15] Bootstrap tree #472, logLikelihood: -15299.093809
[00:24:20] [worker #0] Bootstrap tree #457, logLikelihood: -15119.234168
[00:24:40] [worker #4] Bootstrap tree #485, logLikelihood: -14967.472288
[00:24:44] [worker #8] Bootstrap tree #489, logLikelihood: -14831.551986
[00:24:44] [worker #16] Bootstrap tree #497, logLikelihood: -15705.713702
[00:24:45] [worker #20] Bootstrap tree #477, logLikelihood: -16128.803339
[00:24:46] [worker #5] Bootstrap tree #486, logLikelihood: -14800.376721
[00:24:47] [worker #1] Bootstrap tree #482, logLikelihood: -14980.309661
[00:24:47] [worker #3] Bootstrap tree #484, logLikelihood: -15877.855611
[00:24:48] [worker #12] Bootstrap tree #493, logLikelihood: -15041.002586
[00:24:48] [worker #14] Bootstrap tree #495, logLikelihood: -15457.631162
[00:24:48] [worker #9] Bootstrap tree #490, logLikelihood: -15291.886399
[00:24:48] [worker #22] Bootstrap tree #455, logLikelihood: -16144.073185
[00:24:48] [worker #11] Bootstrap tree #492, logLikelihood: -15267.920449
[00:24:49] [worker #2] Bootstrap tree #483, logLikelihood: -15830.183374
[00:24:49] [worker #7] Bootstrap tree #488, logLikelihood: -15294.994453
[00:24:49] [worker #18] Bootstrap tree #475, logLikelihood: -15796.816886
[00:24:49] [worker #19] Bootstrap tree #476, logLikelihood: -15621.798196
[00:24:50] [worker #23] Bootstrap tree #480, logLikelihood: -16232.830561
[00:24:50] [worker #10] Bootstrap tree #491, logLikelihood: -15328.025296
[00:24:50] [worker #21] Bootstrap tree #478, logLikelihood: -15973.115492
[00:24:51] [worker #17] Bootstrap tree #498, logLikelihood: -14927.196862
[00:24:52] [worker #0] Bootstrap tree #481, logLikelihood: -15486.893816
[00:24:52] [worker #6] Bootstrap tree #487, logLikelihood: -15578.424012
[00:24:53] [worker #15] Bootstrap tree #496, logLikelihood: -15234.139813
[00:24:58] [worker #13] Bootstrap tree #470, logLikelihood: -16020.151035
[00:25:20] [worker #19] Bootstrap tree #500, logLikelihood: -15638.367449
[00:25:23] [worker #18] Bootstrap tree #499, logLikelihood: -15548.168133
[00:25:42] [worker #22] Bootstrap tree #479, logLikelihood: -16068.084101
[00:25:56] [worker #13] Bootstrap tree #494, logLikelihood: -16212.820755
[00:26:25] [worker #12] Bootstrap tree #517, logLikelihood: -15961.535765
[00:26:26] [worker #1] Bootstrap tree #506, logLikelihood: -14669.268551
[00:26:26] [worker #17] Bootstrap tree #522, logLikelihood: -16557.333502
[00:26:26] [worker #4] Bootstrap tree #509, logLikelihood: -15109.574844
[00:26:26] [worker #21] Bootstrap tree #502, logLikelihood: -16228.767008
[00:26:26] [worker #23] Bootstrap tree #504, logLikelihood: -16056.454561
[00:26:27] [worker #15] Bootstrap tree #520, logLikelihood: -14959.706996
[00:26:27] [worker #10] Bootstrap tree #515, logLikelihood: -15208.578557
[00:26:27] [worker #6] Bootstrap tree #511, logLikelihood: -16086.373439
[00:26:27] [worker #22] Bootstrap tree #503, logLikelihood: -15996.810109
[00:26:28] [worker #5] Bootstrap tree #510, logLikelihood: -15615.318121
[00:26:28] [worker #3] Bootstrap tree #508, logLikelihood: -15927.604061
[00:26:28] [worker #20] Bootstrap tree #501, logLikelihood: -15379.260683
[00:26:29] [worker #19] Bootstrap tree #524, logLikelihood: -15228.481418
[00:26:29] [worker #8] Bootstrap tree #513, logLikelihood: -16824.793299
[00:26:29] [worker #7] Bootstrap tree #512, logLikelihood: -15686.836032
[00:26:29] [worker #0] Bootstrap tree #505, logLikelihood: -16097.664930
[00:26:29] [worker #11] Bootstrap tree #516, logLikelihood: -15595.855762
[00:26:29] [worker #9] Bootstrap tree #514, logLikelihood: -15198.806672
[00:26:30] [worker #14] Bootstrap tree #519, logLikelihood: -15447.684281
[00:26:30] [worker #16] Bootstrap tree #521, logLikelihood: -15808.933469
[00:26:31] [worker #2] Bootstrap tree #507, logLikelihood: -14884.802525
[00:26:56] [worker #22] Bootstrap tree #527, logLikelihood: -15485.697101
[00:26:56] [worker #1] Bootstrap tree #530, logLikelihood: -15817.937459
[00:26:56] [worker #10] Bootstrap tree #539, logLikelihood: -15466.552649
[00:26:57] [worker #6] Bootstrap tree #535, logLikelihood: -15534.543076
[00:26:57] [worker #18] Bootstrap tree #523, logLikelihood: -16104.571191
[00:26:57] [worker #12] Bootstrap tree #541, logLikelihood: -15633.007618
[00:26:58] [worker #5] Bootstrap tree #534, logLikelihood: -15307.377297
[00:26:58] [worker #19] Bootstrap tree #548, logLikelihood: -15468.854825
[00:26:58] [worker #4] Bootstrap tree #533, logLikelihood: -14832.741637
[00:26:59] [worker #17] Bootstrap tree #546, logLikelihood: -14966.431589
[00:26:59] [worker #21] Bootstrap tree #526, logLikelihood: -15528.956989
[00:27:00] [worker #20] Bootstrap tree #525, logLikelihood: -15713.184444
[00:27:00] [worker #8] Bootstrap tree #537, logLikelihood: -15239.733252
[00:27:00] [worker #16] Bootstrap tree #545, logLikelihood: -15383.178782
[00:27:00] [worker #2] Bootstrap tree #531, logLikelihood: -15908.753365
[00:27:00] [worker #23] Bootstrap tree #528, logLikelihood: -15889.199285
[00:27:01] [worker #14] Bootstrap tree #543, logLikelihood: -15550.590769
[00:27:01] [worker #11] Bootstrap tree #540, logLikelihood: -15707.281672
[00:27:01] [worker #15] Bootstrap tree #544, logLikelihood: -15683.171363
[00:27:02] [worker #3] Bootstrap tree #532, logLikelihood: -15363.508899
[00:27:02] [worker #7] Bootstrap tree #536, logLikelihood: -14576.600135
[00:27:03] [worker #9] Bootstrap tree #538, logLikelihood: -15303.277544
[00:27:18] [worker #13] Bootstrap tree #518, logLikelihood: -15310.754939
[00:27:18] [worker #0] Bootstrap tree #529, logLikelihood: -15631.027863
[00:27:29] [worker #18] Bootstrap tree #547, logLikelihood: -15206.354159
[00:27:32] [worker #20] Bootstrap tree #549, logLikelihood: -15717.779253
[00:27:33] [worker #21] Bootstrap tree #550, logLikelihood: -15121.974725
[00:28:10] [worker #13] Bootstrap tree #542, logLikelihood: -14775.511401
[00:28:34] [worker #18] Bootstrap tree #571, logLikelihood: -16068.690280
[00:28:39] [worker #7] Bootstrap tree #560, logLikelihood: -16329.215639
[00:28:40] [worker #19] Bootstrap tree #572, logLikelihood: -15195.917465
[00:28:41] [worker #17] Bootstrap tree #570, logLikelihood: -16024.307410
[00:28:41] [worker #21] Bootstrap tree #574, logLikelihood: -15156.159246
[00:28:41] [worker #3] Bootstrap tree #556, logLikelihood: -15368.052248
[00:28:41] [worker #15] Bootstrap tree #568, logLikelihood: -15409.498482
[00:28:41] [worker #4] Bootstrap tree #557, logLikelihood: -15114.997056
[00:28:42] [worker #10] Bootstrap tree #563, logLikelihood: -15913.884595
[00:28:42] [worker #23] Bootstrap tree #552, logLikelihood: -15645.172760
[00:28:42] [worker #16] Bootstrap tree #569, logLikelihood: -15170.931077
[00:28:42] [worker #2] Bootstrap tree #555, logLikelihood: -15795.158138
[00:28:42] [worker #22] Bootstrap tree #551, logLikelihood: -15619.033988
[00:28:43] [worker #8] Bootstrap tree #561, logLikelihood: -15452.466749
[00:28:43] [worker #5] Bootstrap tree #558, logLikelihood: -15731.035859
[00:28:43] [worker #1] Bootstrap tree #554, logLikelihood: -15169.651579
[00:28:44] [worker #11] Bootstrap tree #564, logLikelihood: -15351.130761
[00:28:44] [worker #12] Bootstrap tree #565, logLikelihood: -15023.350340
[00:28:45] [worker #14] Bootstrap tree #567, logLikelihood: -15272.866738
[00:28:45] [worker #20] Bootstrap tree #573, logLikelihood: -15898.503029
[00:28:46] [worker #6] Bootstrap tree #559, logLikelihood: -15429.632492
[00:28:47] [worker #9] Bootstrap tree #562, logLikelihood: -15267.152118
[00:29:05] [worker #18] Bootstrap tree #595, logLikelihood: -15145.740316
[00:29:11] [worker #7] Bootstrap tree #584, logLikelihood: -15477.689782
[00:29:11] [worker #17] Bootstrap tree #594, logLikelihood: -16301.283529
[00:29:12] [worker #4] Bootstrap tree #581, logLikelihood: -15774.727167
[00:29:12] [worker #16] Bootstrap tree #593, logLikelihood: -15198.908917
[00:29:12] [worker #23] Bootstrap tree #576, logLikelihood: -15873.492448
[00:29:12] [worker #1] Bootstrap tree #578, logLikelihood: -14493.547942
[00:29:12] [worker #19] Bootstrap tree #596, logLikelihood: -15238.220754
[00:29:13] [worker #5] Bootstrap tree #582, logLikelihood: -15146.872299
[00:29:13] [worker #15] Bootstrap tree #592, logLikelihood: -15249.878388
[00:29:14] [worker #2] Bootstrap tree #579, logLikelihood: -15402.948800
[00:29:14] [worker #3] Bootstrap tree #580, logLikelihood: -15614.367525
[00:29:14] [worker #22] Bootstrap tree #575, logLikelihood: -14992.528230
[00:29:15] [worker #21] Bootstrap tree #598, logLikelihood: -14819.236003
[00:29:15] [worker #11] Bootstrap tree #588, logLikelihood: -15631.598734
[00:29:17] [worker #6] Bootstrap tree #583, logLikelihood: -15552.368302
[00:29:17] [worker #12] Bootstrap tree #589, logLikelihood: -15241.174315
[00:29:17] [worker #9] Bootstrap tree #586, logLikelihood: -16485.945173
[00:29:18] [worker #10] Bootstrap tree #587, logLikelihood: -15552.892835
[00:29:18] [worker #20] Bootstrap tree #597, logLikelihood: -15740.675700
[00:29:18] [worker #8] Bootstrap tree #585, logLikelihood: -15679.811326
[00:29:18] [worker #14] Bootstrap tree #591, logLikelihood: -14911.121400
[00:29:24] [worker #0] Bootstrap tree #553, logLikelihood: -14917.927441
[00:29:27] [worker #13] Bootstrap tree #566, logLikelihood: -15577.994444
[00:29:42] [worker #23] Bootstrap tree #600, logLikelihood: -16213.714199
[00:29:44] [worker #22] Bootstrap tree #599, logLikelihood: -15233.249997
[00:30:28] [worker #0] Bootstrap tree #577, logLikelihood: -15467.925869
[00:30:40] [worker #13] Bootstrap tree #590, logLikelihood: -15267.354894
[00:31:10] [worker #13] Bootstrap tree #614, logLikelihood: -15445.631518
[00:31:10] [worker #22] Bootstrap tree #623, logLikelihood: -16121.092923
[00:31:10] [worker #4] Bootstrap tree #605, logLikelihood: -15396.126994
[00:31:10] [worker #10] Bootstrap tree #611, logLikelihood: -15234.877487
[00:31:11] [worker #14] Bootstrap tree #615, logLikelihood: -15963.735093
[00:31:11] [worker #1] Bootstrap tree #602, logLikelihood: -14721.292121
[00:31:11] [worker #21] Bootstrap tree #622, logLikelihood: -15944.111662
[00:31:11] [worker #16] Bootstrap tree #617, logLikelihood: -15205.092915
[00:31:12] [worker #3] Bootstrap tree #604, logLikelihood: -15739.145927
[00:31:12] [worker #7] Bootstrap tree #608, logLikelihood: -15275.986222
[00:31:12] [worker #2] Bootstrap tree #603, logLikelihood: -15071.545616
[00:31:13] [worker #19] Bootstrap tree #620, logLikelihood: -16197.586740
[00:31:13] [worker #23] Bootstrap tree #624, logLikelihood: -14889.405944
[00:31:13] [worker #20] Bootstrap tree #621, logLikelihood: -16481.003898
[00:31:13] [worker #6] Bootstrap tree #607, logLikelihood: -15461.875226
[00:31:13] [worker #18] Bootstrap tree #619, logLikelihood: -15418.441278
[00:31:13] [worker #9] Bootstrap tree #610, logLikelihood: -14984.601286
[00:31:14] [worker #17] Bootstrap tree #618, logLikelihood: -15704.707778
[00:31:15] [worker #11] Bootstrap tree #612, logLikelihood: -15640.978942
[00:31:15] [worker #12] Bootstrap tree #613, logLikelihood: -15293.665491
[00:31:17] [worker #15] Bootstrap tree #616, logLikelihood: -15366.985372
[00:31:17] [worker #0] Bootstrap tree #601, logLikelihood: -15939.098150
[00:31:30] [worker #8] Bootstrap tree #609, logLikelihood: -16092.335564
[00:31:39] [worker #13] Bootstrap tree #638, logLikelihood: -15708.110561
[00:31:40] [worker #4] Bootstrap tree #629, logLikelihood: -15737.646501
[00:31:41] [worker #10] Bootstrap tree #635, logLikelihood: -15996.918107
[00:31:42] [worker #22] Bootstrap tree #647, logLikelihood: -14988.190352
[00:31:43] [worker #1] Bootstrap tree #626, logLikelihood: -15875.265684
[00:31:43] [worker #7] Bootstrap tree #632, logLikelihood: -14770.737631
[00:31:43] [worker #3] Bootstrap tree #628, logLikelihood: -15532.171027
[00:31:44] [worker #2] Bootstrap tree #627, logLikelihood: -15777.307172
[00:31:44] [worker #23] Bootstrap tree #648, logLikelihood: -15109.204178
[00:31:45] [worker #9] Bootstrap tree #634, logLikelihood: -15850.085396
[00:31:45] [worker #20] Bootstrap tree #645, logLikelihood: -15917.240272
[00:31:45] [worker #19] Bootstrap tree #644, logLikelihood: -15087.624997
[00:31:45] [worker #21] Bootstrap tree #646, logLikelihood: -15241.244681
[00:31:46] [worker #16] Bootstrap tree #641, logLikelihood: -14555.205075
[00:31:47] [worker #15] Bootstrap tree #640, logLikelihood: -15280.512094
[00:31:47] [worker #18] Bootstrap tree #643, logLikelihood: -15462.520902
[00:31:48] [worker #17] Bootstrap tree #642, logLikelihood: -15482.272452
[00:31:48] [worker #11] Bootstrap tree #636, logLikelihood: -15371.618443
[00:31:48] [worker #14] Bootstrap tree #639, logLikelihood: -16934.487092
[00:31:49] [worker #12] Bootstrap tree #637, logLikelihood: -15219.510494
[00:31:55] [worker #6] Bootstrap tree #631, logLikelihood: -15719.577740
[00:31:56] [worker #5] Bootstrap tree #606, logLikelihood: -15696.705693
[00:31:58] [worker #8] Bootstrap tree #633, logLikelihood: -15247.027483
[00:32:13] [worker #0] Bootstrap tree #625, logLikelihood: -15641.987844
[00:32:15] [worker #1] Bootstrap tree #650, logLikelihood: -15348.345788
[00:33:10] [worker #5] Bootstrap tree #630, logLikelihood: -15805.215312
[00:33:24] [worker #0] Bootstrap tree #649, logLikelihood: -15251.451316
[00:33:54] [worker #18] Bootstrap tree #667, logLikelihood: -15686.233258
[00:33:54] [worker #7] Bootstrap tree #656, logLikelihood: -14767.359614
[00:33:54] [worker #10] Bootstrap tree #659, logLikelihood: -14440.848070
[00:33:55] [worker #1] Bootstrap tree #674, logLikelihood: -15692.657836
[00:33:55] [worker #8] Bootstrap tree #657, logLikelihood: -15303.939432
[00:33:56] [worker #11] Bootstrap tree #660, logLikelihood: -15225.664269
[00:33:56] [worker #23] Bootstrap tree #672, logLikelihood: -15853.590832
[00:33:56] [worker #12] Bootstrap tree #661, logLikelihood: -15915.758445
[00:33:56] [worker #17] Bootstrap tree #666, logLikelihood: -15242.042324
[00:33:56] [worker #13] Bootstrap tree #662, logLikelihood: -14995.928253
[00:33:56] [worker #19] Bootstrap tree #668, logLikelihood: -15259.691180
[00:33:56] [worker #3] Bootstrap tree #652, logLikelihood: -15152.147139
[00:33:56] [worker #15] Bootstrap tree #664, logLikelihood: -15300.588340
[00:33:57] [worker #2] Bootstrap tree #651, logLikelihood: -15723.652571
[00:33:57] [worker #14] Bootstrap tree #663, logLikelihood: -15158.284216
[00:33:57] [worker #21] Bootstrap tree #670, logLikelihood: -14785.790961
[00:33:58] [worker #9] Bootstrap tree #658, logLikelihood: -15259.191111
[00:33:58] [worker #6] Bootstrap tree #655, logLikelihood: -15440.274546
[00:33:58] [worker #16] Bootstrap tree #665, logLikelihood: -16267.355592
[00:34:00] [worker #4] Bootstrap tree #653, logLikelihood: -15238.458475
[00:34:00] [worker #20] Bootstrap tree #669, logLikelihood: -15217.422284
[00:34:00] [worker #22] Bootstrap tree #671, logLikelihood: -16135.758324
[00:34:26] [worker #18] Bootstrap tree #691, logLikelihood: -15281.001422
[00:34:27] [worker #11] Bootstrap tree #684, logLikelihood: -15863.736073
[00:34:27] [worker #8] Bootstrap tree #681, logLikelihood: -14672.427701
[00:34:27] [worker #21] Bootstrap tree #694, logLikelihood: -16226.338396
[00:34:27] [worker #17] Bootstrap tree #690, logLikelihood: -15357.133806
[00:34:28] [worker #7] Bootstrap tree #680, logLikelihood: -15647.722311
[00:34:28] [worker #9] Bootstrap tree #682, logLikelihood: -15420.164101
[00:34:29] [worker #4] Bootstrap tree #677, logLikelihood: -15869.851404
[00:34:29] [worker #23] Bootstrap tree #696, logLikelihood: -15336.801532
[00:34:29] [worker #14] Bootstrap tree #687, logLikelihood: -15800.052847
[00:34:29] [worker #12] Bootstrap tree #685, logLikelihood: -14825.578228
[00:34:29] [worker #6] Bootstrap tree #679, logLikelihood: -15675.173868
[00:34:30] [worker #10] Bootstrap tree #683, logLikelihood: -14816.683971
[00:34:30] [worker #15] Bootstrap tree #688, logLikelihood: -14651.162479
[00:34:30] [worker #19] Bootstrap tree #692, logLikelihood: -14575.170048
[00:34:30] [worker #3] Bootstrap tree #676, logLikelihood: -15321.689990
[00:34:31] [worker #20] Bootstrap tree #693, logLikelihood: -15333.591485
[00:34:31] [worker #2] Bootstrap tree #675, logLikelihood: -15492.471486
[00:34:31] [worker #1] Bootstrap tree #698, logLikelihood: -15872.924208
[00:34:31] [worker #22] Bootstrap tree #695, logLikelihood: -15369.093454
[00:34:31] [worker #13] Bootstrap tree #686, logLikelihood: -15437.889387
[00:34:32] [worker #16] Bootstrap tree #689, logLikelihood: -15576.107163
[00:34:37] [worker #0] Bootstrap tree #673, logLikelihood: -15951.669465
[00:34:44] [worker #5] Bootstrap tree #654, logLikelihood: -14845.401906
[00:35:01] [worker #3] Bootstrap tree #700, logLikelihood: -16166.408982
[00:35:04] [worker #2] Bootstrap tree #699, logLikelihood: -15356.079829
[00:35:49] [worker #0] Bootstrap tree #697, logLikelihood: -15611.282093
[00:35:53] [worker #5] Bootstrap tree #678, logLikelihood: -16235.769441
[00:36:23] [worker #4] Bootstrap tree #701, logLikelihood: -15849.089116
[00:36:23] [worker #3] Bootstrap tree #724, logLikelihood: -15279.720184
[00:36:24] [worker #10] Bootstrap tree #707, logLikelihood: -15436.970077
[00:36:24] [worker #12] Bootstrap tree #709, logLikelihood: -14665.354726
[00:36:24] [worker #1] Bootstrap tree #722, logLikelihood: -15916.783536
[00:36:24] [worker #15] Bootstrap tree #712, logLikelihood: -15318.723645
[00:36:24] [worker #8] Bootstrap tree #705, logLikelihood: -15968.286635
[00:36:24] [worker #21] Bootstrap tree #718, logLikelihood: -16133.730599
[00:36:24] [worker #18] Bootstrap tree #715, logLikelihood: -15902.848538
[00:36:25] [worker #22] Bootstrap tree #719, logLikelihood: -15761.772169
[00:36:25] [worker #20] Bootstrap tree #717, logLikelihood: -15488.651723
[00:36:26] [worker #7] Bootstrap tree #704, logLikelihood: -15279.954821
[00:36:26] [worker #19] Bootstrap tree #716, logLikelihood: -15521.875544
[00:36:26] [worker #6] Bootstrap tree #703, logLikelihood: -15273.452249
[00:36:26] [worker #11] Bootstrap tree #708, logLikelihood: -15821.719016
[00:36:26] [worker #13] Bootstrap tree #710, logLikelihood: -15600.596715
[00:36:27] [worker #9] Bootstrap tree #706, logLikelihood: -15322.402996
[00:36:27] [worker #23] Bootstrap tree #720, logLikelihood: -14716.267556
[00:36:27] [worker #16] Bootstrap tree #713, logLikelihood: -16536.780026
[00:36:27] [worker #2] Bootstrap tree #723, logLikelihood: -14963.620170
[00:36:28] [worker #17] Bootstrap tree #714, logLikelihood: -15899.579733
[00:36:28] [worker #14] Bootstrap tree #711, logLikelihood: -15045.685072
[00:36:54] [worker #21] Bootstrap tree #742, logLikelihood: -15848.741026
[00:36:55] [worker #4] Bootstrap tree #725, logLikelihood: -15180.547901
[00:36:55] [worker #20] Bootstrap tree #741, logLikelihood: -15237.254059
[00:36:57] [worker #13] Bootstrap tree #734, logLikelihood: -15230.703438
[00:36:57] [worker #10] Bootstrap tree #731, logLikelihood: -15289.417936
[00:36:57] [worker #15] Bootstrap tree #736, logLikelihood: -15365.160197
[00:36:57] [worker #18] Bootstrap tree #739, logLikelihood: -15321.926173
[00:36:57] [worker #1] Bootstrap tree #746, logLikelihood: -15044.578348
[00:36:58] [worker #19] Bootstrap tree #740, logLikelihood: -14947.902878
[00:36:58] [worker #22] Bootstrap tree #743, logLikelihood: -15023.422052
[00:36:59] [worker #12] Bootstrap tree #733, logLikelihood: -15370.622702
[00:36:59] [worker #7] Bootstrap tree #728, logLikelihood: -15340.906219
[00:36:59] [worker #0] Bootstrap tree #721, logLikelihood: -15794.912871
[00:36:59] [worker #6] Bootstrap tree #727, logLikelihood: -15865.316818
[00:37:00] [worker #9] Bootstrap tree #730, logLikelihood: -15061.849005
[00:37:00] [worker #23] Bootstrap tree #744, logLikelihood: -15266.696838
[00:37:00] [worker #16] Bootstrap tree #737, logLikelihood: -15388.027470
[00:37:00] [worker #8] Bootstrap tree #729, logLikelihood: -14959.562708
[00:37:00] [worker #11] Bootstrap tree #732, logLikelihood: -15339.823062
[00:37:01] [worker #2] Bootstrap tree #747, logLikelihood: -15876.209851
[00:37:01] [worker #3] Bootstrap tree #748, logLikelihood: -15685.522779
[00:37:02] [worker #14] Bootstrap tree #735, logLikelihood: -15136.527993
[00:37:02] [worker #17] Bootstrap tree #738, logLikelihood: -15440.793125
[00:37:12] [worker #5] Bootstrap tree #702, logLikelihood: -15241.832359
[00:37:26] [worker #4] Bootstrap tree #749, logLikelihood: -15932.416265
[00:38:06] [worker #0] Bootstrap tree #745, logLikelihood: -15761.690029
[00:38:16] [worker #5] Bootstrap tree #726, logLikelihood: -14887.599078
[00:39:04] [worker #5] Bootstrap tree #750, logLikelihood: -16023.259169
[00:39:33] [worker #19] Bootstrap tree #764, logLikelihood: -15275.250532
[00:39:33] [worker #9] Bootstrap tree #754, logLikelihood: -14902.365329
[00:39:34] [worker #20] Bootstrap tree #765, logLikelihood: -15007.397843
[00:39:34] [worker #17] Bootstrap tree #762, logLikelihood: -15974.938994
[00:39:34] [worker #21] Bootstrap tree #766, logLikelihood: -14853.862512
[00:39:35] [worker #8] Bootstrap tree #753, logLikelihood: -15827.604812
[00:39:35] [worker #16] Bootstrap tree #761, logLikelihood: -16139.394705
[00:39:35] [worker #2] Bootstrap tree #771, logLikelihood: -15032.380751
[00:39:36] [worker #23] Bootstrap tree #768, logLikelihood: -15177.921881
[00:39:36] [worker #11] Bootstrap tree #756, logLikelihood: -15566.403826
[00:39:36] [worker #1] Bootstrap tree #770, logLikelihood: -15257.633638
[00:39:36] [worker #4] Bootstrap tree #773, logLikelihood: -15277.693502
[00:39:36] [worker #3] Bootstrap tree #772, logLikelihood: -15059.470437
[00:39:37] [worker #18] Bootstrap tree #763, logLikelihood: -15452.667778
[00:39:37] [worker #13] Bootstrap tree #758, logLikelihood: -15069.797918
[00:39:37] [worker #15] Bootstrap tree #760, logLikelihood: -15397.710524
[00:39:37] [worker #22] Bootstrap tree #767, logLikelihood: -15658.159001
[00:39:38] [worker #7] Bootstrap tree #752, logLikelihood: -16015.525424
[00:39:39] [worker #14] Bootstrap tree #759, logLikelihood: -15860.564787
[00:39:40] [worker #6] Bootstrap tree #751, logLikelihood: -15475.559004
[00:39:40] [worker #12] Bootstrap tree #757, logLikelihood: -15887.249020
[00:39:41] [worker #10] Bootstrap tree #755, logLikelihood: -15571.561295
[00:40:05] [worker #20] Bootstrap tree #789, logLikelihood: -16072.956461
[00:40:06] [worker #9] Bootstrap tree #778, logLikelihood: -15110.043933
[00:40:06] [worker #21] Bootstrap tree #790, logLikelihood: -15225.225801
[00:40:06] [worker #13] Bootstrap tree #782, logLikelihood: -14946.108973
[00:40:07] [worker #17] Bootstrap tree #786, logLikelihood: -16013.104839
[00:40:07] [worker #2] Bootstrap tree #795, logLikelihood: -14814.942684
[00:40:07] [worker #19] Bootstrap tree #788, logLikelihood: -16018.303710
[00:40:08] [worker #18] Bootstrap tree #787, logLikelihood: -15767.273166
[00:40:08] [worker #16] Bootstrap tree #785, logLikelihood: -15042.364825
[00:40:08] [worker #23] Bootstrap tree #792, logLikelihood: -15165.810083
[00:40:08] [worker #3] Bootstrap tree #796, logLikelihood: -15476.454247
[00:40:08] [worker #1] Bootstrap tree #794, logLikelihood: -15102.485698
[00:40:09] [worker #22] Bootstrap tree #791, logLikelihood: -15464.716723
[00:40:10] [worker #11] Bootstrap tree #780, logLikelihood: -16495.521294
[00:40:10] [worker #4] Bootstrap tree #797, logLikelihood: -15003.637966
[00:40:10] [worker #5] Bootstrap tree #774, logLikelihood: -15958.377629
[00:40:10] [worker #15] Bootstrap tree #784, logLikelihood: -15529.565314
[00:40:11] [worker #8] Bootstrap tree #777, logLikelihood: -14558.790412
[00:40:11] [worker #7] Bootstrap tree #776, logLikelihood: -14568.400114
[00:40:11] [worker #6] Bootstrap tree #775, logLikelihood: -15958.850537
[00:40:13] [worker #14] Bootstrap tree #783, logLikelihood: -14533.881322
[00:40:13] [worker #10] Bootstrap tree #779, logLikelihood: -15361.253785
[00:40:14] [worker #12] Bootstrap tree #781, logLikelihood: -15206.922774
[00:40:15] [worker #0] Bootstrap tree #769, logLikelihood: -15097.124775
[00:40:43] [worker #7] Bootstrap tree #800, logLikelihood: -15277.351188
[00:40:47] [worker #6] Bootstrap tree #799, logLikelihood: -15060.242690
[00:41:18] [worker #5] Bootstrap tree #798, logLikelihood: -15944.201164
[00:41:22] [worker #0] Bootstrap tree #793, logLikelihood: -15015.782634
[00:41:51] [worker #17] Bootstrap tree #810, logLikelihood: -15562.961126
[00:41:52] [worker #9] Bootstrap tree #802, logLikelihood: -16160.948005
[00:41:53] [worker #1] Bootstrap tree #818, logLikelihood: -15000.832197
[00:41:53] [worker #20] Bootstrap tree #813, logLikelihood: -15007.875903
[00:41:53] [worker #22] Bootstrap tree #815, logLikelihood: -14970.920550
[00:41:54] [worker #7] Bootstrap tree #824, logLikelihood: -15116.385466
[00:41:54] [worker #11] Bootstrap tree #804, logLikelihood: -15190.151050
[00:41:54] [worker #2] Bootstrap tree #819, logLikelihood: -14803.340512
[00:41:54] [worker #13] Bootstrap tree #806, logLikelihood: -16212.290776
[00:41:54] [worker #6] Bootstrap tree #823, logLikelihood: -15300.472191
[00:41:55] [worker #10] Bootstrap tree #803, logLikelihood: -15218.587652
[00:41:55] [worker #12] Bootstrap tree #805, logLikelihood: -14853.556425
[00:41:55] [worker #3] Bootstrap tree #820, logLikelihood: -15765.158074
[00:41:55] [worker #18] Bootstrap tree #811, logLikelihood: -16014.989342
[00:41:55] [worker #4] Bootstrap tree #821, logLikelihood: -15765.950101
[00:41:55] [worker #19] Bootstrap tree #812, logLikelihood: -14475.791642
[00:41:55] [worker #16] Bootstrap tree #809, logLikelihood: -14427.994018
[00:41:55] [worker #15] Bootstrap tree #808, logLikelihood: -15098.524318
[00:41:56] [worker #8] Bootstrap tree #801, logLikelihood: -15083.379005
[00:41:56] [worker #14] Bootstrap tree #807, logLikelihood: -15110.204091
[00:41:57] [worker #23] Bootstrap tree #816, logLikelihood: -16014.672189
[00:41:57] [worker #21] Bootstrap tree #814, logLikelihood: -15831.629892
[00:42:20] [worker #17] Bootstrap tree #834, logLikelihood: -15783.857939
[00:42:22] [worker #1] Bootstrap tree #842, logLikelihood: -16052.750646
[00:42:23] [worker #7] Bootstrap tree #848, logLikelihood: -15632.201249
[00:42:24] [worker #15] Bootstrap tree #832, logLikelihood: -15422.552802
[00:42:25] [worker #9] Bootstrap tree #826, logLikelihood: -15472.050628
[00:42:26] [worker #2] Bootstrap tree #843, logLikelihood: -16229.550683
[00:42:26] [worker #22] Bootstrap tree #839, logLikelihood: -15775.200435
[00:42:26] [worker #0] Bootstrap tree #817, logLikelihood: -15419.097033
[00:42:26] [worker #11] Bootstrap tree #828, logLikelihood: -16323.814158
[00:42:27] [worker #20] Bootstrap tree #837, logLikelihood: -15051.594539
[00:42:27] [worker #10] Bootstrap tree #827, logLikelihood: -15091.885912
[00:42:27] [worker #6] Bootstrap tree #847, logLikelihood: -15450.790457
[00:42:27] [worker #16] Bootstrap tree #833, logLikelihood: -15034.617779
[00:42:28] [worker #3] Bootstrap tree #844, logLikelihood: -15327.195618
[00:42:28] [worker #19] Bootstrap tree #836, logLikelihood: -15610.687904
[00:42:28] [worker #8] Bootstrap tree #825, logLikelihood: -15353.380853
[00:42:29] [worker #12] Bootstrap tree #829, logLikelihood: -15787.336568
[00:42:29] [worker #14] Bootstrap tree #831, logLikelihood: -15125.326215
[00:42:29] [worker #18] Bootstrap tree #835, logLikelihood: -15109.513699
[00:42:30] [worker #13] Bootstrap tree #830, logLikelihood: -15616.693879
[00:42:31] [worker #21] Bootstrap tree #838, logLikelihood: -15079.580088
[00:42:32] [worker #4] Bootstrap tree #845, logLikelihood: -15430.083253
[00:42:32] [worker #23] Bootstrap tree #840, logLikelihood: -15339.646075
[00:42:33] [worker #5] Bootstrap tree #822, logLikelihood: -15552.014028
[00:42:56] [worker #9] Bootstrap tree #850, logLikelihood: -15944.122219
[00:42:59] [worker #8] Bootstrap tree #849, logLikelihood: -14575.750192
[00:43:37] [worker #0] Bootstrap tree #841, logLikelihood: -15676.942953
[00:43:41] [worker #5] Bootstrap tree #846, logLikelihood: -15357.689141
[00:44:09] [worker #11] Bootstrap tree #852, logLikelihood: -14985.693559
[00:44:11] [worker #17] Bootstrap tree #858, logLikelihood: -16043.403374
[00:44:11] [worker #13] Bootstrap tree #854, logLikelihood: -15387.795945
[00:44:12] [worker #14] Bootstrap tree #855, logLikelihood: -15738.923310
[00:44:12] [worker #10] Bootstrap tree #851, logLikelihood: -15518.137672
[00:44:12] [worker #18] Bootstrap tree #859, logLikelihood: -15383.789098
[00:44:13] [worker #9] Bootstrap tree #874, logLikelihood: -15762.102777
[00:44:13] [worker #20] Bootstrap tree #861, logLikelihood: -15412.525155
[00:44:13] [worker #16] Bootstrap tree #857, logLikelihood: -14560.073147
[00:44:13] [worker #23] Bootstrap tree #864, logLikelihood: -15470.074760
[00:44:13] [worker #4] Bootstrap tree #869, logLikelihood: -16040.935556
[00:44:14] [worker #6] Bootstrap tree #871, logLikelihood: -15634.407592
[00:44:14] [worker #19] Bootstrap tree #860, logLikelihood: -15152.884978
[00:44:14] [worker #8] Bootstrap tree #873, logLikelihood: -14218.871647
[00:44:14] [worker #15] Bootstrap tree #856, logLikelihood: -15139.441820
[00:44:14] [worker #1] Bootstrap tree #866, logLikelihood: -15140.008900
[00:44:14] [worker #12] Bootstrap tree #853, logLikelihood: -14762.603734
[00:44:14] [worker #21] Bootstrap tree #862, logLikelihood: -15238.719440
[00:44:14] [worker #3] Bootstrap tree #868, logLikelihood: -14920.378674
[00:44:15] [worker #22] Bootstrap tree #863, logLikelihood: -15341.459385
[00:44:15] [worker #7] Bootstrap tree #872, logLikelihood: -15372.104001
[00:44:16] [worker #2] Bootstrap tree #867, logLikelihood: -15143.596174
[00:44:40] [worker #17] Bootstrap tree #882, logLikelihood: -14499.287137
[00:44:42] [worker #11] Bootstrap tree #876, logLikelihood: -15126.931119
[00:44:42] [worker #14] Bootstrap tree #879, logLikelihood: -15986.536859
[00:44:44] [worker #12] Bootstrap tree #877, logLikelihood: -15686.966015
[00:44:44] [worker #10] Bootstrap tree #875, logLikelihood: -15782.396138
[00:44:44] [worker #6] Bootstrap tree #895, logLikelihood: -16222.414298
[00:44:45] [worker #8] Bootstrap tree #897, logLikelihood: -16069.973494
[00:44:45] [worker #9] Bootstrap tree #898, logLikelihood: -16508.419624
[00:44:46] [worker #20] Bootstrap tree #885, logLikelihood: -15912.927742
[00:44:46] [worker #18] Bootstrap tree #883, logLikelihood: -14952.411754
[00:44:46] [worker #4] Bootstrap tree #893, logLikelihood: -15299.284013
[00:44:46] [worker #23] Bootstrap tree #888, logLikelihood: -15301.695466
[00:44:47] [worker #16] Bootstrap tree #881, logLikelihood: -16431.477144
[00:44:48] [worker #1] Bootstrap tree #890, logLikelihood: -15761.310085
[00:44:48] [worker #19] Bootstrap tree #884, logLikelihood: -16375.788652
[00:44:48] [worker #21] Bootstrap tree #886, logLikelihood: -15178.793102
[00:44:49] [worker #7] Bootstrap tree #896, logLikelihood: -14979.603769
[00:44:49] [worker #22] Bootstrap tree #887, logLikelihood: -16771.906458
[00:44:49] [worker #15] Bootstrap tree #880, logLikelihood: -15738.898166
[00:44:50] [worker #3] Bootstrap tree #892, logLikelihood: -15661.721724
[00:44:51] [worker #2] Bootstrap tree #891, logLikelihood: -15146.134377
[00:44:53] [worker #0] Bootstrap tree #865, logLikelihood: -14747.906403
[00:44:54] [worker #13] Bootstrap tree #878, logLikelihood: -15567.061647
[00:45:03] [worker #5] Bootstrap tree #870, logLikelihood: -14645.733023
[00:45:13] [worker #10] Bootstrap tree #899, logLikelihood: -14888.600470
[00:45:14] [worker #11] Bootstrap tree #900, logLikelihood: -16160.489584
[00:45:59] [worker #0] Bootstrap tree #889, logLikelihood: -15692.053320
[00:46:10] [worker #5] Bootstrap tree #894, logLikelihood: -15723.959159
[00:46:40] [worker #4] Bootstrap tree #917, logLikelihood: -15059.553557
[00:46:41] [worker #14] Bootstrap tree #903, logLikelihood: -15303.203640
[00:46:41] [worker #20] Bootstrap tree #909, logLikelihood: -15890.013415
[00:46:41] [worker #3] Bootstrap tree #916, logLikelihood: -15032.009737
[00:46:41] [worker #7] Bootstrap tree #920, logLikelihood: -16604.800705
[00:46:41] [worker #15] Bootstrap tree #904, logLikelihood: -15038.485018
[00:46:42] [worker #10] Bootstrap tree #923, logLikelihood: -15226.403922
[00:46:42] [worker #8] Bootstrap tree #921, logLikelihood: -14777.626419
[00:46:42] [worker #1] Bootstrap tree #914, logLikelihood: -15323.225294
[00:46:42] [worker #6] Bootstrap tree #919, logLikelihood: -15402.107894
[00:46:42] [worker #18] Bootstrap tree #907, logLikelihood: -15332.772575
[00:46:42] [worker #21] Bootstrap tree #910, logLikelihood: -15592.275975
[00:46:43] [worker #12] Bootstrap tree #901, logLikelihood: -14730.992283
[00:46:43] [worker #2] Bootstrap tree #915, logLikelihood: -14064.350073
[00:46:43] [worker #9] Bootstrap tree #922, logLikelihood: -15233.265581
[00:46:43] [worker #17] Bootstrap tree #906, logLikelihood: -15059.347163
[00:46:43] [worker #13] Bootstrap tree #902, logLikelihood: -15381.404534
[00:46:44] [worker #23] Bootstrap tree #912, logLikelihood: -15565.715270
[00:46:44] [worker #11] Bootstrap tree #924, logLikelihood: -15123.487844
[00:46:44] [worker #16] Bootstrap tree #905, logLikelihood: -15410.519008
[00:46:45] [worker #22] Bootstrap tree #911, logLikelihood: -15142.286918
[00:46:47] [worker #19] Bootstrap tree #908, logLikelihood: -15709.247313
[00:47:10] [worker #14] Bootstrap tree #927, logLikelihood: -15106.776503
[00:47:10] [worker #20] Bootstrap tree #933, logLikelihood: -15196.058654
[00:47:11] [worker #4] Bootstrap tree #941, logLikelihood: -15178.240548
[00:47:13] [worker #15] Bootstrap tree #928, logLikelihood: -15165.533973
[00:47:13] [worker #3] Bootstrap tree #940, logLikelihood: -14581.490692
[00:47:14] [worker #7] Bootstrap tree #944, logLikelihood: -16668.038859
[00:47:14] [worker #1] Bootstrap tree #938, logLikelihood: -15346.719229
[00:47:14] [worker #10] Bootstrap tree #947, logLikelihood: -15357.151850
[00:47:14] [worker #12] Bootstrap tree #925, logLikelihood: -15258.127456
[00:47:15] [worker #6] Bootstrap tree #943, logLikelihood: -13969.168250
[00:47:15] [worker #8] Bootstrap tree #945, logLikelihood: -15492.737011
[00:47:15] [worker #9] Bootstrap tree #946, logLikelihood: -16132.071280
[00:47:15] [worker #5] Bootstrap tree #918, logLikelihood: -15169.510572
[00:47:16] [worker #0] Bootstrap tree #913, logLikelihood: -15737.159215
[00:47:16] [worker #13] Bootstrap tree #926, logLikelihood: -15712.458916
[00:47:16] [worker #23] Bootstrap tree #936, logLikelihood: -15159.913566
[00:47:16] [worker #21] Bootstrap tree #934, logLikelihood: -15214.638022
[00:47:16] [worker #18] Bootstrap tree #931, logLikelihood: -15609.850428
[00:47:17] [worker #19] Bootstrap tree #932, logLikelihood: -15193.291494
[00:47:17] [worker #2] Bootstrap tree #939, logLikelihood: -15651.740596
[00:47:17] [worker #11] Bootstrap tree #948, logLikelihood: -14819.893846
[00:47:17] [worker #22] Bootstrap tree #935, logLikelihood: -15323.478138
[00:47:18] [worker #17] Bootstrap tree #930, logLikelihood: -16054.927389
[00:47:20] [worker #16] Bootstrap tree #929, logLikelihood: -15662.579343
[00:47:46] [worker #12] Bootstrap tree #949, logLikelihood: -15375.837640
[00:47:48] [worker #13] Bootstrap tree #950, logLikelihood: -15910.580016
[00:48:25] [worker #5] Bootstrap tree #942, logLikelihood: -15770.701880
[00:48:29] [worker #0] Bootstrap tree #937, logLikelihood: -16076.146845
[00:48:59] [worker #12] Bootstrap tree #973, logLikelihood: -15381.727101
[00:48:59] [worker #9] Bootstrap tree #970, logLikelihood: -15162.627075
[00:49:00] [worker #2] Bootstrap tree #963, logLikelihood: -15825.568062
[00:49:00] [worker #13] Bootstrap tree #974, logLikelihood: -14871.682175
[00:49:00] [worker #23] Bootstrap tree #960, logLikelihood: -15595.837416
[00:49:00] [worker #1] Bootstrap tree #962, logLikelihood: -15454.579428
[00:49:00] [worker #17] Bootstrap tree #954, logLikelihood: -15018.860288
[00:49:00] [worker #21] Bootstrap tree #958, logLikelihood: -15649.152762
[00:49:00] [worker #16] Bootstrap tree #953, logLikelihood: -15811.806855
[00:49:01] [worker #8] Bootstrap tree #969, logLikelihood: -15316.266924
[00:49:01] [worker #3] Bootstrap tree #964, logLikelihood: -15509.927882
[00:49:01] [worker #11] Bootstrap tree #972, logLikelihood: -16424.609652
[00:49:02] [worker #14] Bootstrap tree #951, logLikelihood: -15918.378916
[00:49:02] [worker #22] Bootstrap tree #959, logLikelihood: -15338.472352
[00:49:02] [worker #10] Bootstrap tree #971, logLikelihood: -15940.875109
[00:49:02] [worker #18] Bootstrap tree #955, logLikelihood: -15374.779432
[00:49:03] [worker #6] Bootstrap tree #967, logLikelihood: -14876.977130
[00:49:03] [worker #20] Bootstrap tree #957, logLikelihood: -15470.704135
[00:49:03] [worker #7] Bootstrap tree #968, logLikelihood: -15536.126096
[00:49:03] [worker #19] Bootstrap tree #956, logLikelihood: -15599.277227
[00:49:04] [worker #4] Bootstrap tree #965, logLikelihood: -15521.049053
[00:49:04] [worker #15] Bootstrap tree #952, logLikelihood: -15658.135681
[00:49:26] [worker #17] Bootstrap tree #978, logLikelihood: -15127.137999
[00:49:29] [worker #2] Bootstrap tree #987, logLikelihood: -14934.712209
[00:49:30] [worker #12] Bootstrap tree #997, logLikelihood: -15079.514860
[00:49:30] [worker #16] Bootstrap tree #977, logLikelihood: -14859.936394
[00:49:30] [worker #1] Bootstrap tree #986, logLikelihood: -15235.218135
[00:49:31] [worker #10] Bootstrap tree #995, logLikelihood: -15512.894669
[00:49:32] [worker #18] Bootstrap tree #979, logLikelihood: -15553.140547
[00:49:32] [worker #8] Bootstrap tree #993, logLikelihood: -15769.022168
[00:49:32] [worker #9] Bootstrap tree #994, logLikelihood: -15283.589536
[00:49:32] [worker #21] Bootstrap tree #982, logLikelihood: -14867.063764
[00:49:33] [worker #3] Bootstrap tree #988, logLikelihood: -15703.031454
[00:49:33] [worker #11] Bootstrap tree #996, logLikelihood: -15299.058096
[00:49:33] [worker #23] Bootstrap tree #984, logLikelihood: -15338.052943
[00:49:33] [worker #14] Bootstrap tree #975, logLikelihood: -14745.725378
[00:49:34] [worker #19] Bootstrap tree #980, logLikelihood: -15469.380257
[00:49:34] [worker #13] Bootstrap tree #998, logLikelihood: -15288.807274
[00:49:35] [worker #6] Bootstrap tree #991, logLikelihood: -16412.855647
[00:49:35] [worker #0] Bootstrap tree #961, logLikelihood: -14884.845043
[00:49:35] [worker #7] Bootstrap tree #992, logLikelihood: -16389.996160
[00:49:36] [worker #22] Bootstrap tree #983, logLikelihood: -15174.681913
[00:49:37] [worker #20] Bootstrap tree #981, logLikelihood: -14501.523622
[00:49:38] [worker #4] Bootstrap tree #989, logLikelihood: -15116.617000
[00:49:38] [worker #15] Bootstrap tree #976, logLikelihood: -16298.038003
[00:49:38] [worker #5] Bootstrap tree #966, logLikelihood: -15704.063848
[00:50:04] [worker #14] Bootstrap tree #999, logLikelihood: -15661.141109
[00:50:10] [worker #15] Bootstrap tree #1000, logLikelihood: -15642.055636
[00:50:42] [worker #5] Bootstrap tree #990, logLikelihood: -16045.562581
[00:50:47] [worker #0] Bootstrap tree #985, logLikelihood: -15348.511034

Optimized model parameters:

   Partition 0: noname
   Rate heterogeneity: GAMMA (4 cats, mean),  alpha: 1.900074 (ML),  weights&rates: (0.250000,0.281047) (0.250000,0.643949) (0.250000,1.067275) (0.250000,2.007728) 
   Base frequencies (model): 0.075500 0.062100 0.041000 0.037100 0.009100 0.038200 0.049500 0.083800 0.024600 0.080600 0.101100 0.050400 0.022000 0.050600 0.043100 0.062200 0.054300 0.018100 0.030700 0.066000 
   Substitution rates (model): 105.000000 227.000000 175.000000 669.000000 157.000000 499.000000 665.000000 66.000000 145.000000 197.000000 236.000000 185.000000 68.000000 490.000000 2440.000000 1340.000000 14.000000 56.000000 968.000000 357.000000 43.000000 823.000000 1745.000000 152.000000 243.000000 715.000000 136.000000 203.000000 4482.000000 125.000000 53.000000 87.000000 385.000000 314.000000 230.000000 323.000000 92.000000 4435.000000 538.000000 768.000000 1055.000000 653.000000 1405.000000 168.000000 113.000000 2430.000000 61.000000 97.000000 173.000000 2085.000000 1393.000000 40.000000 754.000000 83.000000 10.000000 400.000000 3691.000000 431.000000 331.000000 10.000000 10.000000 412.000000 47.000000 22.000000 170.000000 590.000000 266.000000 18.000000 281.000000 75.000000 10.000000 10.000000 303.000000 441.000000 280.000000 396.000000 48.000000 159.000000 726.000000 285.000000 2331.000000 576.000000 435.000000 1466.000000 592.000000 3122.000000 133.000000 1269.000000 92.000000 286.000000 3313.000000 202.000000 10.000000 323.000000 396.000000 241.000000 53.000000 391.000000 54.000000 379.000000 162.000000 148.000000 82.000000 2629.000000 113.000000 145.000000 185.000000 568.000000 369.000000 63.000000 142.000000 200.000000 19.000000 40.000000 20.000000 263.000000 21.000000 25.000000 28.000000 691.000000 92.000000 82.000000 10.000000 91.000000 29.000000 66.000000 305.000000 10.000000 127.000000 152.000000 303.000000 32.000000 69.000000 1971.000000 25.000000 1745.000000 345.000000 1772.000000 454.000000 117.000000 216.000000 1040.000000 42.000000 89.000000 4797.000000 218.000000 1351.000000 1268.000000 219.000000 516.000000 156.000000 159.000000 189.000000 865.000000 193.000000 72.000000 302.000000 868.000000 918.000000 10.000000 247.000000 249.000000 327.000000 100.000000 93.000000 645.000000 86.000000 215.000000 475.000000 43.000000 487.000000 148.000000 468.000000 2370.000000 317.000000 1202.000000 260.000000 49.000000 97.000000 122.000000 2151.000000 73.000000 522.000000 167.000000 29.000000 71.000000 760.000000 346.000000 10.000000 119.000000 


Final LogLikelihood: -15599.768310

AIC score: 31643.536621 / AICc score: 130655.536621 / BIC score: 32366.700593
Free parameters (model + branch lengths): 222

WARNING: Number of free parameters (K=222) is larger than alignment size (n=192).
         This might lead to overfitting and compromise tree inference results!


WARNING: Best ML tree contains 14 near-zero branches!

Best ML tree with collapsed near-zero branches saved to: /scratch/richon/Your_Tree-raxmlng.raxml.bestTreeCollapsed
Best ML tree saved to: /scratch/richon/Your_Tree-raxmlng.raxml.bestTree
All ML trees saved to: /scratch/richon/Your_Tree-raxmlng.raxml.mlTrees
Best ML tree with Felsenstein bootstrap (FBP) support values saved to: /scratch/richon/Your_Tree-raxmlng.raxml.support
Optimized model saved to: /scratch/richon/Your_Tree-raxmlng.raxml.bestModel
Bootstrap trees saved to: /scratch/richon/Your_Tree-raxmlng.raxml.bootstraps

Execution log saved to: /scratch/richon/Your_Tree-raxmlng.raxml.log

Analysis started: 30-Mar-2026 11:31:28 / finished: 30-Mar-2026 12:22:16

Elapsed time: 3047.325 seconds

