
RAxML-NG v. 1.1.0 released on 29.11.2021 by The Exelixis Lab.
Developed by: Alexey M. Kozlov and Alexandros Stamatakis.
Contributors: Diego Darriba, Tomas Flouri, Benoit Morel, Sarah Lutteropp, Ben Bettisworth.
Latest version: https://github.com/amkozlov/raxml-ng
Questions/problems/suggestions? Please visit: https://groups.google.com/forum/#!forum/raxml

System: INTEL(R) XEON(R) PLATINUM 8592V, 128 cores, 2014 GB RAM

RAxML-NG was called at 22-Apr-2026 16:45:53 as follows:

/usr/local/bioinfo/raxml-ng-1.1.0/bin/raxml-ng --all --msa CifB_pair.fa --model CPREV+G4 --prefix cifB --seed 5 --threads 24 --bs-trees 1000

Analysis options:
  run mode: ML tree search + bootstrapping (Felsenstein Bootstrap)
  start tree(s): random (10) + parsimony (10)
  bootstrap replicates: 1000
  random seed: 5
  tip-inner: OFF
  pattern compression: ON
  per-rate scalers: OFF
  site repeats: ON
  branch lengths: proportional (ML estimate, algorithm: NR-FAST)
  SIMD kernels: AVX2
  parallelization: coarse-grained (auto), PTHREADS (24 threads), thread pinning: OFF

[00:00:00] Reading alignment from file: CifB_pair.fa
[00:00:00] Loaded alignment with 17 taxa and 221 sites

WARNING: Sequences Drosophila_ananassae_cHI_NW_025319039.1 and Drosophila_ananassae_cHI_NW_025319040.1 are exactly identical!
WARNING: Sequences Drosophila_ananassae_cHI_NW_025319042.1 and Drosophila_ananassae_cHI_NW_025319046.1 are exactly identical!
WARNING: Sequences Armadillidium_vulgare_Wxf-1543_OJH31527.1 and Armadillidium_vulgare_WXf-1543_OJH32952.1 are exactly identical!
WARNING: Sequences Armadillidium_vulgare_Wxf-1543_OJH31527.1 and Armadillidium_vulgare_Wxf-1543_OJH32251.1 are exactly identical!
WARNING: Duplicate sequences found: 4

NOTE: Reduced alignment (with duplicates and gap-only sites/taxa removed) 
NOTE: was saved to: /scratch/richon/Cif_pair/cifB.raxml.reduced.phy

Alignment comprises 1 partitions and 218 patterns

Partition 0: noname
Model: CPREV+G4m
Alignment sites / patterns: 221 / 218
Gaps: 0.00 %
Invariant sites: 3.17 %


NOTE: Binary MSA file created: cifB.raxml.rba

Parallelization scheme autoconfig: 24 worker(s) x 1 thread(s)

Parallel reduction/worker buffer size: 1 KB  / 0 KB

[00:00:00] Generating 10 random starting tree(s) with 17 taxa
[00:00:00] Generating 10 parsimony starting tree(s) with 17 taxa
[00:00:00] Data distribution: max. partitions/sites/weight per thread: 1 / 218 / 17440
[00:00:00] Data distribution: max. searches per worker: 43

Starting ML tree search with 20 distinct starting trees

[00:00:01] [worker #17] ML tree search #18, logLikelihood: -4638.991563
[00:00:01] [worker #10] ML tree search #11, logLikelihood: -4638.991570
[00:00:01] [worker #11] ML tree search #12, logLikelihood: -4638.991568
[00:00:01] [worker #13] ML tree search #14, logLikelihood: -4638.991567
[00:00:01] [worker #14] ML tree search #15, logLikelihood: -4638.991568
[00:00:01] [worker #12] ML tree search #13, logLikelihood: -4638.991562
[00:00:01] [worker #18] ML tree search #19, logLikelihood: -4638.991563
[00:00:01] [worker #19] ML tree search #20, logLikelihood: -4638.991570
[00:00:01] [worker #16] ML tree search #17, logLikelihood: -4638.991571
[00:00:01] [worker #3] ML tree search #4, logLikelihood: -4638.991605
[00:00:02] [worker #9] ML tree search #10, logLikelihood: -4638.991616
[00:00:02] [worker #6] ML tree search #7, logLikelihood: -4638.991867
[00:00:02] [worker #0] ML tree search #1, logLikelihood: -4638.992153
[00:00:02] [worker #2] ML tree search #3, logLikelihood: -4638.991624
[00:00:02] [worker #7] ML tree search #8, logLikelihood: -4638.991899
[00:00:02] [worker #5] ML tree search #6, logLikelihood: -4638.991813
[00:00:02] [worker #15] ML tree search #16, logLikelihood: -4638.991711
[00:00:02] [worker #1] ML tree search #2, logLikelihood: -4638.991969
[00:00:02] [worker #4] ML tree search #5, logLikelihood: -4638.991572
[00:00:02] [worker #8] ML tree search #9, logLikelihood: -4638.991690

[00:00:02] ML tree search completed, best tree logLH: -4638.991562

[00:00:02] Starting bootstrapping analysis with 1000 replicates.

[00:00:03] [worker #6] Bootstrap tree #7, logLikelihood: -4587.670264
[00:00:03] [worker #2] Bootstrap tree #3, logLikelihood: -4715.203168
[00:00:03] [worker #16] Bootstrap tree #17, logLikelihood: -4704.271512
[00:00:03] [worker #10] Bootstrap tree #11, logLikelihood: -4726.865789
[00:00:03] [worker #20] Bootstrap tree #21, logLikelihood: -4695.504267
[00:00:03] [worker #9] Bootstrap tree #10, logLikelihood: -4840.607129
[00:00:03] [worker #22] Bootstrap tree #23, logLikelihood: -4856.471068
[00:00:03] [worker #5] Bootstrap tree #6, logLikelihood: -4542.864648
[00:00:03] [worker #8] Bootstrap tree #9, logLikelihood: -4625.747292
[00:00:03] [worker #0] Bootstrap tree #1, logLikelihood: -4600.340532
[00:00:03] [worker #1] Bootstrap tree #2, logLikelihood: -4532.487227
[00:00:03] [worker #7] Bootstrap tree #8, logLikelihood: -4482.085755
[00:00:03] [worker #19] Bootstrap tree #20, logLikelihood: -4631.256033
[00:00:03] [worker #12] Bootstrap tree #13, logLikelihood: -4600.106983
[00:00:03] [worker #14] Bootstrap tree #15, logLikelihood: -4579.648273
[00:00:04] [worker #23] Bootstrap tree #24, logLikelihood: -4377.859894
[00:00:04] [worker #11] Bootstrap tree #12, logLikelihood: -4611.295159
[00:00:04] [worker #18] Bootstrap tree #19, logLikelihood: -4442.890312
[00:00:04] [worker #17] Bootstrap tree #18, logLikelihood: -4590.564812
[00:00:04] [worker #13] Bootstrap tree #14, logLikelihood: -4396.228350
[00:00:04] [worker #15] Bootstrap tree #16, logLikelihood: -4775.882036
[00:00:04] [worker #4] Bootstrap tree #5, logLikelihood: -4560.531950
[00:00:04] [worker #3] Bootstrap tree #4, logLikelihood: -4517.406322
[00:00:04] [worker #21] Bootstrap tree #22, logLikelihood: -4793.792249
[00:00:05] [worker #14] Bootstrap tree #39, logLikelihood: -4586.153595
[00:00:05] [worker #6] Bootstrap tree #31, logLikelihood: -4753.618561
[00:00:05] [worker #12] Bootstrap tree #37, logLikelihood: -4521.390905
[00:00:05] [worker #16] Bootstrap tree #41, logLikelihood: -4693.016569
[00:00:05] [worker #9] Bootstrap tree #34, logLikelihood: -4755.959712
[00:00:05] [worker #2] Bootstrap tree #27, logLikelihood: -4632.142623
[00:00:05] [worker #20] Bootstrap tree #45, logLikelihood: -4547.213057
[00:00:05] [worker #1] Bootstrap tree #26, logLikelihood: -4711.967753
[00:00:05] [worker #11] Bootstrap tree #36, logLikelihood: -4664.104387
[00:00:05] [worker #5] Bootstrap tree #30, logLikelihood: -4673.329564
[00:00:05] [worker #13] Bootstrap tree #38, logLikelihood: -4649.588903
[00:00:05] [worker #0] Bootstrap tree #25, logLikelihood: -4528.015725
[00:00:05] [worker #8] Bootstrap tree #33, logLikelihood: -4588.205613
[00:00:05] [worker #22] Bootstrap tree #47, logLikelihood: -4699.338459
[00:00:05] [worker #7] Bootstrap tree #32, logLikelihood: -4542.059440
[00:00:05] [worker #10] Bootstrap tree #35, logLikelihood: -4669.961921
[00:00:05] [worker #15] Bootstrap tree #40, logLikelihood: -4607.221227
[00:00:05] [worker #19] Bootstrap tree #44, logLikelihood: -4539.944699
[00:00:05] [worker #23] Bootstrap tree #48, logLikelihood: -4812.307393
[00:00:05] [worker #4] Bootstrap tree #29, logLikelihood: -4612.736920
[00:00:05] [worker #21] Bootstrap tree #46, logLikelihood: -4701.665936
[00:00:05] [worker #17] Bootstrap tree #42, logLikelihood: -4706.841604
[00:00:05] [worker #3] Bootstrap tree #28, logLikelihood: -4710.134857
[00:00:06] [worker #18] Bootstrap tree #43, logLikelihood: -4677.229628
[00:00:06] [worker #0] Bootstrap tree #49, logLikelihood: -4556.714750
[00:00:07] [worker #1] Bootstrap tree #50, logLikelihood: -4688.773721
[00:00:08] [worker #14] Bootstrap tree #63, logLikelihood: -4334.118430
[00:00:08] [worker #1] Bootstrap tree #74, logLikelihood: -4685.370793
[00:00:08] [worker #16] Bootstrap tree #65, logLikelihood: -4710.875373
[00:00:08] [worker #9] Bootstrap tree #58, logLikelihood: -4633.713252
[00:00:08] [worker #5] Bootstrap tree #54, logLikelihood: -4524.303872
[00:00:08] [worker #19] Bootstrap tree #68, logLikelihood: -4721.784226
[00:00:08] [worker #23] Bootstrap tree #72, logLikelihood: -4737.802281
[00:00:08] [worker #0] Bootstrap tree #73, logLikelihood: -4476.341943
[00:00:08] [worker #11] Bootstrap tree #60, logLikelihood: -4487.311343
[00:00:08] [worker #13] Bootstrap tree #62, logLikelihood: -4629.719269
[00:00:08] [worker #3] Bootstrap tree #52, logLikelihood: -4620.670965
[00:00:08] [worker #18] Bootstrap tree #67, logLikelihood: -4595.906508
[00:00:08] [worker #15] Bootstrap tree #64, logLikelihood: -4543.371363
[00:00:08] [worker #2] Bootstrap tree #51, logLikelihood: -4884.253392
[00:00:08] [worker #7] Bootstrap tree #56, logLikelihood: -4626.314105
[00:00:08] [worker #21] Bootstrap tree #70, logLikelihood: -4588.906816
[00:00:08] [worker #6] Bootstrap tree #55, logLikelihood: -4779.730004
[00:00:08] [worker #10] Bootstrap tree #59, logLikelihood: -4503.281418
[00:00:08] [worker #8] Bootstrap tree #57, logLikelihood: -4728.300943
[00:00:08] [worker #20] Bootstrap tree #69, logLikelihood: -4709.565251
[00:00:09] [worker #4] Bootstrap tree #53, logLikelihood: -4515.692492
[00:00:09] [worker #12] Bootstrap tree #61, logLikelihood: -4745.125471
[00:00:09] [worker #17] Bootstrap tree #66, logLikelihood: -4674.153377
[00:00:09] [worker #22] Bootstrap tree #71, logLikelihood: -4642.345924
[00:00:09] [worker #1] Bootstrap tree #98, logLikelihood: -4576.756627
[00:00:09] [worker #9] Bootstrap tree #82, logLikelihood: -4583.707247
[00:00:09] [worker #2] Bootstrap tree #75, logLikelihood: -4550.271909
[00:00:09] [worker #16] Bootstrap tree #89, logLikelihood: -4684.594582
[00:00:09] [worker #19] Bootstrap tree #92, logLikelihood: -4541.931950
[00:00:09] [worker #13] Bootstrap tree #86, logLikelihood: -4663.182410
[00:00:09] [worker #0] Bootstrap tree #97, logLikelihood: -4562.943640
[00:00:10] [worker #5] Bootstrap tree #78, logLikelihood: -4664.779076
[00:00:10] [worker #23] Bootstrap tree #96, logLikelihood: -4764.520237
[00:00:10] [worker #18] Bootstrap tree #91, logLikelihood: -4629.626066
[00:00:10] [worker #7] Bootstrap tree #80, logLikelihood: -4671.938373
[00:00:10] [worker #11] Bootstrap tree #84, logLikelihood: -4725.851920
[00:00:10] [worker #15] Bootstrap tree #88, logLikelihood: -4437.778442
[00:00:10] [worker #3] Bootstrap tree #76, logLikelihood: -4396.244842
[00:00:10] [worker #21] Bootstrap tree #94, logLikelihood: -4795.740302
[00:00:10] [worker #10] Bootstrap tree #83, logLikelihood: -4566.281610
[00:00:10] [worker #6] Bootstrap tree #79, logLikelihood: -4484.987541
[00:00:10] [worker #8] Bootstrap tree #81, logLikelihood: -4669.532195
[00:00:10] [worker #20] Bootstrap tree #93, logLikelihood: -4799.047636
[00:00:10] [worker #4] Bootstrap tree #77, logLikelihood: -4679.297616
[00:00:11] [worker #17] Bootstrap tree #90, logLikelihood: -4597.989920
[00:00:11] [worker #12] Bootstrap tree #85, logLikelihood: -4691.401237
[00:00:11] [worker #2] Bootstrap tree #99, logLikelihood: -4583.584703
[00:00:11] [worker #3] Bootstrap tree #100, logLikelihood: -4697.112909
[00:00:11] [worker #14] Bootstrap tree #87, logLikelihood: -4522.513965
[00:00:11] [worker #22] Bootstrap tree #95, logLikelihood: -4732.650966
[00:00:12] [worker #0] Bootstrap tree #121, logLikelihood: -4738.959142
[00:00:12] [worker #1] Bootstrap tree #122, logLikelihood: -4502.280622
[00:00:12] [worker #7] Bootstrap tree #104, logLikelihood: -4506.166347
[00:00:12] [worker #20] Bootstrap tree #117, logLikelihood: -4723.057041
[00:00:12] [worker #8] Bootstrap tree #105, logLikelihood: -4651.977388
[00:00:12] [worker #15] Bootstrap tree #112, logLikelihood: -4648.363943
[00:00:12] [worker #21] Bootstrap tree #118, logLikelihood: -4644.660421
[00:00:12] [worker #4] Bootstrap tree #101, logLikelihood: -4664.255148
[00:00:12] [worker #3] Bootstrap tree #124, logLikelihood: -4518.106070
[00:00:12] [worker #23] Bootstrap tree #120, logLikelihood: -4585.104569
[00:00:12] [worker #9] Bootstrap tree #106, logLikelihood: -4732.740130
[00:00:12] [worker #16] Bootstrap tree #113, logLikelihood: -4605.395494
[00:00:13] [worker #18] Bootstrap tree #115, logLikelihood: -4458.742089
[00:00:13] [worker #11] Bootstrap tree #108, logLikelihood: -4675.654404
[00:00:13] [worker #13] Bootstrap tree #110, logLikelihood: -4464.864698
[00:00:13] [worker #5] Bootstrap tree #102, logLikelihood: -4502.913364
[00:00:13] [worker #14] Bootstrap tree #111, logLikelihood: -4623.402339
[00:00:13] [worker #22] Bootstrap tree #119, logLikelihood: -4637.869484
[00:00:13] [worker #17] Bootstrap tree #114, logLikelihood: -4547.110210
[00:00:13] [worker #10] Bootstrap tree #107, logLikelihood: -4586.494900
[00:00:13] [worker #6] Bootstrap tree #103, logLikelihood: -4564.688304
[00:00:13] [worker #12] Bootstrap tree #109, logLikelihood: -4468.818437
[00:00:13] [worker #19] Bootstrap tree #116, logLikelihood: -4719.958687
[00:00:14] [worker #15] Bootstrap tree #136, logLikelihood: -4658.901941
[00:00:14] [worker #4] Bootstrap tree #125, logLikelihood: -4505.645742
[00:00:14] [worker #18] Bootstrap tree #139, logLikelihood: -4470.663888
[00:00:14] [worker #0] Bootstrap tree #145, logLikelihood: -4487.264630
[00:00:14] [worker #1] Bootstrap tree #146, logLikelihood: -4681.778284
[00:00:14] [worker #21] Bootstrap tree #142, logLikelihood: -4342.705542
[00:00:14] [worker #9] Bootstrap tree #130, logLikelihood: -4744.672837
[00:00:14] [worker #3] Bootstrap tree #148, logLikelihood: -4704.994513
[00:00:14] [worker #5] Bootstrap tree #126, logLikelihood: -4721.570833
[00:00:14] [worker #23] Bootstrap tree #144, logLikelihood: -4752.169744
[00:00:14] [worker #16] Bootstrap tree #137, logLikelihood: -4677.335508
[00:00:14] [worker #14] Bootstrap tree #135, logLikelihood: -4500.566124
[00:00:14] [worker #13] Bootstrap tree #134, logLikelihood: -4762.007003
[00:00:14] [worker #20] Bootstrap tree #141, logLikelihood: -4583.032603
[00:00:14] [worker #11] Bootstrap tree #132, logLikelihood: -4411.864197
[00:00:14] [worker #17] Bootstrap tree #138, logLikelihood: -4621.470911
[00:00:14] [worker #2] Bootstrap tree #123, logLikelihood: -4477.260527
[00:00:14] [worker #22] Bootstrap tree #143, logLikelihood: -4524.507268
[00:00:14] [worker #7] Bootstrap tree #128, logLikelihood: -4468.873406
[00:00:14] [worker #10] Bootstrap tree #131, logLikelihood: -4717.508189
[00:00:15] [worker #8] Bootstrap tree #129, logLikelihood: -4683.809656
[00:00:15] [worker #19] Bootstrap tree #140, logLikelihood: -4765.842453
[00:00:15] [worker #4] Bootstrap tree #149, logLikelihood: -4620.182428
[00:00:16] [worker #12] Bootstrap tree #133, logLikelihood: -4754.921910
[00:00:16] [worker #6] Bootstrap tree #127, logLikelihood: -4614.382529
[00:00:16] [worker #2] Bootstrap tree #147, logLikelihood: -4496.709779
[00:00:16] [worker #5] Bootstrap tree #150, logLikelihood: -4686.358707
[00:00:17] [worker #10] Bootstrap tree #155, logLikelihood: -4675.729524
[00:00:17] [worker #13] Bootstrap tree #158, logLikelihood: -4745.747880
[00:00:17] [worker #4] Bootstrap tree #173, logLikelihood: -4839.036020
[00:00:17] [worker #9] Bootstrap tree #154, logLikelihood: -4570.109924
[00:00:17] [worker #11] Bootstrap tree #156, logLikelihood: -4444.989482
[00:00:17] [worker #21] Bootstrap tree #166, logLikelihood: -4698.843920
[00:00:17] [worker #18] Bootstrap tree #163, logLikelihood: -4741.469898
[00:00:17] [worker #7] Bootstrap tree #152, logLikelihood: -4456.259847
[00:00:17] [worker #2] Bootstrap tree #171, logLikelihood: -4776.932790
[00:00:17] [worker #23] Bootstrap tree #168, logLikelihood: -4633.061059
[00:00:17] [worker #20] Bootstrap tree #165, logLikelihood: -4584.150863
[00:00:17] [worker #15] Bootstrap tree #160, logLikelihood: -4570.446354
[00:00:17] [worker #8] Bootstrap tree #153, logLikelihood: -4555.037705
[00:00:18] [worker #0] Bootstrap tree #169, logLikelihood: -4554.536054
[00:00:18] [worker #16] Bootstrap tree #161, logLikelihood: -4803.658464
[00:00:18] [worker #5] Bootstrap tree #174, logLikelihood: -4780.329363
[00:00:18] [worker #6] Bootstrap tree #151, logLikelihood: -4642.601881
[00:00:18] [worker #22] Bootstrap tree #167, logLikelihood: -4580.198325
[00:00:18] [worker #19] Bootstrap tree #164, logLikelihood: -4601.311462
[00:00:18] [worker #3] Bootstrap tree #172, logLikelihood: -4595.786404
[00:00:18] [worker #1] Bootstrap tree #170, logLikelihood: -4385.476429
[00:00:18] [worker #14] Bootstrap tree #159, logLikelihood: -4660.633136
[00:00:18] [worker #17] Bootstrap tree #162, logLikelihood: -4636.965113
[00:00:18] [worker #13] Bootstrap tree #182, logLikelihood: -4615.666440
[00:00:19] [worker #10] Bootstrap tree #179, logLikelihood: -4626.090554
[00:00:19] [worker #2] Bootstrap tree #195, logLikelihood: -4631.512374
[00:00:19] [worker #12] Bootstrap tree #157, logLikelihood: -4534.505232
[00:00:19] [worker #23] Bootstrap tree #192, logLikelihood: -4602.388224
[00:00:19] [worker #4] Bootstrap tree #197, logLikelihood: -4764.595758
[00:00:19] [worker #8] Bootstrap tree #177, logLikelihood: -4650.815561
[00:00:19] [worker #11] Bootstrap tree #180, logLikelihood: -4652.771632
[00:00:19] [worker #21] Bootstrap tree #190, logLikelihood: -4632.534040
[00:00:19] [worker #19] Bootstrap tree #188, logLikelihood: -4579.051710
[00:00:19] [worker #16] Bootstrap tree #185, logLikelihood: -4559.316510
[00:00:19] [worker #0] Bootstrap tree #193, logLikelihood: -4526.067520
[00:00:19] [worker #9] Bootstrap tree #178, logLikelihood: -4761.468413
[00:00:19] [worker #5] Bootstrap tree #198, logLikelihood: -4648.562851
[00:00:19] [worker #20] Bootstrap tree #189, logLikelihood: -4457.347006
[00:00:19] [worker #7] Bootstrap tree #176, logLikelihood: -4624.965754
[00:00:19] [worker #15] Bootstrap tree #184, logLikelihood: -4541.270939
[00:00:19] [worker #18] Bootstrap tree #187, logLikelihood: -4775.945901
[00:00:19] [worker #6] Bootstrap tree #175, logLikelihood: -4670.845361
[00:00:20] [worker #1] Bootstrap tree #194, logLikelihood: -4565.478743
[00:00:20] [worker #22] Bootstrap tree #191, logLikelihood: -4573.804448
[00:00:20] [worker #14] Bootstrap tree #183, logLikelihood: -4567.081223
[00:00:20] [worker #3] Bootstrap tree #196, logLikelihood: -4747.260039
[00:00:20] [worker #17] Bootstrap tree #186, logLikelihood: -4711.537733
[00:00:21] [worker #12] Bootstrap tree #181, logLikelihood: -4587.558810
[00:00:21] [worker #7] Bootstrap tree #200, logLikelihood: -4497.136020
[00:00:21] [worker #6] Bootstrap tree #199, logLikelihood: -4653.848888
[00:00:23] [worker #2] Bootstrap tree #219, logLikelihood: -4705.127607
[00:00:23] [worker #21] Bootstrap tree #214, logLikelihood: -4507.561293
[00:00:23] [worker #11] Bootstrap tree #204, logLikelihood: -4545.506040
[00:00:23] [worker #4] Bootstrap tree #221, logLikelihood: -4686.948055
[00:00:23] [worker #20] Bootstrap tree #213, logLikelihood: -4533.258164
[00:00:23] [worker #23] Bootstrap tree #216, logLikelihood: -4551.337720
[00:00:23] [worker #16] Bootstrap tree #209, logLikelihood: -4493.239989
[00:00:23] [worker #19] Bootstrap tree #212, logLikelihood: -4443.522493
[00:00:23] [worker #18] Bootstrap tree #211, logLikelihood: -4730.017809
[00:00:23] [worker #5] Bootstrap tree #222, logLikelihood: -4694.882349
[00:00:23] [worker #8] Bootstrap tree #201, logLikelihood: -4442.891963
[00:00:23] [worker #9] Bootstrap tree #202, logLikelihood: -4651.456448
[00:00:23] [worker #13] Bootstrap tree #206, logLikelihood: -4624.329860
[00:00:23] [worker #10] Bootstrap tree #203, logLikelihood: -4561.309692
[00:00:23] [worker #15] Bootstrap tree #208, logLikelihood: -4758.081378
[00:00:23] [worker #0] Bootstrap tree #217, logLikelihood: -4645.959941
[00:00:23] [worker #1] Bootstrap tree #218, logLikelihood: -4702.872957
[00:00:23] [worker #17] Bootstrap tree #210, logLikelihood: -4608.835101
[00:00:23] [worker #3] Bootstrap tree #220, logLikelihood: -4425.724216
[00:00:23] [worker #22] Bootstrap tree #215, logLikelihood: -4598.688523
[00:00:23] [worker #12] Bootstrap tree #205, logLikelihood: -4654.588549
[00:00:23] [worker #14] Bootstrap tree #207, logLikelihood: -4475.276654
[00:00:24] [worker #7] Bootstrap tree #224, logLikelihood: -4665.966461
[00:00:24] [worker #21] Bootstrap tree #238, logLikelihood: -4781.531486
[00:00:24] [worker #23] Bootstrap tree #240, logLikelihood: -4568.390385
[00:00:24] [worker #2] Bootstrap tree #243, logLikelihood: -4610.163704
[00:00:24] [worker #15] Bootstrap tree #232, logLikelihood: -4745.266338
[00:00:24] [worker #11] Bootstrap tree #228, logLikelihood: -4813.690140
[00:00:24] [worker #6] Bootstrap tree #223, logLikelihood: -4714.993775
[00:00:24] [worker #16] Bootstrap tree #233, logLikelihood: -4639.566544
[00:00:24] [worker #20] Bootstrap tree #237, logLikelihood: -4671.821911
[00:00:25] [worker #5] Bootstrap tree #246, logLikelihood: -4835.597454
[00:00:25] [worker #18] Bootstrap tree #235, logLikelihood: -4695.373361
[00:00:25] [worker #4] Bootstrap tree #245, logLikelihood: -4512.496347
[00:00:25] [worker #8] Bootstrap tree #225, logLikelihood: -4790.252352
[00:00:25] [worker #13] Bootstrap tree #230, logLikelihood: -4581.384597
[00:00:25] [worker #0] Bootstrap tree #241, logLikelihood: -4669.071660
[00:00:25] [worker #9] Bootstrap tree #226, logLikelihood: -4732.993962
[00:00:25] [worker #12] Bootstrap tree #229, logLikelihood: -4685.307728
[00:00:25] [worker #19] Bootstrap tree #236, logLikelihood: -4670.658121
[00:00:25] [worker #1] Bootstrap tree #242, logLikelihood: -4617.496868
[00:00:25] [worker #17] Bootstrap tree #234, logLikelihood: -4849.679916
[00:00:25] [worker #10] Bootstrap tree #227, logLikelihood: -4564.967132
[00:00:25] [worker #22] Bootstrap tree #239, logLikelihood: -4697.546834
[00:00:25] [worker #3] Bootstrap tree #244, logLikelihood: -4485.889199
[00:00:25] [worker #14] Bootstrap tree #231, logLikelihood: -4413.009791
[00:00:27] [worker #8] Bootstrap tree #249, logLikelihood: -4721.214705
[00:00:27] [worker #9] Bootstrap tree #250, logLikelihood: -4598.618458
[00:00:27] [worker #7] Bootstrap tree #248, logLikelihood: -4684.077325
[00:00:27] [worker #6] Bootstrap tree #247, logLikelihood: -4557.806516
[00:00:28] [worker #18] Bootstrap tree #259, logLikelihood: -4572.412973
[00:00:28] [worker #0] Bootstrap tree #265, logLikelihood: -4390.542770
[00:00:28] [worker #21] Bootstrap tree #262, logLikelihood: -4595.557932
[00:00:28] [worker #8] Bootstrap tree #273, logLikelihood: -4824.488007
[00:00:28] [worker #23] Bootstrap tree #264, logLikelihood: -4766.395513
[00:00:28] [worker #20] Bootstrap tree #261, logLikelihood: -4605.245160
[00:00:28] [worker #1] Bootstrap tree #266, logLikelihood: -4664.062224
[00:00:29] [worker #4] Bootstrap tree #269, logLikelihood: -4604.787983
[00:00:29] [worker #10] Bootstrap tree #251, logLikelihood: -4695.765651
[00:00:29] [worker #19] Bootstrap tree #260, logLikelihood: -4634.779896
[00:00:29] [worker #11] Bootstrap tree #252, logLikelihood: -4588.002879
[00:00:29] [worker #15] Bootstrap tree #256, logLikelihood: -4558.285810
[00:00:29] [worker #12] Bootstrap tree #253, logLikelihood: -4694.515678
[00:00:29] [worker #16] Bootstrap tree #257, logLikelihood: -4747.638214
[00:00:29] [worker #22] Bootstrap tree #263, logLikelihood: -4873.292789
[00:00:29] [worker #17] Bootstrap tree #258, logLikelihood: -4717.842243
[00:00:29] [worker #14] Bootstrap tree #255, logLikelihood: -4720.452732
[00:00:29] [worker #5] Bootstrap tree #270, logLikelihood: -4534.522110
[00:00:29] [worker #7] Bootstrap tree #272, logLikelihood: -4708.333294
[00:00:29] [worker #2] Bootstrap tree #267, logLikelihood: -4692.921947
[00:00:29] [worker #3] Bootstrap tree #268, logLikelihood: -4361.325379
[00:00:29] [worker #9] Bootstrap tree #274, logLikelihood: -4481.761524
[00:00:29] [worker #13] Bootstrap tree #254, logLikelihood: -4631.493986
[00:00:29] [worker #6] Bootstrap tree #271, logLikelihood: -4703.290884
[00:00:30] [worker #19] Bootstrap tree #284, logLikelihood: -4803.919700
[00:00:30] [worker #1] Bootstrap tree #290, logLikelihood: -4685.819921
[00:00:30] [worker #18] Bootstrap tree #283, logLikelihood: -4557.984952
[00:00:30] [worker #11] Bootstrap tree #276, logLikelihood: -4744.439514
[00:00:30] [worker #0] Bootstrap tree #289, logLikelihood: -4593.551079
[00:00:30] [worker #20] Bootstrap tree #285, logLikelihood: -4778.635039
[00:00:30] [worker #23] Bootstrap tree #288, logLikelihood: -4435.512878
[00:00:30] [worker #5] Bootstrap tree #294, logLikelihood: -4628.576254
[00:00:30] [worker #21] Bootstrap tree #286, logLikelihood: -4630.520745
[00:00:30] [worker #4] Bootstrap tree #293, logLikelihood: -4821.899287
[00:00:30] [worker #12] Bootstrap tree #277, logLikelihood: -4673.706982
[00:00:30] [worker #3] Bootstrap tree #292, logLikelihood: -4538.909251
[00:00:30] [worker #2] Bootstrap tree #291, logLikelihood: -4603.198320
[00:00:30] [worker #7] Bootstrap tree #296, logLikelihood: -4599.205126
[00:00:30] [worker #22] Bootstrap tree #287, logLikelihood: -4740.256485
[00:00:30] [worker #15] Bootstrap tree #280, logLikelihood: -4568.605898
[00:00:30] [worker #8] Bootstrap tree #297, logLikelihood: -4542.483502
[00:00:30] [worker #9] Bootstrap tree #298, logLikelihood: -4470.911973
[00:00:30] [worker #16] Bootstrap tree #281, logLikelihood: -4726.623928
[00:00:31] [worker #14] Bootstrap tree #279, logLikelihood: -4597.350947
[00:00:31] [worker #17] Bootstrap tree #282, logLikelihood: -4719.867373
[00:00:31] [worker #10] Bootstrap tree #275, logLikelihood: -4637.527113
[00:00:31] [worker #13] Bootstrap tree #278, logLikelihood: -4837.092053
[00:00:31] [worker #6] Bootstrap tree #295, logLikelihood: -4610.847057
[00:00:32] [worker #11] Bootstrap tree #300, logLikelihood: -4607.193235
[00:00:33] [worker #10] Bootstrap tree #299, logLikelihood: -4498.499032
[00:00:34] [worker #19] Bootstrap tree #308, logLikelihood: -4447.530224
[00:00:34] [worker #7] Bootstrap tree #320, logLikelihood: -4750.871671
[00:00:34] [worker #4] Bootstrap tree #317, logLikelihood: -4364.305670
[00:00:34] [worker #20] Bootstrap tree #309, logLikelihood: -4596.665387
[00:00:34] [worker #2] Bootstrap tree #315, logLikelihood: -4594.881516
[00:00:34] [worker #6] Bootstrap tree #319, logLikelihood: -4677.807603
[00:00:34] [worker #3] Bootstrap tree #316, logLikelihood: -4536.196730
[00:00:34] [worker #16] Bootstrap tree #305, logLikelihood: -4597.745111
[00:00:34] [worker #11] Bootstrap tree #324, logLikelihood: -4866.545016
[00:00:34] [worker #1] Bootstrap tree #314, logLikelihood: -4545.683705
[00:00:34] [worker #13] Bootstrap tree #302, logLikelihood: -4616.798219
[00:00:34] [worker #21] Bootstrap tree #310, logLikelihood: -4495.241476
[00:00:35] [worker #12] Bootstrap tree #301, logLikelihood: -4565.629237
[00:00:35] [worker #10] Bootstrap tree #323, logLikelihood: -4516.573333
[00:00:35] [worker #9] Bootstrap tree #322, logLikelihood: -4543.780004
[00:00:35] [worker #5] Bootstrap tree #318, logLikelihood: -4652.295864
[00:00:35] [worker #0] Bootstrap tree #313, logLikelihood: -4639.438159
[00:00:35] [worker #18] Bootstrap tree #307, logLikelihood: -4494.430328
[00:00:35] [worker #17] Bootstrap tree #306, logLikelihood: -4607.428755
[00:00:35] [worker #8] Bootstrap tree #321, logLikelihood: -4540.051410
[00:00:35] [worker #23] Bootstrap tree #312, logLikelihood: -4600.623131
[00:00:35] [worker #14] Bootstrap tree #303, logLikelihood: -4736.828651
[00:00:35] [worker #22] Bootstrap tree #311, logLikelihood: -4556.370364
[00:00:35] [worker #15] Bootstrap tree #304, logLikelihood: -4672.020675
[00:00:36] [worker #3] Bootstrap tree #340, logLikelihood: -4751.966951
[00:00:36] [worker #4] Bootstrap tree #341, logLikelihood: -4601.544203
[00:00:36] [worker #6] Bootstrap tree #343, logLikelihood: -4487.307964
[00:00:36] [worker #16] Bootstrap tree #329, logLikelihood: -4394.181031
[00:00:36] [worker #19] Bootstrap tree #332, logLikelihood: -4508.348796
[00:00:36] [worker #7] Bootstrap tree #344, logLikelihood: -4524.635527
[00:00:36] [worker #2] Bootstrap tree #339, logLikelihood: -4679.863969
[00:00:36] [worker #5] Bootstrap tree #342, logLikelihood: -4822.386284
[00:00:36] [worker #0] Bootstrap tree #337, logLikelihood: -4600.591035
[00:00:36] [worker #13] Bootstrap tree #326, logLikelihood: -4682.574319
[00:00:36] [worker #12] Bootstrap tree #325, logLikelihood: -4414.944987
[00:00:36] [worker #1] Bootstrap tree #338, logLikelihood: -4554.602179
[00:00:36] [worker #9] Bootstrap tree #346, logLikelihood: -4637.743798
[00:00:36] [worker #20] Bootstrap tree #333, logLikelihood: -4739.176218
[00:00:36] [worker #11] Bootstrap tree #348, logLikelihood: -4494.738196
[00:00:36] [worker #10] Bootstrap tree #347, logLikelihood: -4731.733961
[00:00:36] [worker #18] Bootstrap tree #331, logLikelihood: -4623.618794
[00:00:36] [worker #21] Bootstrap tree #334, logLikelihood: -4699.705075
[00:00:37] [worker #8] Bootstrap tree #345, logLikelihood: -4757.277061
[00:00:37] [worker #17] Bootstrap tree #330, logLikelihood: -4598.009445
[00:00:37] [worker #15] Bootstrap tree #328, logLikelihood: -4479.737020
[00:00:37] [worker #22] Bootstrap tree #335, logLikelihood: -4789.719086
[00:00:37] [worker #23] Bootstrap tree #336, logLikelihood: -4707.093890
[00:00:37] [worker #14] Bootstrap tree #327, logLikelihood: -4651.876502
[00:00:37] [worker #13] Bootstrap tree #350, logLikelihood: -4757.115376
[00:00:38] [worker #12] Bootstrap tree #349, logLikelihood: -4633.424623
[00:00:39] [worker #18] Bootstrap tree #355, logLikelihood: -4489.132515
[00:00:39] [worker #15] Bootstrap tree #352, logLikelihood: -4655.790690
[00:00:39] [worker #11] Bootstrap tree #372, logLikelihood: -4684.372265
[00:00:39] [worker #16] Bootstrap tree #353, logLikelihood: -4478.696946
[00:00:39] [worker #10] Bootstrap tree #371, logLikelihood: -4822.878853
[00:00:39] [worker #1] Bootstrap tree #362, logLikelihood: -4559.214297
[00:00:39] [worker #21] Bootstrap tree #358, logLikelihood: -4735.751709
[00:00:39] [worker #12] Bootstrap tree #373, logLikelihood: -4441.303305
[00:00:39] [worker #7] Bootstrap tree #368, logLikelihood: -4636.796937
[00:00:39] [worker #9] Bootstrap tree #370, logLikelihood: -4816.634738
[00:00:39] [worker #5] Bootstrap tree #366, logLikelihood: -4734.314524
[00:00:39] [worker #20] Bootstrap tree #357, logLikelihood: -4572.114501
[00:00:39] [worker #6] Bootstrap tree #367, logLikelihood: -4514.177615
[00:00:39] [worker #17] Bootstrap tree #354, logLikelihood: -4583.440896
[00:00:39] [worker #0] Bootstrap tree #361, logLikelihood: -4597.489555
[00:00:39] [worker #13] Bootstrap tree #374, logLikelihood: -4698.890036
[00:00:39] [worker #23] Bootstrap tree #360, logLikelihood: -4634.866574
[00:00:39] [worker #14] Bootstrap tree #351, logLikelihood: -4674.253335
[00:00:39] [worker #3] Bootstrap tree #364, logLikelihood: -4563.474359
[00:00:40] [worker #19] Bootstrap tree #356, logLikelihood: -4707.166783
[00:00:40] [worker #4] Bootstrap tree #365, logLikelihood: -4344.660792
[00:00:40] [worker #2] Bootstrap tree #363, logLikelihood: -4520.361302
[00:00:40] [worker #22] Bootstrap tree #359, logLikelihood: -4744.831906
[00:00:40] [worker #8] Bootstrap tree #369, logLikelihood: -4645.751234
[00:00:40] [worker #15] Bootstrap tree #376, logLikelihood: -4574.833956
[00:00:40] [worker #11] Bootstrap tree #396, logLikelihood: -4422.125250
[00:00:40] [worker #1] Bootstrap tree #386, logLikelihood: -4557.983094
[00:00:40] [worker #7] Bootstrap tree #392, logLikelihood: -4570.447902
[00:00:40] [worker #18] Bootstrap tree #379, logLikelihood: -4590.830183
[00:00:41] [worker #9] Bootstrap tree #394, logLikelihood: -4637.537276
[00:00:41] [worker #16] Bootstrap tree #377, logLikelihood: -4407.502139
[00:00:41] [worker #12] Bootstrap tree #397, logLikelihood: -4540.454033
[00:00:41] [worker #20] Bootstrap tree #381, logLikelihood: -4677.564865
[00:00:41] [worker #10] Bootstrap tree #395, logLikelihood: -4633.537850
[00:00:41] [worker #14] Bootstrap tree #375, logLikelihood: -4538.380829
[00:00:41] [worker #6] Bootstrap tree #391, logLikelihood: -4502.032225
[00:00:41] [worker #0] Bootstrap tree #385, logLikelihood: -4719.883210
[00:00:41] [worker #5] Bootstrap tree #390, logLikelihood: -4652.647021
[00:00:41] [worker #21] Bootstrap tree #382, logLikelihood: -4650.841588
[00:00:41] [worker #3] Bootstrap tree #388, logLikelihood: -4771.502218
[00:00:41] [worker #17] Bootstrap tree #378, logLikelihood: -4694.135705
[00:00:41] [worker #4] Bootstrap tree #389, logLikelihood: -4434.031875
[00:00:41] [worker #13] Bootstrap tree #398, logLikelihood: -4824.707428
[00:00:41] [worker #19] Bootstrap tree #380, logLikelihood: -4554.823328
[00:00:41] [worker #23] Bootstrap tree #384, logLikelihood: -4633.451549
[00:00:41] [worker #2] Bootstrap tree #387, logLikelihood: -4721.568179
[00:00:41] [worker #22] Bootstrap tree #383, logLikelihood: -4666.999200
[00:00:42] [worker #15] Bootstrap tree #400, logLikelihood: -4469.031444
[00:00:42] [worker #8] Bootstrap tree #393, logLikelihood: -4797.109314
[00:00:43] [worker #14] Bootstrap tree #399, logLikelihood: -4525.711810
[00:00:44] [worker #1] Bootstrap tree #410, logLikelihood: -4737.627616
[00:00:44] [worker #0] Bootstrap tree #409, logLikelihood: -4657.640258
[00:00:44] [worker #18] Bootstrap tree #403, logLikelihood: -4670.591673
[00:00:44] [worker #9] Bootstrap tree #418, logLikelihood: -4669.826699
[00:00:44] [worker #15] Bootstrap tree #424, logLikelihood: -4726.774687
[00:00:44] [worker #16] Bootstrap tree #401, logLikelihood: -4704.643604
[00:00:44] [worker #3] Bootstrap tree #412, logLikelihood: -4575.195247
[00:00:44] [worker #21] Bootstrap tree #406, logLikelihood: -4589.640370
[00:00:44] [worker #12] Bootstrap tree #421, logLikelihood: -4628.421957
[00:00:44] [worker #2] Bootstrap tree #411, logLikelihood: -4623.322176
[00:00:44] [worker #14] Bootstrap tree #423, logLikelihood: -4550.466908
[00:00:44] [worker #4] Bootstrap tree #413, logLikelihood: -4628.983498
[00:00:44] [worker #22] Bootstrap tree #407, logLikelihood: -4484.754293
[00:00:44] [worker #20] Bootstrap tree #405, logLikelihood: -4590.071153
[00:00:44] [worker #23] Bootstrap tree #408, logLikelihood: -4716.894536
[00:00:44] [worker #17] Bootstrap tree #402, logLikelihood: -4655.887145
[00:00:44] [worker #6] Bootstrap tree #415, logLikelihood: -4693.916030
[00:00:44] [worker #5] Bootstrap tree #414, logLikelihood: -4692.994060
[00:00:45] [worker #7] Bootstrap tree #416, logLikelihood: -4711.892323
[00:00:45] [worker #11] Bootstrap tree #420, logLikelihood: -4571.891956
[00:00:45] [worker #10] Bootstrap tree #419, logLikelihood: -4669.546381
[00:00:45] [worker #13] Bootstrap tree #422, logLikelihood: -4605.139441
[00:00:45] [worker #19] Bootstrap tree #404, logLikelihood: -4704.321829
[00:00:45] [worker #1] Bootstrap tree #434, logLikelihood: -4509.859359
[00:00:45] [worker #8] Bootstrap tree #417, logLikelihood: -4605.926106
[00:00:45] [worker #0] Bootstrap tree #433, logLikelihood: -4758.836809
[00:00:46] [worker #4] Bootstrap tree #437, logLikelihood: -4607.284061
[00:00:46] [worker #16] Bootstrap tree #425, logLikelihood: -4502.475667
[00:00:46] [worker #15] Bootstrap tree #448, logLikelihood: -4747.481371
[00:00:46] [worker #9] Bootstrap tree #442, logLikelihood: -4526.846581
[00:00:46] [worker #2] Bootstrap tree #435, logLikelihood: -4765.064194
[00:00:46] [worker #18] Bootstrap tree #427, logLikelihood: -4615.769711
[00:00:46] [worker #3] Bootstrap tree #436, logLikelihood: -4425.626811
[00:00:46] [worker #20] Bootstrap tree #429, logLikelihood: -4586.718908
[00:00:46] [worker #14] Bootstrap tree #447, logLikelihood: -4578.213995
[00:00:46] [worker #21] Bootstrap tree #430, logLikelihood: -4561.251795
[00:00:46] [worker #12] Bootstrap tree #445, logLikelihood: -4657.344754
[00:00:46] [worker #23] Bootstrap tree #432, logLikelihood: -4734.315492
[00:00:46] [worker #7] Bootstrap tree #440, logLikelihood: -4733.821116
[00:00:46] [worker #17] Bootstrap tree #426, logLikelihood: -4396.118277
[00:00:46] [worker #5] Bootstrap tree #438, logLikelihood: -4721.314293
[00:00:46] [worker #6] Bootstrap tree #439, logLikelihood: -4555.742058
[00:00:46] [worker #13] Bootstrap tree #446, logLikelihood: -4636.386150
[00:00:46] [worker #11] Bootstrap tree #444, logLikelihood: -4771.140372
[00:00:46] [worker #19] Bootstrap tree #428, logLikelihood: -4525.815592
[00:00:47] [worker #10] Bootstrap tree #443, logLikelihood: -4562.617160
[00:00:47] [worker #8] Bootstrap tree #441, logLikelihood: -4798.200668
[00:00:47] [worker #22] Bootstrap tree #431, logLikelihood: -4617.074422
[00:00:47] [worker #16] Bootstrap tree #449, logLikelihood: -4524.346124
[00:00:48] [worker #17] Bootstrap tree #450, logLikelihood: -4695.714756
[00:00:50] [worker #13] Bootstrap tree #470, logLikelihood: -4597.427016
[00:00:50] [worker #2] Bootstrap tree #459, logLikelihood: -4578.868506
[00:00:50] [worker #20] Bootstrap tree #453, logLikelihood: -4609.541677
[00:00:50] [worker #18] Bootstrap tree #451, logLikelihood: -4677.796100
[00:00:50] [worker #3] Bootstrap tree #460, logLikelihood: -4528.739625
[00:00:50] [worker #6] Bootstrap tree #463, logLikelihood: -4452.220969
[00:00:50] [worker #16] Bootstrap tree #473, logLikelihood: -4730.367185
[00:00:50] [worker #10] Bootstrap tree #467, logLikelihood: -4739.676440
[00:00:50] [worker #9] Bootstrap tree #466, logLikelihood: -4674.124989
[00:00:50] [worker #12] Bootstrap tree #469, logLikelihood: -4762.983660
[00:00:50] [worker #0] Bootstrap tree #457, logLikelihood: -4581.673534
[00:00:50] [worker #4] Bootstrap tree #461, logLikelihood: -4602.254455
[00:00:50] [worker #11] Bootstrap tree #468, logLikelihood: -4768.775596
[00:00:50] [worker #14] Bootstrap tree #471, logLikelihood: -4780.940019
[00:00:50] [worker #1] Bootstrap tree #458, logLikelihood: -4638.577517
[00:00:50] [worker #8] Bootstrap tree #465, logLikelihood: -4478.417280
[00:00:50] [worker #21] Bootstrap tree #454, logLikelihood: -4785.131760
[00:00:50] [worker #5] Bootstrap tree #462, logLikelihood: -4658.226442
[00:00:50] [worker #15] Bootstrap tree #472, logLikelihood: -4448.671839
[00:00:50] [worker #7] Bootstrap tree #464, logLikelihood: -4648.753471
[00:00:50] [worker #17] Bootstrap tree #474, logLikelihood: -4576.378909
[00:00:50] [worker #19] Bootstrap tree #452, logLikelihood: -4711.763487
[00:00:51] [worker #23] Bootstrap tree #456, logLikelihood: -4550.497636
[00:00:51] [worker #22] Bootstrap tree #455, logLikelihood: -4745.467086
[00:00:51] [worker #18] Bootstrap tree #475, logLikelihood: -4640.529334
[00:00:51] [worker #2] Bootstrap tree #483, logLikelihood: -4681.545312
[00:00:51] [worker #20] Bootstrap tree #477, logLikelihood: -4804.578788
[00:00:51] [worker #13] Bootstrap tree #494, logLikelihood: -4494.443388
[00:00:51] [worker #10] Bootstrap tree #491, logLikelihood: -4595.362557
[00:00:51] [worker #12] Bootstrap tree #493, logLikelihood: -4684.348397
[00:00:51] [worker #6] Bootstrap tree #487, logLikelihood: -4610.846994
[00:00:51] [worker #21] Bootstrap tree #478, logLikelihood: -4717.697651
[00:00:51] [worker #1] Bootstrap tree #482, logLikelihood: -4727.354380
[00:00:51] [worker #0] Bootstrap tree #481, logLikelihood: -4464.923390
[00:00:52] [worker #16] Bootstrap tree #497, logLikelihood: -4513.559423
[00:00:52] [worker #11] Bootstrap tree #492, logLikelihood: -4719.212033
[00:00:52] [worker #4] Bootstrap tree #485, logLikelihood: -4441.948016
[00:00:52] [worker #15] Bootstrap tree #496, logLikelihood: -4782.831703
[00:00:52] [worker #8] Bootstrap tree #489, logLikelihood: -4550.778174
[00:00:52] [worker #5] Bootstrap tree #486, logLikelihood: -4548.790618
[00:00:52] [worker #3] Bootstrap tree #484, logLikelihood: -4686.416536
[00:00:52] [worker #9] Bootstrap tree #490, logLikelihood: -4745.215604
[00:00:52] [worker #7] Bootstrap tree #488, logLikelihood: -4663.656425
[00:00:52] [worker #14] Bootstrap tree #495, logLikelihood: -4658.076555
[00:00:52] [worker #19] Bootstrap tree #476, logLikelihood: -4574.426085
[00:00:52] [worker #17] Bootstrap tree #498, logLikelihood: -4628.702477
[00:00:52] [worker #22] Bootstrap tree #479, logLikelihood: -4589.163779
[00:00:53] [worker #18] Bootstrap tree #499, logLikelihood: -4611.438197
[00:00:53] [worker #23] Bootstrap tree #480, logLikelihood: -4623.233687
[00:00:53] [worker #19] Bootstrap tree #500, logLikelihood: -4492.145020
[00:00:55] [worker #16] Bootstrap tree #521, logLikelihood: -4552.437507
[00:00:55] [worker #22] Bootstrap tree #503, logLikelihood: -4589.652463
[00:00:55] [worker #4] Bootstrap tree #509, logLikelihood: -4565.941733
[00:00:55] [worker #8] Bootstrap tree #513, logLikelihood: -4545.890640
[00:00:55] [worker #10] Bootstrap tree #515, logLikelihood: -4563.047430
[00:00:55] [worker #12] Bootstrap tree #517, logLikelihood: -4491.903321
[00:00:55] [worker #2] Bootstrap tree #507, logLikelihood: -4556.747513
[00:00:55] [worker #1] Bootstrap tree #506, logLikelihood: -4678.943414
[00:00:55] [worker #0] Bootstrap tree #505, logLikelihood: -4612.371893
[00:00:55] [worker #13] Bootstrap tree #518, logLikelihood: -4496.724716
[00:00:55] [worker #21] Bootstrap tree #502, logLikelihood: -4874.449018
[00:00:55] [worker #9] Bootstrap tree #514, logLikelihood: -4581.159895
[00:00:55] [worker #3] Bootstrap tree #508, logLikelihood: -4462.569518
[00:00:55] [worker #19] Bootstrap tree #524, logLikelihood: -4541.024917
[00:00:55] [worker #15] Bootstrap tree #520, logLikelihood: -4680.039525
[00:00:55] [worker #20] Bootstrap tree #501, logLikelihood: -4448.404375
[00:00:55] [worker #6] Bootstrap tree #511, logLikelihood: -4520.456598
[00:00:55] [worker #11] Bootstrap tree #516, logLikelihood: -4565.470980
[00:00:55] [worker #18] Bootstrap tree #523, logLikelihood: -4591.725660
[00:00:55] [worker #7] Bootstrap tree #512, logLikelihood: -4625.143667
[00:00:55] [worker #17] Bootstrap tree #522, logLikelihood: -4710.896960
[00:00:55] [worker #14] Bootstrap tree #519, logLikelihood: -4428.952788
[00:00:55] [worker #5] Bootstrap tree #510, logLikelihood: -4680.745456
[00:00:56] [worker #23] Bootstrap tree #504, logLikelihood: -4787.885740
[00:00:56] [worker #22] Bootstrap tree #527, logLikelihood: -4562.587182
[00:00:56] [worker #8] Bootstrap tree #537, logLikelihood: -4421.135418
[00:00:56] [worker #10] Bootstrap tree #539, logLikelihood: -4719.759655
[00:00:56] [worker #19] Bootstrap tree #548, logLikelihood: -4559.676126
[00:00:56] [worker #16] Bootstrap tree #545, logLikelihood: -4636.977130
[00:00:56] [worker #2] Bootstrap tree #531, logLikelihood: -4534.041714
[00:00:56] [worker #1] Bootstrap tree #530, logLikelihood: -4558.924167
[00:00:56] [worker #3] Bootstrap tree #532, logLikelihood: -4640.295249
[00:00:56] [worker #6] Bootstrap tree #535, logLikelihood: -4436.011909
[00:00:56] [worker #4] Bootstrap tree #533, logLikelihood: -4687.595425
[00:00:56] [worker #12] Bootstrap tree #541, logLikelihood: -4667.811702
[00:00:56] [worker #11] Bootstrap tree #540, logLikelihood: -4678.551154
[00:00:56] [worker #0] Bootstrap tree #529, logLikelihood: -4578.446048
[00:00:56] [worker #9] Bootstrap tree #538, logLikelihood: -4684.322435
[00:00:56] [worker #18] Bootstrap tree #547, logLikelihood: -4878.998411
[00:00:56] [worker #17] Bootstrap tree #546, logLikelihood: -4629.351134
[00:00:57] [worker #15] Bootstrap tree #544, logLikelihood: -4523.101138
[00:00:57] [worker #21] Bootstrap tree #526, logLikelihood: -4583.244939
[00:00:57] [worker #14] Bootstrap tree #543, logLikelihood: -4699.460939
[00:00:57] [worker #5] Bootstrap tree #534, logLikelihood: -4639.818993
[00:00:57] [worker #20] Bootstrap tree #525, logLikelihood: -4668.615446
[00:00:57] [worker #7] Bootstrap tree #536, logLikelihood: -4643.636507
[00:00:57] [worker #13] Bootstrap tree #542, logLikelihood: -4605.178385
[00:00:57] [worker #23] Bootstrap tree #528, logLikelihood: -4597.368601
[00:00:58] [worker #21] Bootstrap tree #550, logLikelihood: -4648.124161
[00:00:58] [worker #20] Bootstrap tree #549, logLikelihood: -4517.167287
[00:00:59] [worker #1] Bootstrap tree #554, logLikelihood: -4666.693688
[00:01:00] [worker #13] Bootstrap tree #566, logLikelihood: -4586.257442
[00:01:00] [worker #20] Bootstrap tree #573, logLikelihood: -4559.905399
[00:01:00] [worker #19] Bootstrap tree #572, logLikelihood: -4527.623881
[00:01:00] [worker #18] Bootstrap tree #571, logLikelihood: -4497.305728
[00:01:00] [worker #4] Bootstrap tree #557, logLikelihood: -4534.458441
[00:01:00] [worker #22] Bootstrap tree #551, logLikelihood: -4625.292806
[00:01:00] [worker #14] Bootstrap tree #567, logLikelihood: -4565.263695
[00:01:00] [worker #0] Bootstrap tree #553, logLikelihood: -4558.903892
[00:01:00] [worker #7] Bootstrap tree #560, logLikelihood: -4655.887567
[00:01:00] [worker #23] Bootstrap tree #552, logLikelihood: -4662.824004
[00:01:00] [worker #3] Bootstrap tree #556, logLikelihood: -4603.348795
[00:01:00] [worker #6] Bootstrap tree #559, logLikelihood: -4599.835512
[00:01:00] [worker #16] Bootstrap tree #569, logLikelihood: -4655.131337
[00:01:00] [worker #12] Bootstrap tree #565, logLikelihood: -4530.635324
[00:01:00] [worker #21] Bootstrap tree #574, logLikelihood: -4793.557220
[00:01:00] [worker #2] Bootstrap tree #555, logLikelihood: -4459.811270
[00:01:00] [worker #17] Bootstrap tree #570, logLikelihood: -4570.394306
[00:01:00] [worker #15] Bootstrap tree #568, logLikelihood: -4695.124953
[00:01:00] [worker #11] Bootstrap tree #564, logLikelihood: -4725.031016
[00:01:00] [worker #10] Bootstrap tree #563, logLikelihood: -4593.548216
[00:01:00] [worker #9] Bootstrap tree #562, logLikelihood: -4606.376936
[00:01:00] [worker #5] Bootstrap tree #558, logLikelihood: -4561.879381
[00:01:00] [worker #8] Bootstrap tree #561, logLikelihood: -4560.520569
[00:01:01] [worker #4] Bootstrap tree #581, logLikelihood: -4592.858317
[00:01:01] [worker #20] Bootstrap tree #597, logLikelihood: -4658.526003
[00:01:01] [worker #7] Bootstrap tree #584, logLikelihood: -4618.158774
[00:01:01] [worker #22] Bootstrap tree #575, logLikelihood: -4594.036321
[00:01:01] [worker #1] Bootstrap tree #578, logLikelihood: -4535.830064
[00:01:01] [worker #21] Bootstrap tree #598, logLikelihood: -4221.229491
[00:01:01] [worker #6] Bootstrap tree #583, logLikelihood: -4481.206507
[00:01:01] [worker #16] Bootstrap tree #593, logLikelihood: -4541.962725
[00:01:01] [worker #19] Bootstrap tree #596, logLikelihood: -4583.162730
[00:01:01] [worker #14] Bootstrap tree #591, logLikelihood: -4562.570075
[00:01:01] [worker #15] Bootstrap tree #592, logLikelihood: -4623.405714
[00:01:01] [worker #2] Bootstrap tree #579, logLikelihood: -4631.726616
[00:01:01] [worker #13] Bootstrap tree #590, logLikelihood: -4590.824419
[00:01:01] [worker #11] Bootstrap tree #588, logLikelihood: -4459.524513
[00:01:01] [worker #10] Bootstrap tree #587, logLikelihood: -4775.056323
[00:01:01] [worker #9] Bootstrap tree #586, logLikelihood: -4511.805546
[00:01:01] [worker #3] Bootstrap tree #580, logLikelihood: -4678.417097
[00:01:01] [worker #5] Bootstrap tree #582, logLikelihood: -4585.268669
[00:01:01] [worker #23] Bootstrap tree #576, logLikelihood: -4839.107983
[00:01:01] [worker #0] Bootstrap tree #577, logLikelihood: -4726.000861
[00:01:01] [worker #18] Bootstrap tree #595, logLikelihood: -4745.993698
[00:01:02] [worker #17] Bootstrap tree #594, logLikelihood: -4782.304164
[00:01:02] [worker #12] Bootstrap tree #589, logLikelihood: -4658.539427
[00:01:02] [worker #8] Bootstrap tree #585, logLikelihood: -4575.709400
[00:01:03] [worker #22] Bootstrap tree #599, logLikelihood: -4490.238497
[00:01:03] [worker #23] Bootstrap tree #600, logLikelihood: -4526.863568
[00:01:04] [worker #2] Bootstrap tree #603, logLikelihood: -4741.209583
[00:01:04] [worker #1] Bootstrap tree #602, logLikelihood: -4585.387409
[00:01:04] [worker #22] Bootstrap tree #623, logLikelihood: -4728.989193
[00:01:04] [worker #5] Bootstrap tree #606, logLikelihood: -4551.769963
[00:01:04] [worker #6] Bootstrap tree #607, logLikelihood: -4573.133698
[00:01:04] [worker #23] Bootstrap tree #624, logLikelihood: -4625.711397
[00:01:04] [worker #4] Bootstrap tree #605, logLikelihood: -4424.232556
[00:01:04] [worker #10] Bootstrap tree #611, logLikelihood: -4736.401300
[00:01:04] [worker #16] Bootstrap tree #617, logLikelihood: -4466.183665
[00:01:04] [worker #17] Bootstrap tree #618, logLikelihood: -4545.960924
[00:01:04] [worker #9] Bootstrap tree #610, logLikelihood: -4551.140418
[00:01:04] [worker #8] Bootstrap tree #609, logLikelihood: -4677.264054
[00:01:04] [worker #19] Bootstrap tree #620, logLikelihood: -4738.364176
[00:01:04] [worker #15] Bootstrap tree #616, logLikelihood: -4471.408548
[00:01:04] [worker #3] Bootstrap tree #604, logLikelihood: -4608.118999
[00:01:04] [worker #13] Bootstrap tree #614, logLikelihood: -4669.187328
[00:01:04] [worker #12] Bootstrap tree #613, logLikelihood: -4902.906518
[00:01:04] [worker #11] Bootstrap tree #612, logLikelihood: -4655.945262
[00:01:04] [worker #0] Bootstrap tree #601, logLikelihood: -4778.883438
[00:01:04] [worker #18] Bootstrap tree #619, logLikelihood: -4569.668446
[00:01:05] [worker #14] Bootstrap tree #615, logLikelihood: -4794.185134
[00:01:05] [worker #20] Bootstrap tree #621, logLikelihood: -4515.298667
[00:01:05] [worker #21] Bootstrap tree #622, logLikelihood: -4589.509908
[00:01:05] [worker #7] Bootstrap tree #608, logLikelihood: -4707.363454
[00:01:05] [worker #22] Bootstrap tree #647, logLikelihood: -4529.987022
[00:01:05] [worker #2] Bootstrap tree #627, logLikelihood: -4675.870993
[00:01:05] [worker #6] Bootstrap tree #631, logLikelihood: -4776.044142
[00:01:06] [worker #19] Bootstrap tree #644, logLikelihood: -4629.611977
[00:01:06] [worker #23] Bootstrap tree #648, logLikelihood: -4715.097462
[00:01:06] [worker #9] Bootstrap tree #634, logLikelihood: -4416.686408
[00:01:06] [worker #10] Bootstrap tree #635, logLikelihood: -4652.067333
[00:01:06] [worker #3] Bootstrap tree #628, logLikelihood: -4731.168867
[00:01:06] [worker #0] Bootstrap tree #625, logLikelihood: -4490.168786
[00:01:06] [worker #5] Bootstrap tree #630, logLikelihood: -4671.693254
[00:01:06] [worker #8] Bootstrap tree #633, logLikelihood: -4384.278862
[00:01:06] [worker #4] Bootstrap tree #629, logLikelihood: -4558.842133
[00:01:06] [worker #16] Bootstrap tree #641, logLikelihood: -4439.992627
[00:01:06] [worker #11] Bootstrap tree #636, logLikelihood: -4679.591251
[00:01:06] [worker #15] Bootstrap tree #640, logLikelihood: -4764.082309
[00:01:06] [worker #1] Bootstrap tree #626, logLikelihood: -4785.132135
[00:01:06] [worker #18] Bootstrap tree #643, logLikelihood: -4512.292020
[00:01:06] [worker #17] Bootstrap tree #642, logLikelihood: -4710.115461
[00:01:06] [worker #13] Bootstrap tree #638, logLikelihood: -4593.032059
[00:01:06] [worker #20] Bootstrap tree #645, logLikelihood: -4768.854932
[00:01:06] [worker #12] Bootstrap tree #637, logLikelihood: -4588.030345
[00:01:06] [worker #21] Bootstrap tree #646, logLikelihood: -4768.885832
[00:01:06] [worker #7] Bootstrap tree #632, logLikelihood: -4550.189884
[00:01:07] [worker #14] Bootstrap tree #639, logLikelihood: -4810.416938
[00:01:07] [worker #0] Bootstrap tree #649, logLikelihood: -4566.623446
[00:01:08] [worker #1] Bootstrap tree #650, logLikelihood: -4678.143936
[00:01:09] [worker #5] Bootstrap tree #654, logLikelihood: -4596.506729
[00:01:09] [worker #0] Bootstrap tree #673, logLikelihood: -4723.867671
[00:01:09] [worker #12] Bootstrap tree #661, logLikelihood: -4518.210107
[00:01:09] [worker #3] Bootstrap tree #652, logLikelihood: -4555.454690
[00:01:09] [worker #1] Bootstrap tree #674, logLikelihood: -4505.592730
[00:01:09] [worker #20] Bootstrap tree #669, logLikelihood: -4646.088227
[00:01:09] [worker #11] Bootstrap tree #660, logLikelihood: -4652.362839
[00:01:09] [worker #10] Bootstrap tree #659, logLikelihood: -4468.426985
[00:01:09] [worker #23] Bootstrap tree #672, logLikelihood: -4711.050191
[00:01:09] [worker #22] Bootstrap tree #671, logLikelihood: -4672.604707
[00:01:09] [worker #7] Bootstrap tree #656, logLikelihood: -4810.754911
[00:01:09] [worker #13] Bootstrap tree #662, logLikelihood: -4623.176200
[00:01:09] [worker #2] Bootstrap tree #651, logLikelihood: -4634.472258
[00:01:09] [worker #14] Bootstrap tree #663, logLikelihood: -4631.942012
[00:01:09] [worker #6] Bootstrap tree #655, logLikelihood: -4502.956459
[00:01:09] [worker #15] Bootstrap tree #664, logLikelihood: -4672.902756
[00:01:09] [worker #17] Bootstrap tree #666, logLikelihood: -4537.935025
[00:01:09] [worker #16] Bootstrap tree #665, logLikelihood: -4751.002389
[00:01:09] [worker #19] Bootstrap tree #668, logLikelihood: -4554.606716
[00:01:09] [worker #18] Bootstrap tree #667, logLikelihood: -4563.466212
[00:01:09] [worker #21] Bootstrap tree #670, logLikelihood: -4701.634610
[00:01:09] [worker #9] Bootstrap tree #658, logLikelihood: -4445.773900
[00:01:09] [worker #4] Bootstrap tree #653, logLikelihood: -4454.836131
[00:01:09] [worker #8] Bootstrap tree #657, logLikelihood: -4458.949445
[00:01:10] [worker #23] Bootstrap tree #696, logLikelihood: -5052.517107
[00:01:10] [worker #11] Bootstrap tree #684, logLikelihood: -4498.712505
[00:01:10] [worker #5] Bootstrap tree #678, logLikelihood: -4704.403260
[00:01:10] [worker #1] Bootstrap tree #698, logLikelihood: -4543.232950
[00:01:10] [worker #10] Bootstrap tree #683, logLikelihood: -4669.658970
[00:01:10] [worker #17] Bootstrap tree #690, logLikelihood: -4380.626551
[00:01:10] [worker #0] Bootstrap tree #697, logLikelihood: -4622.311504
[00:01:10] [worker #3] Bootstrap tree #676, logLikelihood: -4519.014740
[00:01:10] [worker #7] Bootstrap tree #680, logLikelihood: -4670.322018
[00:01:10] [worker #12] Bootstrap tree #685, logLikelihood: -4727.355438
[00:01:11] [worker #13] Bootstrap tree #686, logLikelihood: -4683.157316
[00:01:11] [worker #6] Bootstrap tree #679, logLikelihood: -4631.178442
[00:01:11] [worker #22] Bootstrap tree #695, logLikelihood: -4510.423286
[00:01:11] [worker #9] Bootstrap tree #682, logLikelihood: -4599.690032
[00:01:11] [worker #4] Bootstrap tree #677, logLikelihood: -4797.326734
[00:01:11] [worker #21] Bootstrap tree #694, logLikelihood: -4816.357943
[00:01:11] [worker #15] Bootstrap tree #688, logLikelihood: -4713.631261
[00:01:11] [worker #2] Bootstrap tree #675, logLikelihood: -4617.118649
[00:01:11] [worker #20] Bootstrap tree #693, logLikelihood: -4739.187441
[00:01:11] [worker #14] Bootstrap tree #687, logLikelihood: -4584.064575
[00:01:11] [worker #16] Bootstrap tree #689, logLikelihood: -4596.438454
[00:01:11] [worker #18] Bootstrap tree #691, logLikelihood: -4673.323418
[00:01:11] [worker #8] Bootstrap tree #681, logLikelihood: -4530.594180
[00:01:11] [worker #19] Bootstrap tree #692, logLikelihood: -4711.466350
[00:01:12] [worker #3] Bootstrap tree #700, logLikelihood: -4932.507577
[00:01:12] [worker #2] Bootstrap tree #699, logLikelihood: -4605.060561
[00:01:13] [worker #8] Bootstrap tree #705, logLikelihood: -4669.640425
[00:01:14] [worker #18] Bootstrap tree #715, logLikelihood: -4715.094565
[00:01:14] [worker #19] Bootstrap tree #716, logLikelihood: -4750.060983
[00:01:14] [worker #10] Bootstrap tree #707, logLikelihood: -4664.593353
[00:01:14] [worker #9] Bootstrap tree #706, logLikelihood: -4635.260439
[00:01:14] [worker #13] Bootstrap tree #710, logLikelihood: -4519.049067
[00:01:14] [worker #1] Bootstrap tree #722, logLikelihood: -4508.158687
[00:01:14] [worker #22] Bootstrap tree #719, logLikelihood: -4771.778860
[00:01:14] [worker #12] Bootstrap tree #709, logLikelihood: -4585.509249
[00:01:14] [worker #15] Bootstrap tree #712, logLikelihood: -4574.952771
[00:01:14] [worker #2] Bootstrap tree #723, logLikelihood: -4575.906332
[00:01:14] [worker #4] Bootstrap tree #701, logLikelihood: -4517.475383
[00:01:14] [worker #6] Bootstrap tree #703, logLikelihood: -4719.720104
[00:01:14] [worker #7] Bootstrap tree #704, logLikelihood: -4673.955901
[00:01:14] [worker #21] Bootstrap tree #718, logLikelihood: -4723.850568
[00:01:14] [worker #20] Bootstrap tree #717, logLikelihood: -4752.524363
[00:01:14] [worker #17] Bootstrap tree #714, logLikelihood: -4683.443854
[00:01:14] [worker #14] Bootstrap tree #711, logLikelihood: -4516.454457
[00:01:14] [worker #11] Bootstrap tree #708, logLikelihood: -4562.583586
[00:01:14] [worker #5] Bootstrap tree #702, logLikelihood: -4732.823041
[00:01:14] [worker #23] Bootstrap tree #720, logLikelihood: -4453.437521
[00:01:14] [worker #16] Bootstrap tree #713, logLikelihood: -4649.360046
[00:01:14] [worker #0] Bootstrap tree #721, logLikelihood: -4644.169645
[00:01:14] [worker #3] Bootstrap tree #724, logLikelihood: -4647.847408
[00:01:15] [worker #8] Bootstrap tree #729, logLikelihood: -4587.036951
[00:01:15] [worker #9] Bootstrap tree #730, logLikelihood: -4638.298967
[00:01:15] [worker #13] Bootstrap tree #734, logLikelihood: -4489.961056
[00:01:15] [worker #10] Bootstrap tree #731, logLikelihood: -4671.698417
[00:01:15] [worker #7] Bootstrap tree #728, logLikelihood: -4643.052767
[00:01:15] [worker #22] Bootstrap tree #743, logLikelihood: -4637.379474
[00:01:15] [worker #19] Bootstrap tree #740, logLikelihood: -4587.226783
[00:01:15] [worker #1] Bootstrap tree #746, logLikelihood: -4869.148036
[00:01:15] [worker #20] Bootstrap tree #741, logLikelihood: -4727.480846
[00:01:15] [worker #17] Bootstrap tree #738, logLikelihood: -4520.355432
[00:01:15] [worker #12] Bootstrap tree #733, logLikelihood: -4528.625935
[00:01:15] [worker #14] Bootstrap tree #735, logLikelihood: -4604.165802
[00:01:15] [worker #2] Bootstrap tree #747, logLikelihood: -4486.377690
[00:01:15] [worker #15] Bootstrap tree #736, logLikelihood: -4542.572249
[00:01:15] [worker #21] Bootstrap tree #742, logLikelihood: -4682.309040
[00:01:15] [worker #4] Bootstrap tree #725, logLikelihood: -4797.803677
[00:01:15] [worker #23] Bootstrap tree #744, logLikelihood: -4574.532287
[00:01:15] [worker #6] Bootstrap tree #727, logLikelihood: -4665.321263
[00:01:15] [worker #11] Bootstrap tree #732, logLikelihood: -4756.179612
[00:01:16] [worker #5] Bootstrap tree #726, logLikelihood: -4548.849078
[00:01:16] [worker #16] Bootstrap tree #737, logLikelihood: -4610.574857
[00:01:16] [worker #0] Bootstrap tree #745, logLikelihood: -4595.519067
[00:01:16] [worker #18] Bootstrap tree #739, logLikelihood: -4570.877736
[00:01:16] [worker #3] Bootstrap tree #748, logLikelihood: -4672.160237
[00:01:17] [worker #4] Bootstrap tree #749, logLikelihood: -4540.455000
[00:01:17] [worker #5] Bootstrap tree #750, logLikelihood: -4570.102322
[00:01:18] [worker #18] Bootstrap tree #763, logLikelihood: -4510.457838
[00:01:18] [worker #1] Bootstrap tree #770, logLikelihood: -4687.303185
[00:01:18] [worker #6] Bootstrap tree #751, logLikelihood: -4786.294705
[00:01:18] [worker #8] Bootstrap tree #753, logLikelihood: -4437.754824
[00:01:18] [worker #23] Bootstrap tree #768, logLikelihood: -4619.105695
[00:01:18] [worker #22] Bootstrap tree #767, logLikelihood: -4625.216320
[00:01:18] [worker #7] Bootstrap tree #752, logLikelihood: -4547.951471
[00:01:19] [worker #4] Bootstrap tree #773, logLikelihood: -4576.422857
[00:01:19] [worker #16] Bootstrap tree #761, logLikelihood: -4620.134091
[00:01:19] [worker #19] Bootstrap tree #764, logLikelihood: -4798.955360
[00:01:19] [worker #15] Bootstrap tree #760, logLikelihood: -4710.003574
[00:01:19] [worker #20] Bootstrap tree #765, logLikelihood: -4755.124625
[00:01:19] [worker #21] Bootstrap tree #766, logLikelihood: -4534.839106
[00:01:19] [worker #10] Bootstrap tree #755, logLikelihood: -4613.473651
[00:01:19] [worker #11] Bootstrap tree #756, logLikelihood: -4622.081415
[00:01:19] [worker #13] Bootstrap tree #758, logLikelihood: -4622.770677
[00:01:19] [worker #2] Bootstrap tree #771, logLikelihood: -4668.230453
[00:01:19] [worker #9] Bootstrap tree #754, logLikelihood: -4824.640286
[00:01:19] [worker #5] Bootstrap tree #774, logLikelihood: -4700.674645
[00:01:19] [worker #12] Bootstrap tree #757, logLikelihood: -4665.260905
[00:01:19] [worker #14] Bootstrap tree #759, logLikelihood: -4757.349168
[00:01:19] [worker #17] Bootstrap tree #762, logLikelihood: -4506.622602
[00:01:19] [worker #3] Bootstrap tree #772, logLikelihood: -4550.759976
[00:01:20] [worker #0] Bootstrap tree #769, logLikelihood: -4570.480527
[00:01:20] [worker #6] Bootstrap tree #775, logLikelihood: -4421.549984
[00:01:20] [worker #8] Bootstrap tree #777, logLikelihood: -4657.454631
[00:01:20] [worker #19] Bootstrap tree #788, logLikelihood: -4331.772906
[00:01:20] [worker #21] Bootstrap tree #790, logLikelihood: -4903.153704
[00:01:20] [worker #20] Bootstrap tree #789, logLikelihood: -4679.948573
[00:01:20] [worker #22] Bootstrap tree #791, logLikelihood: -4531.239042
[00:01:20] [worker #18] Bootstrap tree #787, logLikelihood: -4768.500274
[00:01:20] [worker #13] Bootstrap tree #782, logLikelihood: -4630.664658
[00:01:20] [worker #11] Bootstrap tree #780, logLikelihood: -4637.906484
[00:01:20] [worker #15] Bootstrap tree #784, logLikelihood: -4611.634567
[00:01:20] [worker #16] Bootstrap tree #785, logLikelihood: -4444.656056
[00:01:20] [worker #23] Bootstrap tree #792, logLikelihood: -4721.549072
[00:01:20] [worker #1] Bootstrap tree #794, logLikelihood: -4666.507374
[00:01:20] [worker #9] Bootstrap tree #778, logLikelihood: -4729.179843
[00:01:20] [worker #7] Bootstrap tree #776, logLikelihood: -4653.322310
[00:01:20] [worker #5] Bootstrap tree #798, logLikelihood: -4622.950040
[00:01:20] [worker #12] Bootstrap tree #781, logLikelihood: -4609.541609
[00:01:21] [worker #2] Bootstrap tree #795, logLikelihood: -4567.334088
[00:01:21] [worker #4] Bootstrap tree #797, logLikelihood: -4727.564422
[00:01:21] [worker #17] Bootstrap tree #786, logLikelihood: -4701.378423
[00:01:21] [worker #10] Bootstrap tree #779, logLikelihood: -4521.171727
[00:01:21] [worker #0] Bootstrap tree #793, logLikelihood: -4546.740292
[00:01:21] [worker #14] Bootstrap tree #783, logLikelihood: -4741.547103
[00:01:21] [worker #6] Bootstrap tree #799, logLikelihood: -4485.399577
[00:01:22] [worker #3] Bootstrap tree #796, logLikelihood: -4507.824832
[00:01:22] [worker #7] Bootstrap tree #800, logLikelihood: -4703.518999
[00:01:23] [worker #1] Bootstrap tree #818, logLikelihood: -4618.063182
[00:01:23] [worker #19] Bootstrap tree #812, logLikelihood: -4650.648299
[00:01:23] [worker #21] Bootstrap tree #814, logLikelihood: -4699.739192
[00:01:23] [worker #0] Bootstrap tree #817, logLikelihood: -4491.129480
[00:01:23] [worker #17] Bootstrap tree #810, logLikelihood: -4618.187624
[00:01:23] [worker #3] Bootstrap tree #820, logLikelihood: -4608.102745
[00:01:23] [worker #12] Bootstrap tree #805, logLikelihood: -4821.498447
[00:01:23] [worker #7] Bootstrap tree #824, logLikelihood: -4688.042911
[00:01:23] [worker #15] Bootstrap tree #808, logLikelihood: -4661.014223
[00:01:23] [worker #22] Bootstrap tree #815, logLikelihood: -4364.794975
[00:01:23] [worker #5] Bootstrap tree #822, logLikelihood: -4639.769836
[00:01:23] [worker #2] Bootstrap tree #819, logLikelihood: -4526.548407
[00:01:23] [worker #6] Bootstrap tree #823, logLikelihood: -4689.243392
[00:01:23] [worker #8] Bootstrap tree #801, logLikelihood: -4785.722747
[00:01:23] [worker #10] Bootstrap tree #803, logLikelihood: -4806.593997
[00:01:23] [worker #14] Bootstrap tree #807, logLikelihood: -4617.670232
[00:01:23] [worker #13] Bootstrap tree #806, logLikelihood: -4627.669651
[00:01:23] [worker #23] Bootstrap tree #816, logLikelihood: -4802.277648
[00:01:23] [worker #16] Bootstrap tree #809, logLikelihood: -4610.082088
[00:01:23] [worker #11] Bootstrap tree #804, logLikelihood: -4617.182388
[00:01:24] [worker #4] Bootstrap tree #821, logLikelihood: -4463.602495
[00:01:24] [worker #9] Bootstrap tree #802, logLikelihood: -4538.330541
[00:01:24] [worker #20] Bootstrap tree #813, logLikelihood: -4677.811312
[00:01:24] [worker #18] Bootstrap tree #811, logLikelihood: -4583.973599
[00:01:24] [worker #1] Bootstrap tree #842, logLikelihood: -4669.104020
[00:01:24] [worker #3] Bootstrap tree #844, logLikelihood: -4654.124698
[00:01:24] [worker #0] Bootstrap tree #841, logLikelihood: -4521.618361
[00:01:24] [worker #21] Bootstrap tree #838, logLikelihood: -4383.404833
[00:01:24] [worker #12] Bootstrap tree #829, logLikelihood: -4599.996438
[00:01:25] [worker #8] Bootstrap tree #825, logLikelihood: -4486.483106
[00:01:25] [worker #7] Bootstrap tree #848, logLikelihood: -4478.298376
[00:01:25] [worker #2] Bootstrap tree #843, logLikelihood: -4660.598830
[00:01:25] [worker #19] Bootstrap tree #836, logLikelihood: -4677.981481
[00:01:25] [worker #17] Bootstrap tree #834, logLikelihood: -4492.949329
[00:01:25] [worker #13] Bootstrap tree #830, logLikelihood: -4638.378834
[00:01:25] [worker #22] Bootstrap tree #839, logLikelihood: -4575.188799
[00:01:25] [worker #6] Bootstrap tree #847, logLikelihood: -4771.186329
[00:01:25] [worker #5] Bootstrap tree #846, logLikelihood: -4604.985119
[00:01:25] [worker #15] Bootstrap tree #832, logLikelihood: -4648.940275
[00:01:25] [worker #10] Bootstrap tree #827, logLikelihood: -4692.717589
[00:01:25] [worker #4] Bootstrap tree #845, logLikelihood: -4795.983723
[00:01:25] [worker #14] Bootstrap tree #831, logLikelihood: -4588.606130
[00:01:25] [worker #16] Bootstrap tree #833, logLikelihood: -4404.049619
[00:01:25] [worker #20] Bootstrap tree #837, logLikelihood: -4615.315191
[00:01:25] [worker #11] Bootstrap tree #828, logLikelihood: -4747.415311
[00:01:25] [worker #9] Bootstrap tree #826, logLikelihood: -4542.403712
[00:01:25] [worker #18] Bootstrap tree #835, logLikelihood: -4836.686358
[00:01:25] [worker #23] Bootstrap tree #840, logLikelihood: -4534.336709
[00:01:26] [worker #8] Bootstrap tree #849, logLikelihood: -4574.789852
[00:01:27] [worker #9] Bootstrap tree #850, logLikelihood: -4612.302620
[00:01:28] [worker #13] Bootstrap tree #854, logLikelihood: -4713.448875
[00:01:28] [worker #15] Bootstrap tree #856, logLikelihood: -4665.693632
[00:01:28] [worker #21] Bootstrap tree #862, logLikelihood: -4414.164342
[00:01:28] [worker #4] Bootstrap tree #869, logLikelihood: -4527.037488
[00:01:28] [worker #16] Bootstrap tree #857, logLikelihood: -4587.495038
[00:01:28] [worker #10] Bootstrap tree #851, logLikelihood: -4714.653044
[00:01:28] [worker #9] Bootstrap tree #874, logLikelihood: -4615.695739
[00:01:28] [worker #7] Bootstrap tree #872, logLikelihood: -4487.686718
[00:01:28] [worker #11] Bootstrap tree #852, logLikelihood: -4486.360148
[00:01:28] [worker #17] Bootstrap tree #858, logLikelihood: -4510.792159
[00:01:28] [worker #14] Bootstrap tree #855, logLikelihood: -4769.525984
[00:01:28] [worker #20] Bootstrap tree #861, logLikelihood: -4573.813107
[00:01:29] [worker #0] Bootstrap tree #865, logLikelihood: -4646.988600
[00:01:29] [worker #12] Bootstrap tree #853, logLikelihood: -4718.230541
[00:01:29] [worker #2] Bootstrap tree #867, logLikelihood: -4524.737052
[00:01:29] [worker #6] Bootstrap tree #871, logLikelihood: -4611.401063
[00:01:29] [worker #18] Bootstrap tree #859, logLikelihood: -4559.123754
[00:01:29] [worker #8] Bootstrap tree #873, logLikelihood: -4741.805448
[00:01:29] [worker #1] Bootstrap tree #866, logLikelihood: -4695.319562
[00:01:29] [worker #3] Bootstrap tree #868, logLikelihood: -4621.100748
[00:01:29] [worker #22] Bootstrap tree #863, logLikelihood: -4566.869005
[00:01:29] [worker #19] Bootstrap tree #860, logLikelihood: -4502.854031
[00:01:29] [worker #23] Bootstrap tree #864, logLikelihood: -4647.272199
[00:01:29] [worker #5] Bootstrap tree #870, logLikelihood: -4602.682036
[00:01:29] [worker #9] Bootstrap tree #898, logLikelihood: -4676.922100
[00:01:30] [worker #4] Bootstrap tree #893, logLikelihood: -4492.511000
[00:01:30] [worker #15] Bootstrap tree #880, logLikelihood: -4731.383424
[00:01:30] [worker #21] Bootstrap tree #886, logLikelihood: -4696.008073
[00:01:30] [worker #10] Bootstrap tree #875, logLikelihood: -4711.796855
[00:01:30] [worker #11] Bootstrap tree #876, logLikelihood: -4715.884889
[00:01:30] [worker #20] Bootstrap tree #885, logLikelihood: -4698.231408
[00:01:30] [worker #13] Bootstrap tree #878, logLikelihood: -4626.962251
[00:01:30] [worker #7] Bootstrap tree #896, logLikelihood: -4543.256245
[00:01:30] [worker #16] Bootstrap tree #881, logLikelihood: -4626.291716
[00:01:30] [worker #3] Bootstrap tree #892, logLikelihood: -4590.759880
[00:01:30] [worker #17] Bootstrap tree #882, logLikelihood: -4609.683396
[00:01:30] [worker #2] Bootstrap tree #891, logLikelihood: -4760.754221
[00:01:30] [worker #12] Bootstrap tree #877, logLikelihood: -4750.103807
[00:01:30] [worker #14] Bootstrap tree #879, logLikelihood: -4803.320552
[00:01:30] [worker #8] Bootstrap tree #897, logLikelihood: -4757.481261
[00:01:30] [worker #0] Bootstrap tree #889, logLikelihood: -4724.916780
[00:01:30] [worker #22] Bootstrap tree #887, logLikelihood: -4445.350421
[00:01:30] [worker #23] Bootstrap tree #888, logLikelihood: -4524.560166
[00:01:30] [worker #6] Bootstrap tree #895, logLikelihood: -4658.250613
[00:01:30] [worker #19] Bootstrap tree #884, logLikelihood: -4748.131950
[00:01:31] [worker #1] Bootstrap tree #890, logLikelihood: -4704.095386
[00:01:31] [worker #5] Bootstrap tree #894, logLikelihood: -4642.581103
[00:01:31] [worker #18] Bootstrap tree #883, logLikelihood: -4730.475365
[00:01:31] [worker #11] Bootstrap tree #900, logLikelihood: -4506.171940
[00:01:31] [worker #10] Bootstrap tree #899, logLikelihood: -4508.523421
[00:01:32] [worker #14] Bootstrap tree #903, logLikelihood: -4461.532627
[00:01:32] [worker #20] Bootstrap tree #909, logLikelihood: -4683.330446
[00:01:32] [worker #1] Bootstrap tree #914, logLikelihood: -4351.468774
[00:01:32] [worker #4] Bootstrap tree #917, logLikelihood: -4634.347120
[00:01:33] [worker #7] Bootstrap tree #920, logLikelihood: -4751.173097
[00:01:33] [worker #21] Bootstrap tree #910, logLikelihood: -4480.778074
[00:01:33] [worker #23] Bootstrap tree #912, logLikelihood: -4662.291712
[00:01:33] [worker #12] Bootstrap tree #901, logLikelihood: -4338.390844
[00:01:33] [worker #3] Bootstrap tree #916, logLikelihood: -4854.871468
[00:01:33] [worker #2] Bootstrap tree #915, logLikelihood: -4710.465964
[00:01:33] [worker #11] Bootstrap tree #924, logLikelihood: -4416.362664
[00:01:33] [worker #10] Bootstrap tree #923, logLikelihood: -4555.321317
[00:01:33] [worker #18] Bootstrap tree #907, logLikelihood: -4710.721183
[00:01:33] [worker #13] Bootstrap tree #902, logLikelihood: -4806.468249
[00:01:33] [worker #17] Bootstrap tree #906, logLikelihood: -4523.590298
[00:01:33] [worker #5] Bootstrap tree #918, logLikelihood: -4632.430233
[00:01:33] [worker #0] Bootstrap tree #913, logLikelihood: -4606.592308
[00:01:33] [worker #6] Bootstrap tree #919, logLikelihood: -4680.471541
[00:01:33] [worker #22] Bootstrap tree #911, logLikelihood: -4572.999112
[00:01:33] [worker #16] Bootstrap tree #905, logLikelihood: -4485.057346
[00:01:33] [worker #9] Bootstrap tree #922, logLikelihood: -4498.109991
[00:01:33] [worker #8] Bootstrap tree #921, logLikelihood: -4673.740149
[00:01:33] [worker #19] Bootstrap tree #908, logLikelihood: -4617.690772
[00:01:34] [worker #4] Bootstrap tree #941, logLikelihood: -4533.637643
[00:01:34] [worker #20] Bootstrap tree #933, logLikelihood: -4680.481395
[00:01:34] [worker #21] Bootstrap tree #934, logLikelihood: -4559.542712
[00:01:34] [worker #7] Bootstrap tree #944, logLikelihood: -4595.813381
[00:01:34] [worker #12] Bootstrap tree #925, logLikelihood: -4449.135025
[00:01:34] [worker #15] Bootstrap tree #904, logLikelihood: -4710.590844
[00:01:34] [worker #3] Bootstrap tree #940, logLikelihood: -4647.980714
[00:01:34] [worker #18] Bootstrap tree #931, logLikelihood: -4719.921092
[00:01:34] [worker #14] Bootstrap tree #927, logLikelihood: -4740.780319
[00:01:34] [worker #17] Bootstrap tree #930, logLikelihood: -4630.081317
[00:01:34] [worker #1] Bootstrap tree #938, logLikelihood: -4618.408763
[00:01:34] [worker #2] Bootstrap tree #939, logLikelihood: -4563.712482
[00:01:34] [worker #11] Bootstrap tree #948, logLikelihood: -4783.445611
[00:01:34] [worker #9] Bootstrap tree #946, logLikelihood: -4491.360432
[00:01:34] [worker #0] Bootstrap tree #937, logLikelihood: -4839.746509
[00:01:34] [worker #23] Bootstrap tree #936, logLikelihood: -4679.757780
[00:01:34] [worker #6] Bootstrap tree #943, logLikelihood: -4617.845884
[00:01:34] [worker #10] Bootstrap tree #947, logLikelihood: -4640.955987
[00:01:34] [worker #13] Bootstrap tree #926, logLikelihood: -4626.041169
[00:01:34] [worker #19] Bootstrap tree #932, logLikelihood: -4739.367700
[00:01:34] [worker #22] Bootstrap tree #935, logLikelihood: -4488.841407
[00:01:34] [worker #16] Bootstrap tree #929, logLikelihood: -4673.894016
[00:01:34] [worker #8] Bootstrap tree #945, logLikelihood: -4716.383329
[00:01:35] [worker #5] Bootstrap tree #942, logLikelihood: -4490.120775
[00:01:36] [worker #15] Bootstrap tree #928, logLikelihood: -4640.913576
[00:01:36] [worker #13] Bootstrap tree #950, logLikelihood: -4476.605622
[00:01:36] [worker #12] Bootstrap tree #949, logLikelihood: -4642.952745
[00:01:37] [worker #1] Bootstrap tree #962, logLikelihood: -4579.610041
[00:01:37] [worker #9] Bootstrap tree #970, logLikelihood: -4569.333435
[00:01:37] [worker #13] Bootstrap tree #974, logLikelihood: -4618.309586
[00:01:37] [worker #19] Bootstrap tree #956, logLikelihood: -4622.438085
[00:01:37] [worker #12] Bootstrap tree #973, logLikelihood: -4576.849270
[00:01:37] [worker #16] Bootstrap tree #953, logLikelihood: -4376.869170
[00:01:37] [worker #10] Bootstrap tree #971, logLikelihood: -4607.465717
[00:01:37] [worker #17] Bootstrap tree #954, logLikelihood: -4651.212112
[00:01:37] [worker #4] Bootstrap tree #965, logLikelihood: -4697.609083
[00:01:37] [worker #22] Bootstrap tree #959, logLikelihood: -4667.590838
[00:01:37] [worker #2] Bootstrap tree #963, logLikelihood: -4826.769169
[00:01:37] [worker #15] Bootstrap tree #952, logLikelihood: -4530.376319
[00:01:37] [worker #8] Bootstrap tree #969, logLikelihood: -4561.225754
[00:01:38] [worker #5] Bootstrap tree #966, logLikelihood: -4523.073340
[00:01:38] [worker #0] Bootstrap tree #961, logLikelihood: -4442.586587
[00:01:38] [worker #14] Bootstrap tree #951, logLikelihood: -4614.019601
[00:01:38] [worker #21] Bootstrap tree #958, logLikelihood: -4803.093888
[00:01:38] [worker #6] Bootstrap tree #967, logLikelihood: -4614.278539
[00:01:38] [worker #11] Bootstrap tree #972, logLikelihood: -4622.941871
[00:01:38] [worker #20] Bootstrap tree #957, logLikelihood: -4483.165841
[00:01:38] [worker #23] Bootstrap tree #960, logLikelihood: -4626.531953
[00:01:38] [worker #7] Bootstrap tree #968, logLikelihood: -4687.575910
[00:01:38] [worker #18] Bootstrap tree #955, logLikelihood: -4677.604575
[00:01:38] [worker #3] Bootstrap tree #964, logLikelihood: -4717.282244
[00:01:38] [worker #9] Bootstrap tree #994, logLikelihood: -4491.412800
[00:01:39] [worker #1] Bootstrap tree #986, logLikelihood: -4671.655037
[00:01:39] [worker #21] Bootstrap tree #982, logLikelihood: -4663.687490
[00:01:39] [worker #13] Bootstrap tree #998, logLikelihood: -4546.133093
[00:01:39] [worker #18] Bootstrap tree #979, logLikelihood: -4525.948234
[00:01:39] [worker #8] Bootstrap tree #993, logLikelihood: -4819.705925
[00:01:39] [worker #16] Bootstrap tree #977, logLikelihood: -4563.078058
[00:01:39] [worker #15] Bootstrap tree #976, logLikelihood: -4582.272146
[00:01:39] [worker #2] Bootstrap tree #987, logLikelihood: -4608.050177
[00:01:39] [worker #0] Bootstrap tree #985, logLikelihood: -4659.037591
[00:01:39] [worker #6] Bootstrap tree #991, logLikelihood: -4887.050730
[00:01:39] [worker #11] Bootstrap tree #996, logLikelihood: -4618.375245
[00:01:39] [worker #12] Bootstrap tree #997, logLikelihood: -4490.584684
[00:01:39] [worker #5] Bootstrap tree #990, logLikelihood: -4782.212487
[00:01:39] [worker #10] Bootstrap tree #995, logLikelihood: -4731.516064
[00:01:39] [worker #20] Bootstrap tree #981, logLikelihood: -4508.574657
[00:01:39] [worker #19] Bootstrap tree #980, logLikelihood: -4585.258552
[00:01:39] [worker #14] Bootstrap tree #975, logLikelihood: -4779.005081
[00:01:39] [worker #23] Bootstrap tree #984, logLikelihood: -4561.982584
[00:01:40] [worker #4] Bootstrap tree #989, logLikelihood: -4692.423440
[00:01:40] [worker #7] Bootstrap tree #992, logLikelihood: -4690.282030
[00:01:40] [worker #3] Bootstrap tree #988, logLikelihood: -4597.652859
[00:01:40] [worker #22] Bootstrap tree #983, logLikelihood: -4722.300601
[00:01:40] [worker #17] Bootstrap tree #978, logLikelihood: -4697.370466
[00:01:41] [worker #15] Bootstrap tree #1000, logLikelihood: -4621.200769
[00:01:41] [worker #14] Bootstrap tree #999, logLikelihood: -4497.956397

Optimized model parameters:

   Partition 0: noname
   Rate heterogeneity: GAMMA (4 cats, mean),  alpha: 2.799431 (ML),  weights&rates: (0.250000,0.373125) (0.250000,0.719781) (0.250000,1.081329) (0.250000,1.825765) 
   Base frequencies (model): 0.075500 0.062100 0.041000 0.037100 0.009100 0.038200 0.049500 0.083800 0.024600 0.080600 0.101100 0.050400 0.022000 0.050600 0.043100 0.062200 0.054300 0.018100 0.030700 0.066000 
   Substitution rates (model): 105.000000 227.000000 175.000000 669.000000 157.000000 499.000000 665.000000 66.000000 145.000000 197.000000 236.000000 185.000000 68.000000 490.000000 2440.000000 1340.000000 14.000000 56.000000 968.000000 357.000000 43.000000 823.000000 1745.000000 152.000000 243.000000 715.000000 136.000000 203.000000 4482.000000 125.000000 53.000000 87.000000 385.000000 314.000000 230.000000 323.000000 92.000000 4435.000000 538.000000 768.000000 1055.000000 653.000000 1405.000000 168.000000 113.000000 2430.000000 61.000000 97.000000 173.000000 2085.000000 1393.000000 40.000000 754.000000 83.000000 10.000000 400.000000 3691.000000 431.000000 331.000000 10.000000 10.000000 412.000000 47.000000 22.000000 170.000000 590.000000 266.000000 18.000000 281.000000 75.000000 10.000000 10.000000 303.000000 441.000000 280.000000 396.000000 48.000000 159.000000 726.000000 285.000000 2331.000000 576.000000 435.000000 1466.000000 592.000000 3122.000000 133.000000 1269.000000 92.000000 286.000000 3313.000000 202.000000 10.000000 323.000000 396.000000 241.000000 53.000000 391.000000 54.000000 379.000000 162.000000 148.000000 82.000000 2629.000000 113.000000 145.000000 185.000000 568.000000 369.000000 63.000000 142.000000 200.000000 19.000000 40.000000 20.000000 263.000000 21.000000 25.000000 28.000000 691.000000 92.000000 82.000000 10.000000 91.000000 29.000000 66.000000 305.000000 10.000000 127.000000 152.000000 303.000000 32.000000 69.000000 1971.000000 25.000000 1745.000000 345.000000 1772.000000 454.000000 117.000000 216.000000 1040.000000 42.000000 89.000000 4797.000000 218.000000 1351.000000 1268.000000 219.000000 516.000000 156.000000 159.000000 189.000000 865.000000 193.000000 72.000000 302.000000 868.000000 918.000000 10.000000 247.000000 249.000000 327.000000 100.000000 93.000000 645.000000 86.000000 215.000000 475.000000 43.000000 487.000000 148.000000 468.000000 2370.000000 317.000000 1202.000000 260.000000 49.000000 97.000000 122.000000 2151.000000 73.000000 522.000000 167.000000 29.000000 71.000000 760.000000 346.000000 10.000000 119.000000 


Final LogLikelihood: -4638.991562

AIC score: 9341.983124 / AICc score: 9353.217166 / BIC score: 9450.724330
Free parameters (model + branch lengths): 32

WARNING: Best ML tree contains 1 near-zero branches!

Best ML tree with collapsed near-zero branches saved to: /scratch/richon/Cif_pair/cifB.raxml.bestTreeCollapsed
Best ML tree saved to: /scratch/richon/Cif_pair/cifB.raxml.bestTree
All ML trees saved to: /scratch/richon/Cif_pair/cifB.raxml.mlTrees
Best ML tree with Felsenstein bootstrap (FBP) support values saved to: /scratch/richon/Cif_pair/cifB.raxml.support
Optimized model saved to: /scratch/richon/Cif_pair/cifB.raxml.bestModel
Bootstrap trees saved to: /scratch/richon/Cif_pair/cifB.raxml.bootstraps

Execution log saved to: /scratch/richon/Cif_pair/cifB.raxml.log

Analysis started: 22-Apr-2026 16:45:53 / finished: 22-Apr-2026 16:47:34

Elapsed time: 101.373 seconds

